DEB [20230125-20:20:24.684] thr=1   paramiko.transport: starting thread (client mode): 0xdf14e970
DEB [20230125-20:20:24.685] thr=1   paramiko.transport: Local version/idstring: SSH-2.0-paramiko_2.8.1
DEB [20230125-20:20:31.809] thr=1   paramiko.transport: Remote version/idstring: SSH-2.0-paramiko_2.8.1
INF [20230125-20:20:31.809] thr=1   paramiko.transport: Connected (version 2.0, client paramiko_2.8.1)
DEB [20230125-20:20:31.866] thr=1   paramiko.transport: kex algos:['gss-gex-sha1-toWM5Slw5Ew8Mqkay+al2g==', 'gss-group14-sha1-toWM5Slw5Ew8Mqkay+al2g==', 'gss-group1-sha1-toWM5Slw5Ew8Mqkay+al2g==', 'curve25519-sha256@libssh.org', 'ecdh-sha2-nistp256', 'ecdh-sha2-nistp384', 'ecdh-sha2-nistp521', 'diffie-hellman-group16-sha512', 'diffie-hellman-group14-sha256', 'diffie-hellman-group14-sha1', 'diffie-hellman-group1-sha1'] server key:['ssh-rsa'] client encrypt:['aes128-ctr', 'aes192-ctr', 'aes256-ctr', 'aes128-cbc', 'aes192-cbc', 'aes256-cbc', 'blowfish-cbc', '3des-cbc'] server encrypt:['aes128-ctr', 'aes192-ctr', 'aes256-ctr', 'aes128-cbc', 'aes192-cbc', 'aes256-cbc', 'blowfish-cbc', '3des-cbc'] client mac:['hmac-sha2-256', 'hmac-sha2-512', 'hmac-sha2-256-etm@openssh.com', 'hmac-sha2-512-etm@openssh.com', 'hmac-sha1', 'hmac-md5', 'hmac-sha1-96', 'hmac-md5-96'] server mac:['hmac-sha2-256', 'hmac-sha2-512', 'hmac-sha2-256-etm@openssh.com', 'hmac-sha2-512-etm@openssh.com', 'hmac-sha1', 'hmac-md5', 'hmac-sha1-96', 'hmac-md5-96'] client compress:['none'] server compress:['none'] client lang:[''] server lang:[''] kex follows?False
DEB [20230125-20:20:31.868] thr=1   paramiko.transport: Kex agreed: curve25519-sha256@libssh.org
DEB [20230125-20:20:31.868] thr=1   paramiko.transport: HostKey agreed: ssh-rsa
DEB [20230125-20:20:31.868] thr=1   paramiko.transport: Cipher agreed: aes128-ctr
DEB [20230125-20:20:31.868] thr=1   paramiko.transport: MAC agreed: hmac-sha2-256
DEB [20230125-20:20:31.869] thr=1   paramiko.transport: Compression agreed: none
DEB [20230125-20:20:32.029] thr=1   paramiko.transport: kex engine KexCurve25519 specified hash_algo <built-in function openssl_sha256>
DEB [20230125-20:20:32.030] thr=1   paramiko.transport: Switch to new keys ...
DEB [20230125-20:20:46.658] thr=1   paramiko.transport: userauth is OK
INF [20230125-20:20:46.718] thr=1   paramiko.transport: Authentication (password) successful!
DEB [20230125-20:20:46.719] thr=2   paramiko.transport: [chan 0] Max packet in: 32768 bytes
DEB [20230125-20:20:46.752] thr=1   paramiko.transport: [chan 0] Max packet out: 32768 bytes
DEB [20230125-20:20:46.753] thr=1   paramiko.transport: Secsh channel 0 opened.
DEB [20230125-20:20:46.790] thr=1   paramiko.transport: [chan 0] Sesch channel 0 request ok
DEB [20230125-20:20:46.812] thr=1   paramiko.transport: [chan 0] Sesch channel 0 request ok
DEB [20230125-20:27:02.723] thr=1   paramiko.transport: starting thread (client mode): 0xf8fe970
DEB [20230125-20:27:02.724] thr=1   paramiko.transport: Local version/idstring: SSH-2.0-paramiko_2.8.1
ERR [20230125-20:27:17.824] thr=1   paramiko.transport: Exception: Error reading SSH protocol banner
ERR [20230125-20:27:17.857] thr=1   paramiko.transport: Traceback (most recent call last):
ERR [20230125-20:27:17.857] thr=1   paramiko.transport:   File "C:\Users\Mahdi\anaconda3\lib\site-packages\paramiko\transport.py", line 2211, in _check_banner
ERR [20230125-20:27:17.857] thr=1   paramiko.transport:     buf = self.packetizer.readline(timeout)
ERR [20230125-20:27:17.857] thr=1   paramiko.transport:   File "C:\Users\Mahdi\anaconda3\lib\site-packages\paramiko\packet.py", line 380, in readline
ERR [20230125-20:27:17.857] thr=1   paramiko.transport:     buf += self._read_timeout(timeout)
ERR [20230125-20:27:17.857] thr=1   paramiko.transport:   File "C:\Users\Mahdi\anaconda3\lib\site-packages\paramiko\packet.py", line 622, in _read_timeout
ERR [20230125-20:27:17.858] thr=1   paramiko.transport:     raise socket.timeout()
ERR [20230125-20:27:17.858] thr=1   paramiko.transport: socket.timeout
ERR [20230125-20:27:17.858] thr=1   paramiko.transport: 
ERR [20230125-20:27:17.858] thr=1   paramiko.transport: During handling of the above exception, another exception occurred:
ERR [20230125-20:27:17.858] thr=1   paramiko.transport: 
ERR [20230125-20:27:17.858] thr=1   paramiko.transport: Traceback (most recent call last):
ERR [20230125-20:27:17.859] thr=1   paramiko.transport:   File "C:\Users\Mahdi\anaconda3\lib\site-packages\paramiko\transport.py", line 2039, in run
ERR [20230125-20:27:17.859] thr=1   paramiko.transport:     self._check_banner()
ERR [20230125-20:27:17.859] thr=1   paramiko.transport:   File "C:\Users\Mahdi\anaconda3\lib\site-packages\paramiko\transport.py", line 2215, in _check_banner
ERR [20230125-20:27:17.859] thr=1   paramiko.transport:     raise SSHException(
ERR [20230125-20:27:17.859] thr=1   paramiko.transport: paramiko.ssh_exception.SSHException: Error reading SSH protocol banner
ERR [20230125-20:27:17.860] thr=1   paramiko.transport: 
DEB [20230125-20:27:53.752] thr=1   paramiko.transport: starting thread (client mode): 0xb4ede970
DEB [20230125-20:27:53.753] thr=1   paramiko.transport: Local version/idstring: SSH-2.0-paramiko_2.8.1
DEB [20230125-20:27:59.762] thr=1   paramiko.transport: Remote version/idstring: SSH-2.0-paramiko_2.8.1
INF [20230125-20:27:59.762] thr=1   paramiko.transport: Connected (version 2.0, client paramiko_2.8.1)
DEB [20230125-20:27:59.818] thr=1   paramiko.transport: kex algos:['gss-gex-sha1-toWM5Slw5Ew8Mqkay+al2g==', 'gss-group14-sha1-toWM5Slw5Ew8Mqkay+al2g==', 'gss-group1-sha1-toWM5Slw5Ew8Mqkay+al2g==', 'curve25519-sha256@libssh.org', 'ecdh-sha2-nistp256', 'ecdh-sha2-nistp384', 'ecdh-sha2-nistp521', 'diffie-hellman-group16-sha512', 'diffie-hellman-group14-sha256', 'diffie-hellman-group14-sha1', 'diffie-hellman-group1-sha1'] server key:['ssh-rsa'] client encrypt:['aes128-ctr', 'aes192-ctr', 'aes256-ctr', 'aes128-cbc', 'aes192-cbc', 'aes256-cbc', 'blowfish-cbc', '3des-cbc'] server encrypt:['aes128-ctr', 'aes192-ctr', 'aes256-ctr', 'aes128-cbc', 'aes192-cbc', 'aes256-cbc', 'blowfish-cbc', '3des-cbc'] client mac:['hmac-sha2-256', 'hmac-sha2-512', 'hmac-sha2-256-etm@openssh.com', 'hmac-sha2-512-etm@openssh.com', 'hmac-sha1', 'hmac-md5', 'hmac-sha1-96', 'hmac-md5-96'] server mac:['hmac-sha2-256', 'hmac-sha2-512', 'hmac-sha2-256-etm@openssh.com', 'hmac-sha2-512-etm@openssh.com', 'hmac-sha1', 'hmac-md5', 'hmac-sha1-96', 'hmac-md5-96'] client compress:['none'] server compress:['none'] client lang:[''] server lang:[''] kex follows?False
DEB [20230125-20:27:59.818] thr=1   paramiko.transport: Kex agreed: curve25519-sha256@libssh.org
DEB [20230125-20:27:59.819] thr=1   paramiko.transport: HostKey agreed: ssh-rsa
DEB [20230125-20:27:59.819] thr=1   paramiko.transport: Cipher agreed: aes128-ctr
DEB [20230125-20:27:59.819] thr=1   paramiko.transport: MAC agreed: hmac-sha2-256
DEB [20230125-20:27:59.819] thr=1   paramiko.transport: Compression agreed: none
DEB [20230125-20:27:59.982] thr=1   paramiko.transport: kex engine KexCurve25519 specified hash_algo <built-in function openssl_sha256>
DEB [20230125-20:27:59.993] thr=1   paramiko.transport: Switch to new keys ...
DEB [20230125-20:28:09.225] thr=1   paramiko.transport: userauth is OK
INF [20230125-20:28:09.265] thr=1   paramiko.transport: Authentication (password) successful!
DEB [20230125-20:28:09.266] thr=2   paramiko.transport: [chan 0] Max packet in: 32768 bytes
DEB [20230125-20:28:09.293] thr=1   paramiko.transport: [chan 0] Max packet out: 32768 bytes
DEB [20230125-20:28:09.293] thr=1   paramiko.transport: Secsh channel 0 opened.
DEB [20230125-20:28:09.321] thr=1   paramiko.transport: [chan 0] Sesch channel 0 request ok
DEB [20230125-20:28:09.348] thr=1   paramiko.transport: [chan 0] Sesch channel 0 request ok
DEB [20230126-06:10:58.991] thr=1   paramiko.transport: starting thread (client mode): 0x81ae970
DEB [20230126-06:10:58.993] thr=1   paramiko.transport: Local version/idstring: SSH-2.0-paramiko_2.8.1
DEB [20230126-06:11:12.536] thr=1   paramiko.transport: Remote version/idstring: SSH-2.0-paramiko_2.8.1
INF [20230126-06:11:12.536] thr=1   paramiko.transport: Connected (version 2.0, client paramiko_2.8.1)
DEB [20230126-06:11:12.591] thr=1   paramiko.transport: kex algos:['gss-gex-sha1-toWM5Slw5Ew8Mqkay+al2g==', 'gss-group14-sha1-toWM5Slw5Ew8Mqkay+al2g==', 'gss-group1-sha1-toWM5Slw5Ew8Mqkay+al2g==', 'curve25519-sha256@libssh.org', 'ecdh-sha2-nistp256', 'ecdh-sha2-nistp384', 'ecdh-sha2-nistp521', 'diffie-hellman-group16-sha512', 'diffie-hellman-group14-sha256', 'diffie-hellman-group14-sha1', 'diffie-hellman-group1-sha1'] server key:['ssh-rsa'] client encrypt:['aes128-ctr', 'aes192-ctr', 'aes256-ctr', 'aes128-cbc', 'aes192-cbc', 'aes256-cbc', 'blowfish-cbc', '3des-cbc'] server encrypt:['aes128-ctr', 'aes192-ctr', 'aes256-ctr', 'aes128-cbc', 'aes192-cbc', 'aes256-cbc', 'blowfish-cbc', '3des-cbc'] client mac:['hmac-sha2-256', 'hmac-sha2-512', 'hmac-sha2-256-etm@openssh.com', 'hmac-sha2-512-etm@openssh.com', 'hmac-sha1', 'hmac-md5', 'hmac-sha1-96', 'hmac-md5-96'] server mac:['hmac-sha2-256', 'hmac-sha2-512', 'hmac-sha2-256-etm@openssh.com', 'hmac-sha2-512-etm@openssh.com', 'hmac-sha1', 'hmac-md5', 'hmac-sha1-96', 'hmac-md5-96'] client compress:['none'] server compress:['none'] client lang:[''] server lang:[''] kex follows?False
DEB [20230126-06:11:12.592] thr=1   paramiko.transport: Kex agreed: curve25519-sha256@libssh.org
DEB [20230126-06:11:12.592] thr=1   paramiko.transport: HostKey agreed: ssh-rsa
DEB [20230126-06:11:12.592] thr=1   paramiko.transport: Cipher agreed: aes128-ctr
DEB [20230126-06:11:12.592] thr=1   paramiko.transport: MAC agreed: hmac-sha2-256
DEB [20230126-06:11:12.592] thr=1   paramiko.transport: Compression agreed: none
DEB [20230126-06:11:12.645] thr=1   paramiko.transport: kex engine KexCurve25519 specified hash_algo <built-in function openssl_sha256>
DEB [20230126-06:11:12.647] thr=1   paramiko.transport: Switch to new keys ...
DEB [20230126-06:11:20.291] thr=1   paramiko.transport: userauth is OK
INF [20230126-06:11:20.328] thr=1   paramiko.transport: Authentication (password) successful!
DEB [20230126-06:11:20.328] thr=2   paramiko.transport: [chan 0] Max packet in: 32768 bytes
DEB [20230126-06:11:20.366] thr=1   paramiko.transport: [chan 0] Max packet out: 32768 bytes
DEB [20230126-06:11:20.366] thr=1   paramiko.transport: Secsh channel 0 opened.
DEB [20230126-06:11:20.393] thr=1   paramiko.transport: [chan 0] Sesch channel 0 request ok
DEB [20230126-06:11:20.415] thr=1   paramiko.transport: [chan 0] Sesch channel 0 request ok
ERR [20230126-06:12:40.387] thr=1   paramiko.transport: Socket exception: An existing connection was forcibly closed by the remote host (10054)
DEB [20230126-06:14:02.786] thr=1   paramiko.transport: starting thread (client mode): 0xc723e970
DEB [20230126-06:14:02.787] thr=1   paramiko.transport: Local version/idstring: SSH-2.0-paramiko_2.8.1
DEB [20230126-06:14:02.839] thr=1   paramiko.transport: Remote version/idstring: SSH-2.0-paramiko_2.8.1
INF [20230126-06:14:02.839] thr=1   paramiko.transport: Connected (version 2.0, client paramiko_2.8.1)
DEB [20230126-06:14:02.895] thr=1   paramiko.transport: kex algos:['gss-gex-sha1-toWM5Slw5Ew8Mqkay+al2g==', 'gss-group14-sha1-toWM5Slw5Ew8Mqkay+al2g==', 'gss-group1-sha1-toWM5Slw5Ew8Mqkay+al2g==', 'curve25519-sha256@libssh.org', 'ecdh-sha2-nistp256', 'ecdh-sha2-nistp384', 'ecdh-sha2-nistp521', 'diffie-hellman-group16-sha512', 'diffie-hellman-group14-sha256', 'diffie-hellman-group14-sha1', 'diffie-hellman-group1-sha1'] server key:['ssh-rsa'] client encrypt:['aes128-ctr', 'aes192-ctr', 'aes256-ctr', 'aes128-cbc', 'aes192-cbc', 'aes256-cbc', 'blowfish-cbc', '3des-cbc'] server encrypt:['aes128-ctr', 'aes192-ctr', 'aes256-ctr', 'aes128-cbc', 'aes192-cbc', 'aes256-cbc', 'blowfish-cbc', '3des-cbc'] client mac:['hmac-sha2-256', 'hmac-sha2-512', 'hmac-sha2-256-etm@openssh.com', 'hmac-sha2-512-etm@openssh.com', 'hmac-sha1', 'hmac-md5', 'hmac-sha1-96', 'hmac-md5-96'] server mac:['hmac-sha2-256', 'hmac-sha2-512', 'hmac-sha2-256-etm@openssh.com', 'hmac-sha2-512-etm@openssh.com', 'hmac-sha1', 'hmac-md5', 'hmac-sha1-96', 'hmac-md5-96'] client compress:['none'] server compress:['none'] client lang:[''] server lang:[''] kex follows?False
DEB [20230126-06:14:02.895] thr=1   paramiko.transport: Kex agreed: curve25519-sha256@libssh.org
DEB [20230126-06:14:02.896] thr=1   paramiko.transport: HostKey agreed: ssh-rsa
DEB [20230126-06:14:02.896] thr=1   paramiko.transport: Cipher agreed: aes128-ctr
DEB [20230126-06:14:02.896] thr=1   paramiko.transport: MAC agreed: hmac-sha2-256
DEB [20230126-06:14:02.896] thr=1   paramiko.transport: Compression agreed: none
DEB [20230126-06:14:03.081] thr=1   paramiko.transport: kex engine KexCurve25519 specified hash_algo <built-in function openssl_sha256>
DEB [20230126-06:14:03.090] thr=1   paramiko.transport: Switch to new keys ...
DEB [20230126-06:14:07.990] thr=1   paramiko.transport: userauth is OK
INF [20230126-06:14:08.035] thr=1   paramiko.transport: Authentication (password) successful!
DEB [20230126-06:14:08.036] thr=2   paramiko.transport: [chan 0] Max packet in: 32768 bytes
DEB [20230126-06:14:08.075] thr=1   paramiko.transport: [chan 0] Max packet out: 32768 bytes
DEB [20230126-06:14:08.075] thr=1   paramiko.transport: Secsh channel 0 opened.
DEB [20230126-06:14:08.086] thr=1   paramiko.transport: [chan 0] Sesch channel 0 request ok
DEB [20230126-06:14:08.109] thr=1   paramiko.transport: [chan 0] Sesch channel 0 request ok
ERR [20230126-06:14:55.652] thr=1   paramiko.transport: Socket exception: An existing connection was forcibly closed by the remote host (10054)
DEB [20230126-06:17:34.438] thr=1   paramiko.transport: starting thread (client mode): 0x7747e970
DEB [20230126-06:17:34.439] thr=1   paramiko.transport: Local version/idstring: SSH-2.0-paramiko_2.8.1
DEB [20230126-06:17:34.514] thr=1   paramiko.transport: Remote version/idstring: SSH-2.0-paramiko_2.8.1
INF [20230126-06:17:34.514] thr=1   paramiko.transport: Connected (version 2.0, client paramiko_2.8.1)
DEB [20230126-06:17:34.564] thr=1   paramiko.transport: kex algos:['gss-gex-sha1-toWM5Slw5Ew8Mqkay+al2g==', 'gss-group14-sha1-toWM5Slw5Ew8Mqkay+al2g==', 'gss-group1-sha1-toWM5Slw5Ew8Mqkay+al2g==', 'curve25519-sha256@libssh.org', 'ecdh-sha2-nistp256', 'ecdh-sha2-nistp384', 'ecdh-sha2-nistp521', 'diffie-hellman-group16-sha512', 'diffie-hellman-group14-sha256', 'diffie-hellman-group14-sha1', 'diffie-hellman-group1-sha1'] server key:['ssh-rsa'] client encrypt:['aes128-ctr', 'aes192-ctr', 'aes256-ctr', 'aes128-cbc', 'aes192-cbc', 'aes256-cbc', 'blowfish-cbc', '3des-cbc'] server encrypt:['aes128-ctr', 'aes192-ctr', 'aes256-ctr', 'aes128-cbc', 'aes192-cbc', 'aes256-cbc', 'blowfish-cbc', '3des-cbc'] client mac:['hmac-sha2-256', 'hmac-sha2-512', 'hmac-sha2-256-etm@openssh.com', 'hmac-sha2-512-etm@openssh.com', 'hmac-sha1', 'hmac-md5', 'hmac-sha1-96', 'hmac-md5-96'] server mac:['hmac-sha2-256', 'hmac-sha2-512', 'hmac-sha2-256-etm@openssh.com', 'hmac-sha2-512-etm@openssh.com', 'hmac-sha1', 'hmac-md5', 'hmac-sha1-96', 'hmac-md5-96'] client compress:['none'] server compress:['none'] client lang:[''] server lang:[''] kex follows?False
DEB [20230126-06:17:34.564] thr=1   paramiko.transport: Kex agreed: curve25519-sha256@libssh.org
DEB [20230126-06:17:34.565] thr=1   paramiko.transport: HostKey agreed: ssh-rsa
DEB [20230126-06:17:34.565] thr=1   paramiko.transport: Cipher agreed: aes128-ctr
DEB [20230126-06:17:34.565] thr=1   paramiko.transport: MAC agreed: hmac-sha2-256
DEB [20230126-06:17:34.565] thr=1   paramiko.transport: Compression agreed: none
DEB [20230126-06:17:34.737] thr=1   paramiko.transport: kex engine KexCurve25519 specified hash_algo <built-in function openssl_sha256>
DEB [20230126-06:17:34.741] thr=1   paramiko.transport: Switch to new keys ...
DEB [20230126-06:17:39.168] thr=1   paramiko.transport: userauth is OK
INF [20230126-06:17:39.221] thr=1   paramiko.transport: Authentication (password) successful!
DEB [20230126-06:17:39.222] thr=2   paramiko.transport: [chan 0] Max packet in: 32768 bytes
DEB [20230126-06:17:39.266] thr=1   paramiko.transport: [chan 0] Max packet out: 32768 bytes
DEB [20230126-06:17:39.266] thr=1   paramiko.transport: Secsh channel 0 opened.
DEB [20230126-06:17:39.304] thr=1   paramiko.transport: [chan 0] Sesch channel 0 request ok
DEB [20230126-06:17:39.331] thr=1   paramiko.transport: [chan 0] Sesch channel 0 request ok
DEB [20230126-06:25:41.653] thr=1   paramiko.transport: starting thread (client mode): 0x95d1e970
DEB [20230126-06:25:41.654] thr=1   paramiko.transport: Local version/idstring: SSH-2.0-paramiko_2.8.1
DEB [20230126-06:25:41.709] thr=1   paramiko.transport: Remote version/idstring: SSH-2.0-paramiko_2.8.1
INF [20230126-06:25:41.709] thr=1   paramiko.transport: Connected (version 2.0, client paramiko_2.8.1)
DEB [20230126-06:25:41.758] thr=1   paramiko.transport: kex algos:['gss-gex-sha1-toWM5Slw5Ew8Mqkay+al2g==', 'gss-group14-sha1-toWM5Slw5Ew8Mqkay+al2g==', 'gss-group1-sha1-toWM5Slw5Ew8Mqkay+al2g==', 'curve25519-sha256@libssh.org', 'ecdh-sha2-nistp256', 'ecdh-sha2-nistp384', 'ecdh-sha2-nistp521', 'diffie-hellman-group16-sha512', 'diffie-hellman-group14-sha256', 'diffie-hellman-group14-sha1', 'diffie-hellman-group1-sha1'] server key:['ssh-rsa'] client encrypt:['aes128-ctr', 'aes192-ctr', 'aes256-ctr', 'aes128-cbc', 'aes192-cbc', 'aes256-cbc', 'blowfish-cbc', '3des-cbc'] server encrypt:['aes128-ctr', 'aes192-ctr', 'aes256-ctr', 'aes128-cbc', 'aes192-cbc', 'aes256-cbc', 'blowfish-cbc', '3des-cbc'] client mac:['hmac-sha2-256', 'hmac-sha2-512', 'hmac-sha2-256-etm@openssh.com', 'hmac-sha2-512-etm@openssh.com', 'hmac-sha1', 'hmac-md5', 'hmac-sha1-96', 'hmac-md5-96'] server mac:['hmac-sha2-256', 'hmac-sha2-512', 'hmac-sha2-256-etm@openssh.com', 'hmac-sha2-512-etm@openssh.com', 'hmac-sha1', 'hmac-md5', 'hmac-sha1-96', 'hmac-md5-96'] client compress:['none'] server compress:['none'] client lang:[''] server lang:[''] kex follows?False
DEB [20230126-06:25:41.759] thr=1   paramiko.transport: Kex agreed: curve25519-sha256@libssh.org
DEB [20230126-06:25:41.759] thr=1   paramiko.transport: HostKey agreed: ssh-rsa
DEB [20230126-06:25:41.759] thr=1   paramiko.transport: Cipher agreed: aes128-ctr
DEB [20230126-06:25:41.760] thr=1   paramiko.transport: MAC agreed: hmac-sha2-256
DEB [20230126-06:25:41.760] thr=1   paramiko.transport: Compression agreed: none
DEB [20230126-06:25:41.918] thr=1   paramiko.transport: kex engine KexCurve25519 specified hash_algo <built-in function openssl_sha256>
DEB [20230126-06:25:41.928] thr=1   paramiko.transport: Switch to new keys ...
DEB [20230126-06:25:49.305] thr=1   paramiko.transport: userauth is OK
INF [20230126-06:25:49.350] thr=1   paramiko.transport: Authentication (password) successful!
DEB [20230126-06:25:49.351] thr=2   paramiko.transport: [chan 0] Max packet in: 32768 bytes
DEB [20230126-06:25:49.388] thr=1   paramiko.transport: [chan 0] Max packet out: 32768 bytes
DEB [20230126-06:25:49.388] thr=1   paramiko.transport: Secsh channel 0 opened.
DEB [20230126-06:25:49.410] thr=1   paramiko.transport: [chan 0] Sesch channel 0 request ok
DEB [20230126-06:25:49.433] thr=1   paramiko.transport: [chan 0] Sesch channel 0 request ok
ERR [20230126-06:26:39.064] thr=1   paramiko.transport: Socket exception: An existing connection was forcibly closed by the remote host (10054)
DEB [20230126-06:28:15.836] thr=1   paramiko.transport: starting thread (client mode): 0xe5f7e970
DEB [20230126-06:28:15.837] thr=1   paramiko.transport: Local version/idstring: SSH-2.0-paramiko_2.8.1
DEB [20230126-06:28:15.903] thr=1   paramiko.transport: Remote version/idstring: SSH-2.0-paramiko_2.8.1
INF [20230126-06:28:15.903] thr=1   paramiko.transport: Connected (version 2.0, client paramiko_2.8.1)
DEB [20230126-06:28:15.957] thr=1   paramiko.transport: kex algos:['gss-gex-sha1-toWM5Slw5Ew8Mqkay+al2g==', 'gss-group14-sha1-toWM5Slw5Ew8Mqkay+al2g==', 'gss-group1-sha1-toWM5Slw5Ew8Mqkay+al2g==', 'curve25519-sha256@libssh.org', 'ecdh-sha2-nistp256', 'ecdh-sha2-nistp384', 'ecdh-sha2-nistp521', 'diffie-hellman-group16-sha512', 'diffie-hellman-group14-sha256', 'diffie-hellman-group14-sha1', 'diffie-hellman-group1-sha1'] server key:['ssh-rsa'] client encrypt:['aes128-ctr', 'aes192-ctr', 'aes256-ctr', 'aes128-cbc', 'aes192-cbc', 'aes256-cbc', 'blowfish-cbc', '3des-cbc'] server encrypt:['aes128-ctr', 'aes192-ctr', 'aes256-ctr', 'aes128-cbc', 'aes192-cbc', 'aes256-cbc', 'blowfish-cbc', '3des-cbc'] client mac:['hmac-sha2-256', 'hmac-sha2-512', 'hmac-sha2-256-etm@openssh.com', 'hmac-sha2-512-etm@openssh.com', 'hmac-sha1', 'hmac-md5', 'hmac-sha1-96', 'hmac-md5-96'] server mac:['hmac-sha2-256', 'hmac-sha2-512', 'hmac-sha2-256-etm@openssh.com', 'hmac-sha2-512-etm@openssh.com', 'hmac-sha1', 'hmac-md5', 'hmac-sha1-96', 'hmac-md5-96'] client compress:['none'] server compress:['none'] client lang:[''] server lang:[''] kex follows?False
DEB [20230126-06:28:15.957] thr=1   paramiko.transport: Kex agreed: curve25519-sha256@libssh.org
DEB [20230126-06:28:15.958] thr=1   paramiko.transport: HostKey agreed: ssh-rsa
DEB [20230126-06:28:15.958] thr=1   paramiko.transport: Cipher agreed: aes128-ctr
DEB [20230126-06:28:15.958] thr=1   paramiko.transport: MAC agreed: hmac-sha2-256
DEB [20230126-06:28:15.958] thr=1   paramiko.transport: Compression agreed: none
DEB [20230126-06:28:16.114] thr=1   paramiko.transport: kex engine KexCurve25519 specified hash_algo <built-in function openssl_sha256>
DEB [20230126-06:28:16.124] thr=1   paramiko.transport: Switch to new keys ...
DEB [20230126-06:28:21.296] thr=1   paramiko.transport: userauth is OK
INF [20230126-06:28:21.347] thr=1   paramiko.transport: Authentication (password) successful!
DEB [20230126-06:28:21.347] thr=2   paramiko.transport: [chan 0] Max packet in: 32768 bytes
DEB [20230126-06:28:21.398] thr=1   paramiko.transport: [chan 0] Max packet out: 32768 bytes
DEB [20230126-06:28:21.398] thr=1   paramiko.transport: Secsh channel 0 opened.
DEB [20230126-06:28:21.427] thr=1   paramiko.transport: [chan 0] Sesch channel 0 request ok
DEB [20230126-06:28:21.468] thr=1   paramiko.transport: [chan 0] Sesch channel 0 request ok
ERR [20230126-06:28:58.917] thr=1   paramiko.transport: Socket exception: An existing connection was forcibly closed by the remote host (10054)
DEB [20230126-06:36:05.434] thr=1   paramiko.transport: starting thread (client mode): 0xf4f3e970
DEB [20230126-06:36:05.435] thr=1   paramiko.transport: Local version/idstring: SSH-2.0-paramiko_2.8.1
DEB [20230126-06:36:05.522] thr=1   paramiko.transport: Remote version/idstring: SSH-2.0-paramiko_2.8.1
INF [20230126-06:36:05.522] thr=1   paramiko.transport: Connected (version 2.0, client paramiko_2.8.1)
DEB [20230126-06:36:05.580] thr=1   paramiko.transport: kex algos:['gss-gex-sha1-toWM5Slw5Ew8Mqkay+al2g==', 'gss-group14-sha1-toWM5Slw5Ew8Mqkay+al2g==', 'gss-group1-sha1-toWM5Slw5Ew8Mqkay+al2g==', 'curve25519-sha256@libssh.org', 'ecdh-sha2-nistp256', 'ecdh-sha2-nistp384', 'ecdh-sha2-nistp521', 'diffie-hellman-group16-sha512', 'diffie-hellman-group14-sha256', 'diffie-hellman-group14-sha1', 'diffie-hellman-group1-sha1'] server key:['ssh-rsa'] client encrypt:['aes128-ctr', 'aes192-ctr', 'aes256-ctr', 'aes128-cbc', 'aes192-cbc', 'aes256-cbc', 'blowfish-cbc', '3des-cbc'] server encrypt:['aes128-ctr', 'aes192-ctr', 'aes256-ctr', 'aes128-cbc', 'aes192-cbc', 'aes256-cbc', 'blowfish-cbc', '3des-cbc'] client mac:['hmac-sha2-256', 'hmac-sha2-512', 'hmac-sha2-256-etm@openssh.com', 'hmac-sha2-512-etm@openssh.com', 'hmac-sha1', 'hmac-md5', 'hmac-sha1-96', 'hmac-md5-96'] server mac:['hmac-sha2-256', 'hmac-sha2-512', 'hmac-sha2-256-etm@openssh.com', 'hmac-sha2-512-etm@openssh.com', 'hmac-sha1', 'hmac-md5', 'hmac-sha1-96', 'hmac-md5-96'] client compress:['none'] server compress:['none'] client lang:[''] server lang:[''] kex follows?False
DEB [20230126-06:36:05.580] thr=1   paramiko.transport: Kex agreed: curve25519-sha256@libssh.org
DEB [20230126-06:36:05.581] thr=1   paramiko.transport: HostKey agreed: ssh-rsa
DEB [20230126-06:36:05.581] thr=1   paramiko.transport: Cipher agreed: aes128-ctr
DEB [20230126-06:36:05.581] thr=1   paramiko.transport: MAC agreed: hmac-sha2-256
DEB [20230126-06:36:05.581] thr=1   paramiko.transport: Compression agreed: none
DEB [20230126-06:36:05.797] thr=1   paramiko.transport: kex engine KexCurve25519 specified hash_algo <built-in function openssl_sha256>
DEB [20230126-06:36:05.806] thr=1   paramiko.transport: Switch to new keys ...
DEB [20230126-06:36:12.528] thr=1   paramiko.transport: userauth is OK
INF [20230126-06:36:12.574] thr=1   paramiko.transport: Authentication (password) successful!
DEB [20230126-06:36:12.575] thr=2   paramiko.transport: [chan 0] Max packet in: 32768 bytes
DEB [20230126-06:36:12.597] thr=1   paramiko.transport: [chan 0] Max packet out: 32768 bytes
DEB [20230126-06:36:12.597] thr=1   paramiko.transport: Secsh channel 0 opened.
DEB [20230126-06:36:12.630] thr=1   paramiko.transport: [chan 0] Sesch channel 0 request ok
DEB [20230126-06:36:12.680] thr=1   paramiko.transport: [chan 0] Sesch channel 0 request ok
ERR [20230126-06:38:41.489] thr=1   paramiko.transport: Socket exception: An existing connection was forcibly closed by the remote host (10054)
DEB [20230126-06:39:02.871] thr=1   paramiko.transport: starting thread (client mode): 0x5534e970
DEB [20230126-06:39:02.872] thr=1   paramiko.transport: Local version/idstring: SSH-2.0-paramiko_2.8.1
DEB [20230126-06:39:02.937] thr=1   paramiko.transport: Remote version/idstring: SSH-2.0-paramiko_2.8.1
INF [20230126-06:39:02.937] thr=1   paramiko.transport: Connected (version 2.0, client paramiko_2.8.1)
DEB [20230126-06:39:02.966] thr=1   paramiko.transport: kex algos:['gss-gex-sha1-toWM5Slw5Ew8Mqkay+al2g==', 'gss-group14-sha1-toWM5Slw5Ew8Mqkay+al2g==', 'gss-group1-sha1-toWM5Slw5Ew8Mqkay+al2g==', 'curve25519-sha256@libssh.org', 'ecdh-sha2-nistp256', 'ecdh-sha2-nistp384', 'ecdh-sha2-nistp521', 'diffie-hellman-group16-sha512', 'diffie-hellman-group14-sha256', 'diffie-hellman-group14-sha1', 'diffie-hellman-group1-sha1'] server key:['ssh-rsa'] client encrypt:['aes128-ctr', 'aes192-ctr', 'aes256-ctr', 'aes128-cbc', 'aes192-cbc', 'aes256-cbc', 'blowfish-cbc', '3des-cbc'] server encrypt:['aes128-ctr', 'aes192-ctr', 'aes256-ctr', 'aes128-cbc', 'aes192-cbc', 'aes256-cbc', 'blowfish-cbc', '3des-cbc'] client mac:['hmac-sha2-256', 'hmac-sha2-512', 'hmac-sha2-256-etm@openssh.com', 'hmac-sha2-512-etm@openssh.com', 'hmac-sha1', 'hmac-md5', 'hmac-sha1-96', 'hmac-md5-96'] server mac:['hmac-sha2-256', 'hmac-sha2-512', 'hmac-sha2-256-etm@openssh.com', 'hmac-sha2-512-etm@openssh.com', 'hmac-sha1', 'hmac-md5', 'hmac-sha1-96', 'hmac-md5-96'] client compress:['none'] server compress:['none'] client lang:[''] server lang:[''] kex follows?False
DEB [20230126-06:39:02.966] thr=1   paramiko.transport: Kex agreed: curve25519-sha256@libssh.org
DEB [20230126-06:39:02.967] thr=1   paramiko.transport: HostKey agreed: ssh-rsa
DEB [20230126-06:39:02.967] thr=1   paramiko.transport: Cipher agreed: aes128-ctr
DEB [20230126-06:39:02.967] thr=1   paramiko.transport: MAC agreed: hmac-sha2-256
DEB [20230126-06:39:02.967] thr=1   paramiko.transport: Compression agreed: none
DEB [20230126-06:39:03.125] thr=1   paramiko.transport: kex engine KexCurve25519 specified hash_algo <built-in function openssl_sha256>
DEB [20230126-06:39:03.136] thr=1   paramiko.transport: Switch to new keys ...
DEB [20230126-06:39:08.767] thr=1   paramiko.transport: userauth is OK
INF [20230126-06:39:08.811] thr=1   paramiko.transport: Authentication (password) failed.
DEB [20230126-06:39:08.820] thr=1   paramiko.transport: EOF in transport thread
DEB [20230126-06:39:13.411] thr=1   paramiko.transport: starting thread (client mode): 0xcc63e970
DEB [20230126-06:39:13.411] thr=1   paramiko.transport: Local version/idstring: SSH-2.0-paramiko_2.8.1
DEB [20230126-06:39:19.019] thr=1   paramiko.transport: Remote version/idstring: SSH-2.0-paramiko_2.8.1
INF [20230126-06:39:19.019] thr=1   paramiko.transport: Connected (version 2.0, client paramiko_2.8.1)
DEB [20230126-06:39:19.058] thr=1   paramiko.transport: kex algos:['gss-gex-sha1-toWM5Slw5Ew8Mqkay+al2g==', 'gss-group14-sha1-toWM5Slw5Ew8Mqkay+al2g==', 'gss-group1-sha1-toWM5Slw5Ew8Mqkay+al2g==', 'curve25519-sha256@libssh.org', 'ecdh-sha2-nistp256', 'ecdh-sha2-nistp384', 'ecdh-sha2-nistp521', 'diffie-hellman-group16-sha512', 'diffie-hellman-group14-sha256', 'diffie-hellman-group14-sha1', 'diffie-hellman-group1-sha1'] server key:['ssh-rsa'] client encrypt:['aes128-ctr', 'aes192-ctr', 'aes256-ctr', 'aes128-cbc', 'aes192-cbc', 'aes256-cbc', 'blowfish-cbc', '3des-cbc'] server encrypt:['aes128-ctr', 'aes192-ctr', 'aes256-ctr', 'aes128-cbc', 'aes192-cbc', 'aes256-cbc', 'blowfish-cbc', '3des-cbc'] client mac:['hmac-sha2-256', 'hmac-sha2-512', 'hmac-sha2-256-etm@openssh.com', 'hmac-sha2-512-etm@openssh.com', 'hmac-sha1', 'hmac-md5', 'hmac-sha1-96', 'hmac-md5-96'] server mac:['hmac-sha2-256', 'hmac-sha2-512', 'hmac-sha2-256-etm@openssh.com', 'hmac-sha2-512-etm@openssh.com', 'hmac-sha1', 'hmac-md5', 'hmac-sha1-96', 'hmac-md5-96'] client compress:['none'] server compress:['none'] client lang:[''] server lang:[''] kex follows?False
DEB [20230126-06:39:19.058] thr=1   paramiko.transport: Kex agreed: curve25519-sha256@libssh.org
DEB [20230126-06:39:19.059] thr=1   paramiko.transport: HostKey agreed: ssh-rsa
DEB [20230126-06:39:19.059] thr=1   paramiko.transport: Cipher agreed: aes128-ctr
DEB [20230126-06:39:19.059] thr=1   paramiko.transport: MAC agreed: hmac-sha2-256
DEB [20230126-06:39:19.059] thr=1   paramiko.transport: Compression agreed: none
DEB [20230126-06:39:19.193] thr=1   paramiko.transport: kex engine KexCurve25519 specified hash_algo <built-in function openssl_sha256>
DEB [20230126-06:39:19.197] thr=1   paramiko.transport: Switch to new keys ...
DEB [20230126-06:39:26.648] thr=1   paramiko.transport: userauth is OK
INF [20230126-06:39:26.686] thr=1   paramiko.transport: Authentication (password) successful!
DEB [20230126-06:39:26.687] thr=2   paramiko.transport: [chan 0] Max packet in: 32768 bytes
DEB [20230126-06:39:26.724] thr=1   paramiko.transport: [chan 0] Max packet out: 32768 bytes
DEB [20230126-06:39:26.724] thr=1   paramiko.transport: Secsh channel 0 opened.
DEB [20230126-06:39:26.752] thr=1   paramiko.transport: [chan 0] Sesch channel 0 request ok
DEB [20230126-06:39:26.769] thr=1   paramiko.transport: [chan 0] Sesch channel 0 request ok
ERR [20230126-06:41:57.815] thr=1   paramiko.transport: Socket exception: An existing connection was forcibly closed by the remote host (10054)
DEB [20230126-06:42:27.205] thr=1   paramiko.transport: starting thread (client mode): 0xe74de970
DEB [20230126-06:42:27.206] thr=1   paramiko.transport: Local version/idstring: SSH-2.0-paramiko_2.8.1
DEB [20230126-06:42:27.261] thr=1   paramiko.transport: Remote version/idstring: SSH-2.0-paramiko_2.8.1
INF [20230126-06:42:27.261] thr=1   paramiko.transport: Connected (version 2.0, client paramiko_2.8.1)
DEB [20230126-06:42:27.320] thr=1   paramiko.transport: kex algos:['gss-gex-sha1-toWM5Slw5Ew8Mqkay+al2g==', 'gss-group14-sha1-toWM5Slw5Ew8Mqkay+al2g==', 'gss-group1-sha1-toWM5Slw5Ew8Mqkay+al2g==', 'curve25519-sha256@libssh.org', 'ecdh-sha2-nistp256', 'ecdh-sha2-nistp384', 'ecdh-sha2-nistp521', 'diffie-hellman-group16-sha512', 'diffie-hellman-group14-sha256', 'diffie-hellman-group14-sha1', 'diffie-hellman-group1-sha1'] server key:['ssh-rsa'] client encrypt:['aes128-ctr', 'aes192-ctr', 'aes256-ctr', 'aes128-cbc', 'aes192-cbc', 'aes256-cbc', 'blowfish-cbc', '3des-cbc'] server encrypt:['aes128-ctr', 'aes192-ctr', 'aes256-ctr', 'aes128-cbc', 'aes192-cbc', 'aes256-cbc', 'blowfish-cbc', '3des-cbc'] client mac:['hmac-sha2-256', 'hmac-sha2-512', 'hmac-sha2-256-etm@openssh.com', 'hmac-sha2-512-etm@openssh.com', 'hmac-sha1', 'hmac-md5', 'hmac-sha1-96', 'hmac-md5-96'] server mac:['hmac-sha2-256', 'hmac-sha2-512', 'hmac-sha2-256-etm@openssh.com', 'hmac-sha2-512-etm@openssh.com', 'hmac-sha1', 'hmac-md5', 'hmac-sha1-96', 'hmac-md5-96'] client compress:['none'] server compress:['none'] client lang:[''] server lang:[''] kex follows?False
DEB [20230126-06:42:27.321] thr=1   paramiko.transport: Kex agreed: curve25519-sha256@libssh.org
DEB [20230126-06:42:27.321] thr=1   paramiko.transport: HostKey agreed: ssh-rsa
DEB [20230126-06:42:27.322] thr=1   paramiko.transport: Cipher agreed: aes128-ctr
DEB [20230126-06:42:27.322] thr=1   paramiko.transport: MAC agreed: hmac-sha2-256
DEB [20230126-06:42:27.322] thr=1   paramiko.transport: Compression agreed: none
DEB [20230126-06:42:27.456] thr=1   paramiko.transport: kex engine KexCurve25519 specified hash_algo <built-in function openssl_sha256>
DEB [20230126-06:42:27.467] thr=1   paramiko.transport: Switch to new keys ...
DEB [20230126-06:42:32.986] thr=1   paramiko.transport: userauth is OK
INF [20230126-06:42:33.039] thr=1   paramiko.transport: Authentication (password) successful!
DEB [20230126-06:42:33.039] thr=2   paramiko.transport: [chan 0] Max packet in: 32768 bytes
DEB [20230126-06:42:33.072] thr=1   paramiko.transport: [chan 0] Max packet out: 32768 bytes
DEB [20230126-06:42:33.072] thr=1   paramiko.transport: Secsh channel 0 opened.
DEB [20230126-06:42:33.089] thr=1   paramiko.transport: [chan 0] Sesch channel 0 request ok
DEB [20230126-06:42:33.109] thr=1   paramiko.transport: [chan 0] Sesch channel 0 request ok
ERR [20230126-06:42:43.614] thr=1   paramiko.transport: Socket exception: An existing connection was forcibly closed by the remote host (10054)
DEB [20230126-06:52:46.639] thr=1   paramiko.transport: starting thread (client mode): 0xefdfe970
DEB [20230126-06:52:46.640] thr=1   paramiko.transport: Local version/idstring: SSH-2.0-paramiko_2.8.1
DEB [20230126-06:52:46.704] thr=1   paramiko.transport: Remote version/idstring: SSH-2.0-paramiko_2.8.1
INF [20230126-06:52:46.704] thr=1   paramiko.transport: Connected (version 2.0, client paramiko_2.8.1)
DEB [20230126-06:52:46.759] thr=1   paramiko.transport: kex algos:['gss-gex-sha1-toWM5Slw5Ew8Mqkay+al2g==', 'gss-group14-sha1-toWM5Slw5Ew8Mqkay+al2g==', 'gss-group1-sha1-toWM5Slw5Ew8Mqkay+al2g==', 'curve25519-sha256@libssh.org', 'ecdh-sha2-nistp256', 'ecdh-sha2-nistp384', 'ecdh-sha2-nistp521', 'diffie-hellman-group16-sha512', 'diffie-hellman-group14-sha256', 'diffie-hellman-group14-sha1', 'diffie-hellman-group1-sha1'] server key:['ssh-rsa'] client encrypt:['aes128-ctr', 'aes192-ctr', 'aes256-ctr', 'aes128-cbc', 'aes192-cbc', 'aes256-cbc', 'blowfish-cbc', '3des-cbc'] server encrypt:['aes128-ctr', 'aes192-ctr', 'aes256-ctr', 'aes128-cbc', 'aes192-cbc', 'aes256-cbc', 'blowfish-cbc', '3des-cbc'] client mac:['hmac-sha2-256', 'hmac-sha2-512', 'hmac-sha2-256-etm@openssh.com', 'hmac-sha2-512-etm@openssh.com', 'hmac-sha1', 'hmac-md5', 'hmac-sha1-96', 'hmac-md5-96'] server mac:['hmac-sha2-256', 'hmac-sha2-512', 'hmac-sha2-256-etm@openssh.com', 'hmac-sha2-512-etm@openssh.com', 'hmac-sha1', 'hmac-md5', 'hmac-sha1-96', 'hmac-md5-96'] client compress:['none'] server compress:['none'] client lang:[''] server lang:[''] kex follows?False
DEB [20230126-06:52:46.759] thr=1   paramiko.transport: Kex agreed: curve25519-sha256@libssh.org
DEB [20230126-06:52:46.760] thr=1   paramiko.transport: HostKey agreed: ssh-rsa
DEB [20230126-06:52:46.760] thr=1   paramiko.transport: Cipher agreed: aes128-ctr
DEB [20230126-06:52:46.760] thr=1   paramiko.transport: MAC agreed: hmac-sha2-256
DEB [20230126-06:52:46.760] thr=1   paramiko.transport: Compression agreed: none
DEB [20230126-06:52:46.909] thr=1   paramiko.transport: kex engine KexCurve25519 specified hash_algo <built-in function openssl_sha256>
DEB [20230126-06:52:46.912] thr=1   paramiko.transport: Switch to new keys ...
DEB [20230126-06:52:51.432] thr=1   paramiko.transport: userauth is OK
INF [20230126-06:52:51.482] thr=1   paramiko.transport: Authentication (password) successful!
DEB [20230126-06:52:51.483] thr=2   paramiko.transport: [chan 0] Max packet in: 32768 bytes
DEB [20230126-06:52:51.521] thr=1   paramiko.transport: [chan 0] Max packet out: 32768 bytes
DEB [20230126-06:52:51.521] thr=1   paramiko.transport: Secsh channel 0 opened.
DEB [20230126-06:52:51.544] thr=1   paramiko.transport: [chan 0] Sesch channel 0 request ok
DEB [20230126-06:52:51.560] thr=1   paramiko.transport: [chan 0] Sesch channel 0 request ok
ERR [20230126-06:53:02.122] thr=1   paramiko.transport: Socket exception: An existing connection was forcibly closed by the remote host (10054)
DEB [20230126-08:40:01.492] thr=1   paramiko.transport: starting thread (client mode): 0xae38e970
DEB [20230126-08:40:01.507] thr=1   paramiko.transport: Local version/idstring: SSH-2.0-paramiko_2.8.1
DEB [20230126-08:40:01.507] thr=1   paramiko.transport: Remote version/idstring: SSH-2.0-paramiko_2.8.1
INF [20230126-08:40:01.507] thr=1   paramiko.transport: Connected (version 2.0, client paramiko_2.8.1)
DEB [20230126-08:40:01.507] thr=1   paramiko.transport: kex algos:['gss-gex-sha1-toWM5Slw5Ew8Mqkay+al2g==', 'gss-group14-sha1-toWM5Slw5Ew8Mqkay+al2g==', 'gss-group1-sha1-toWM5Slw5Ew8Mqkay+al2g==', 'curve25519-sha256@libssh.org', 'ecdh-sha2-nistp256', 'ecdh-sha2-nistp384', 'ecdh-sha2-nistp521', 'diffie-hellman-group16-sha512', 'diffie-hellman-group14-sha256', 'diffie-hellman-group14-sha1', 'diffie-hellman-group1-sha1'] server key:['ssh-rsa'] client encrypt:['aes128-ctr', 'aes192-ctr', 'aes256-ctr', 'aes128-cbc', 'aes192-cbc', 'aes256-cbc', 'blowfish-cbc', '3des-cbc'] server encrypt:['aes128-ctr', 'aes192-ctr', 'aes256-ctr', 'aes128-cbc', 'aes192-cbc', 'aes256-cbc', 'blowfish-cbc', '3des-cbc'] client mac:['hmac-sha2-256', 'hmac-sha2-512', 'hmac-sha2-256-etm@openssh.com', 'hmac-sha2-512-etm@openssh.com', 'hmac-sha1', 'hmac-md5', 'hmac-sha1-96', 'hmac-md5-96'] server mac:['hmac-sha2-256', 'hmac-sha2-512', 'hmac-sha2-256-etm@openssh.com', 'hmac-sha2-512-etm@openssh.com', 'hmac-sha1', 'hmac-md5', 'hmac-sha1-96', 'hmac-md5-96'] client compress:['none'] server compress:['none'] client lang:[''] server lang:[''] kex follows?False
DEB [20230126-08:40:01.507] thr=1   paramiko.transport: Kex agreed: curve25519-sha256@libssh.org
DEB [20230126-08:40:01.507] thr=1   paramiko.transport: HostKey agreed: ssh-rsa
DEB [20230126-08:40:01.507] thr=1   paramiko.transport: Cipher agreed: aes128-ctr
DEB [20230126-08:40:01.507] thr=1   paramiko.transport: MAC agreed: hmac-sha2-256
DEB [20230126-08:40:01.507] thr=1   paramiko.transport: Compression agreed: none
DEB [20230126-08:40:01.514] thr=1   paramiko.transport: kex engine KexCurve25519 specified hash_algo <built-in function openssl_sha256>
DEB [20230126-08:40:01.514] thr=1   paramiko.transport: Switch to new keys ...
DEB [20230126-08:40:08.913] thr=1   paramiko.transport: userauth is OK
INF [20230126-08:40:08.935] thr=1   paramiko.transport: Authentication (password) successful!
DEB [20230126-08:40:08.935] thr=2   paramiko.transport: [chan 0] Max packet in: 32768 bytes
DEB [20230126-08:40:08.935] thr=1   paramiko.transport: [chan 0] Max packet out: 32768 bytes
DEB [20230126-08:40:08.935] thr=1   paramiko.transport: Secsh channel 0 opened.
DEB [20230126-08:40:08.935] thr=1   paramiko.transport: [chan 0] Sesch channel 0 request ok
DEB [20230126-08:40:08.935] thr=1   paramiko.transport: [chan 0] Sesch channel 0 request ok
ERR [20230126-08:40:41.276] thr=1   paramiko.transport: Socket exception: An existing connection was forcibly closed by the remote host (10054)
DEB [20230126-08:43:36.628] thr=1   paramiko.transport: starting thread (client mode): 0xf6eee970
DEB [20230126-08:43:36.628] thr=1   paramiko.transport: Local version/idstring: SSH-2.0-paramiko_2.8.1
DEB [20230126-08:43:36.628] thr=1   paramiko.transport: Remote version/idstring: SSH-2.0-paramiko_2.8.1
INF [20230126-08:43:36.628] thr=1   paramiko.transport: Connected (version 2.0, client paramiko_2.8.1)
DEB [20230126-08:43:36.628] thr=1   paramiko.transport: kex algos:['gss-gex-sha1-toWM5Slw5Ew8Mqkay+al2g==', 'gss-group14-sha1-toWM5Slw5Ew8Mqkay+al2g==', 'gss-group1-sha1-toWM5Slw5Ew8Mqkay+al2g==', 'curve25519-sha256@libssh.org', 'ecdh-sha2-nistp256', 'ecdh-sha2-nistp384', 'ecdh-sha2-nistp521', 'diffie-hellman-group16-sha512', 'diffie-hellman-group14-sha256', 'diffie-hellman-group14-sha1', 'diffie-hellman-group1-sha1'] server key:['ssh-rsa'] client encrypt:['aes128-ctr', 'aes192-ctr', 'aes256-ctr', 'aes128-cbc', 'aes192-cbc', 'aes256-cbc', 'blowfish-cbc', '3des-cbc'] server encrypt:['aes128-ctr', 'aes192-ctr', 'aes256-ctr', 'aes128-cbc', 'aes192-cbc', 'aes256-cbc', 'blowfish-cbc', '3des-cbc'] client mac:['hmac-sha2-256', 'hmac-sha2-512', 'hmac-sha2-256-etm@openssh.com', 'hmac-sha2-512-etm@openssh.com', 'hmac-sha1', 'hmac-md5', 'hmac-sha1-96', 'hmac-md5-96'] server mac:['hmac-sha2-256', 'hmac-sha2-512', 'hmac-sha2-256-etm@openssh.com', 'hmac-sha2-512-etm@openssh.com', 'hmac-sha1', 'hmac-md5', 'hmac-sha1-96', 'hmac-md5-96'] client compress:['none'] server compress:['none'] client lang:[''] server lang:[''] kex follows?False
DEB [20230126-08:43:36.628] thr=1   paramiko.transport: Kex agreed: curve25519-sha256@libssh.org
DEB [20230126-08:43:36.643] thr=1   paramiko.transport: HostKey agreed: ssh-rsa
DEB [20230126-08:43:36.643] thr=1   paramiko.transport: Cipher agreed: aes128-ctr
DEB [20230126-08:43:36.643] thr=1   paramiko.transport: MAC agreed: hmac-sha2-256
DEB [20230126-08:43:36.643] thr=1   paramiko.transport: Compression agreed: none
DEB [20230126-08:43:36.643] thr=1   paramiko.transport: kex engine KexCurve25519 specified hash_algo <built-in function openssl_sha256>
DEB [20230126-08:43:36.643] thr=1   paramiko.transport: Switch to new keys ...
DEB [20230126-08:43:41.315] thr=1   paramiko.transport: userauth is OK
INF [20230126-08:43:41.315] thr=1   paramiko.transport: Authentication (password) successful!
DEB [20230126-08:43:41.315] thr=2   paramiko.transport: [chan 0] Max packet in: 32768 bytes
DEB [20230126-08:43:41.331] thr=1   paramiko.transport: [chan 0] Max packet out: 32768 bytes
DEB [20230126-08:43:41.331] thr=1   paramiko.transport: Secsh channel 0 opened.
DEB [20230126-08:43:41.331] thr=1   paramiko.transport: [chan 0] Sesch channel 0 request ok
DEB [20230126-08:43:41.331] thr=1   paramiko.transport: [chan 0] Sesch channel 0 request ok
ERR [20230126-08:44:38.827] thr=1   paramiko.transport: Socket exception: An existing connection was forcibly closed by the remote host (10054)
DEB [20230126-08:45:08.265] thr=1   paramiko.transport: starting thread (client mode): 0x37ce970
DEB [20230126-08:45:08.265] thr=1   paramiko.transport: Local version/idstring: SSH-2.0-paramiko_2.8.1
DEB [20230126-08:45:08.265] thr=1   paramiko.transport: Remote version/idstring: SSH-2.0-paramiko_2.8.1
INF [20230126-08:45:08.265] thr=1   paramiko.transport: Connected (version 2.0, client paramiko_2.8.1)
DEB [20230126-08:45:08.265] thr=1   paramiko.transport: kex algos:['gss-gex-sha1-toWM5Slw5Ew8Mqkay+al2g==', 'gss-group14-sha1-toWM5Slw5Ew8Mqkay+al2g==', 'gss-group1-sha1-toWM5Slw5Ew8Mqkay+al2g==', 'curve25519-sha256@libssh.org', 'ecdh-sha2-nistp256', 'ecdh-sha2-nistp384', 'ecdh-sha2-nistp521', 'diffie-hellman-group16-sha512', 'diffie-hellman-group14-sha256', 'diffie-hellman-group14-sha1', 'diffie-hellman-group1-sha1'] server key:['ssh-rsa'] client encrypt:['aes128-ctr', 'aes192-ctr', 'aes256-ctr', 'aes128-cbc', 'aes192-cbc', 'aes256-cbc', 'blowfish-cbc', '3des-cbc'] server encrypt:['aes128-ctr', 'aes192-ctr', 'aes256-ctr', 'aes128-cbc', 'aes192-cbc', 'aes256-cbc', 'blowfish-cbc', '3des-cbc'] client mac:['hmac-sha2-256', 'hmac-sha2-512', 'hmac-sha2-256-etm@openssh.com', 'hmac-sha2-512-etm@openssh.com', 'hmac-sha1', 'hmac-md5', 'hmac-sha1-96', 'hmac-md5-96'] server mac:['hmac-sha2-256', 'hmac-sha2-512', 'hmac-sha2-256-etm@openssh.com', 'hmac-sha2-512-etm@openssh.com', 'hmac-sha1', 'hmac-md5', 'hmac-sha1-96', 'hmac-md5-96'] client compress:['none'] server compress:['none'] client lang:[''] server lang:[''] kex follows?False
DEB [20230126-08:45:08.265] thr=1   paramiko.transport: Kex agreed: curve25519-sha256@libssh.org
DEB [20230126-08:45:08.265] thr=1   paramiko.transport: HostKey agreed: ssh-rsa
DEB [20230126-08:45:08.265] thr=1   paramiko.transport: Cipher agreed: aes128-ctr
DEB [20230126-08:45:08.265] thr=1   paramiko.transport: MAC agreed: hmac-sha2-256
DEB [20230126-08:45:08.265] thr=1   paramiko.transport: Compression agreed: none
DEB [20230126-08:45:08.265] thr=1   paramiko.transport: kex engine KexCurve25519 specified hash_algo <built-in function openssl_sha256>
DEB [20230126-08:45:08.265] thr=1   paramiko.transport: Switch to new keys ...
DEB [20230126-08:45:14.343] thr=1   paramiko.transport: userauth is OK
INF [20230126-08:45:14.343] thr=1   paramiko.transport: Authentication (password) successful!
DEB [20230126-08:45:14.343] thr=2   paramiko.transport: [chan 0] Max packet in: 32768 bytes
DEB [20230126-08:45:14.343] thr=1   paramiko.transport: [chan 0] Max packet out: 32768 bytes
DEB [20230126-08:45:14.343] thr=1   paramiko.transport: Secsh channel 0 opened.
DEB [20230126-08:45:14.343] thr=1   paramiko.transport: [chan 0] Sesch channel 0 request ok
DEB [20230126-08:45:14.359] thr=1   paramiko.transport: [chan 0] Sesch channel 0 request ok
ERR [20230126-08:46:37.997] thr=1   paramiko.transport: Socket exception: An existing connection was forcibly closed by the remote host (10054)
DEB [20230126-08:48:41.452] thr=1   paramiko.transport: starting thread (client mode): 0xf6f7e970
DEB [20230126-08:48:41.452] thr=1   paramiko.transport: Local version/idstring: SSH-2.0-paramiko_2.8.1
DEB [20230126-08:48:41.452] thr=1   paramiko.transport: Remote version/idstring: SSH-2.0-paramiko_2.8.1
INF [20230126-08:48:41.452] thr=1   paramiko.transport: Connected (version 2.0, client paramiko_2.8.1)
DEB [20230126-08:48:41.452] thr=1   paramiko.transport: kex algos:['gss-gex-sha1-toWM5Slw5Ew8Mqkay+al2g==', 'gss-group14-sha1-toWM5Slw5Ew8Mqkay+al2g==', 'gss-group1-sha1-toWM5Slw5Ew8Mqkay+al2g==', 'curve25519-sha256@libssh.org', 'ecdh-sha2-nistp256', 'ecdh-sha2-nistp384', 'ecdh-sha2-nistp521', 'diffie-hellman-group16-sha512', 'diffie-hellman-group14-sha256', 'diffie-hellman-group14-sha1', 'diffie-hellman-group1-sha1'] server key:['ssh-rsa'] client encrypt:['aes128-ctr', 'aes192-ctr', 'aes256-ctr', 'aes128-cbc', 'aes192-cbc', 'aes256-cbc', 'blowfish-cbc', '3des-cbc'] server encrypt:['aes128-ctr', 'aes192-ctr', 'aes256-ctr', 'aes128-cbc', 'aes192-cbc', 'aes256-cbc', 'blowfish-cbc', '3des-cbc'] client mac:['hmac-sha2-256', 'hmac-sha2-512', 'hmac-sha2-256-etm@openssh.com', 'hmac-sha2-512-etm@openssh.com', 'hmac-sha1', 'hmac-md5', 'hmac-sha1-96', 'hmac-md5-96'] server mac:['hmac-sha2-256', 'hmac-sha2-512', 'hmac-sha2-256-etm@openssh.com', 'hmac-sha2-512-etm@openssh.com', 'hmac-sha1', 'hmac-md5', 'hmac-sha1-96', 'hmac-md5-96'] client compress:['none'] server compress:['none'] client lang:[''] server lang:[''] kex follows?False
DEB [20230126-08:48:41.452] thr=1   paramiko.transport: Kex agreed: curve25519-sha256@libssh.org
DEB [20230126-08:48:41.452] thr=1   paramiko.transport: HostKey agreed: ssh-rsa
DEB [20230126-08:48:41.452] thr=1   paramiko.transport: Cipher agreed: aes128-ctr
DEB [20230126-08:48:41.452] thr=1   paramiko.transport: MAC agreed: hmac-sha2-256
DEB [20230126-08:48:41.452] thr=1   paramiko.transport: Compression agreed: none
DEB [20230126-08:48:41.452] thr=1   paramiko.transport: kex engine KexCurve25519 specified hash_algo <built-in function openssl_sha256>
DEB [20230126-08:48:41.452] thr=1   paramiko.transport: Switch to new keys ...
DEB [20230126-08:49:14.351] thr=1   paramiko.transport: userauth is OK
INF [20230126-08:49:14.367] thr=1   paramiko.transport: Authentication (password) successful!
DEB [20230126-08:49:14.367] thr=2   paramiko.transport: [chan 0] Max packet in: 32768 bytes
DEB [20230126-08:49:14.367] thr=1   paramiko.transport: [chan 0] Max packet out: 32768 bytes
DEB [20230126-08:49:14.367] thr=1   paramiko.transport: Secsh channel 0 opened.
DEB [20230126-08:49:14.373] thr=1   paramiko.transport: [chan 0] Sesch channel 0 request ok
DEB [20230126-08:49:14.373] thr=1   paramiko.transport: [chan 0] Sesch channel 0 request ok
DEB [20230126-08:49:55.137] thr=1   paramiko.transport: starting thread (client mode): 0x65e4e970
DEB [20230126-08:49:55.137] thr=1   paramiko.transport: Local version/idstring: SSH-2.0-paramiko_2.8.1
DEB [20230126-08:49:55.137] thr=1   paramiko.transport: Remote version/idstring: SSH-2.0-paramiko_2.8.1
INF [20230126-08:49:55.137] thr=1   paramiko.transport: Connected (version 2.0, client paramiko_2.8.1)
DEB [20230126-08:49:55.137] thr=1   paramiko.transport: kex algos:['gss-gex-sha1-toWM5Slw5Ew8Mqkay+al2g==', 'gss-group14-sha1-toWM5Slw5Ew8Mqkay+al2g==', 'gss-group1-sha1-toWM5Slw5Ew8Mqkay+al2g==', 'curve25519-sha256@libssh.org', 'ecdh-sha2-nistp256', 'ecdh-sha2-nistp384', 'ecdh-sha2-nistp521', 'diffie-hellman-group16-sha512', 'diffie-hellman-group14-sha256', 'diffie-hellman-group14-sha1', 'diffie-hellman-group1-sha1'] server key:['ssh-rsa'] client encrypt:['aes128-ctr', 'aes192-ctr', 'aes256-ctr', 'aes128-cbc', 'aes192-cbc', 'aes256-cbc', 'blowfish-cbc', '3des-cbc'] server encrypt:['aes128-ctr', 'aes192-ctr', 'aes256-ctr', 'aes128-cbc', 'aes192-cbc', 'aes256-cbc', 'blowfish-cbc', '3des-cbc'] client mac:['hmac-sha2-256', 'hmac-sha2-512', 'hmac-sha2-256-etm@openssh.com', 'hmac-sha2-512-etm@openssh.com', 'hmac-sha1', 'hmac-md5', 'hmac-sha1-96', 'hmac-md5-96'] server mac:['hmac-sha2-256', 'hmac-sha2-512', 'hmac-sha2-256-etm@openssh.com', 'hmac-sha2-512-etm@openssh.com', 'hmac-sha1', 'hmac-md5', 'hmac-sha1-96', 'hmac-md5-96'] client compress:['none'] server compress:['none'] client lang:[''] server lang:[''] kex follows?False
DEB [20230126-08:49:55.153] thr=1   paramiko.transport: Kex agreed: curve25519-sha256@libssh.org
DEB [20230126-08:49:55.153] thr=1   paramiko.transport: HostKey agreed: ssh-rsa
DEB [20230126-08:49:55.153] thr=1   paramiko.transport: Cipher agreed: aes128-ctr
DEB [20230126-08:49:55.153] thr=1   paramiko.transport: MAC agreed: hmac-sha2-256
DEB [20230126-08:49:55.153] thr=1   paramiko.transport: Compression agreed: none
DEB [20230126-08:49:55.153] thr=1   paramiko.transport: kex engine KexCurve25519 specified hash_algo <built-in function openssl_sha256>
DEB [20230126-08:49:55.153] thr=1   paramiko.transport: Switch to new keys ...
DEB [20230126-08:50:00.894] thr=1   paramiko.transport: userauth is OK
INF [20230126-08:50:00.909] thr=1   paramiko.transport: Authentication (password) successful!
DEB [20230126-08:50:00.909] thr=2   paramiko.transport: [chan 0] Max packet in: 32768 bytes
DEB [20230126-08:50:00.909] thr=1   paramiko.transport: [chan 0] Max packet out: 32768 bytes
DEB [20230126-08:50:00.909] thr=1   paramiko.transport: Secsh channel 0 opened.
DEB [20230126-08:50:00.909] thr=1   paramiko.transport: [chan 0] Sesch channel 0 request ok
DEB [20230126-08:50:00.909] thr=1   paramiko.transport: [chan 0] Sesch channel 0 request ok
ERR [20230126-08:51:15.991] thr=1   paramiko.transport: Socket exception: An existing connection was forcibly closed by the remote host (10054)
DEB [20230126-08:53:35.313] thr=1   paramiko.transport: starting thread (client mode): 0xefe8e970
DEB [20230126-08:53:35.313] thr=1   paramiko.transport: Local version/idstring: SSH-2.0-paramiko_2.8.1
DEB [20230126-08:53:35.498] thr=1   paramiko.transport: Remote version/idstring: SSH-2.0-paramiko_2.8.1
INF [20230126-08:53:35.498] thr=1   paramiko.transport: Connected (version 2.0, client paramiko_2.8.1)
DEB [20230126-08:53:35.661] thr=1   paramiko.transport: kex algos:['gss-gex-sha1-toWM5Slw5Ew8Mqkay+al2g==', 'gss-group14-sha1-toWM5Slw5Ew8Mqkay+al2g==', 'gss-group1-sha1-toWM5Slw5Ew8Mqkay+al2g==', 'curve25519-sha256@libssh.org', 'ecdh-sha2-nistp256', 'ecdh-sha2-nistp384', 'ecdh-sha2-nistp521', 'diffie-hellman-group16-sha512', 'diffie-hellman-group14-sha256', 'diffie-hellman-group14-sha1', 'diffie-hellman-group1-sha1'] server key:['ssh-rsa'] client encrypt:['aes128-ctr', 'aes192-ctr', 'aes256-ctr', 'aes128-cbc', 'aes192-cbc', 'aes256-cbc', 'blowfish-cbc', '3des-cbc'] server encrypt:['aes128-ctr', 'aes192-ctr', 'aes256-ctr', 'aes128-cbc', 'aes192-cbc', 'aes256-cbc', 'blowfish-cbc', '3des-cbc'] client mac:['hmac-sha2-256', 'hmac-sha2-512', 'hmac-sha2-256-etm@openssh.com', 'hmac-sha2-512-etm@openssh.com', 'hmac-sha1', 'hmac-md5', 'hmac-sha1-96', 'hmac-md5-96'] server mac:['hmac-sha2-256', 'hmac-sha2-512', 'hmac-sha2-256-etm@openssh.com', 'hmac-sha2-512-etm@openssh.com', 'hmac-sha1', 'hmac-md5', 'hmac-sha1-96', 'hmac-md5-96'] client compress:['none'] server compress:['none'] client lang:[''] server lang:[''] kex follows?False
DEB [20230126-08:53:35.661] thr=1   paramiko.transport: Kex agreed: curve25519-sha256@libssh.org
DEB [20230126-08:53:35.661] thr=1   paramiko.transport: HostKey agreed: ssh-rsa
DEB [20230126-08:53:35.661] thr=1   paramiko.transport: Cipher agreed: aes128-ctr
DEB [20230126-08:53:35.661] thr=1   paramiko.transport: MAC agreed: hmac-sha2-256
DEB [20230126-08:53:35.661] thr=1   paramiko.transport: Compression agreed: none
DEB [20230126-08:53:36.031] thr=1   paramiko.transport: kex engine KexCurve25519 specified hash_algo <built-in function openssl_sha256>
DEB [20230126-08:53:36.062] thr=1   paramiko.transport: Switch to new keys ...
DEB [20230126-08:53:41.285] thr=1   paramiko.transport: userauth is OK
INF [20230126-08:53:41.323] thr=1   paramiko.transport: Authentication (password) successful!
DEB [20230126-08:53:41.323] thr=2   paramiko.transport: [chan 0] Max packet in: 32768 bytes
DEB [20230126-08:53:41.354] thr=1   paramiko.transport: [chan 0] Max packet out: 32768 bytes
DEB [20230126-08:53:41.354] thr=1   paramiko.transport: Secsh channel 0 opened.
DEB [20230126-08:53:41.486] thr=1   paramiko.transport: [chan 0] Sesch channel 0 request ok
DEB [20230126-08:53:41.555] thr=1   paramiko.transport: [chan 0] Sesch channel 0 request ok
DEB [20230126-08:54:16.117] thr=1   paramiko.transport: [chan 0] EOF received (0)
DEB [20230126-08:54:16.117] thr=1   paramiko.transport: [chan 0] EOF sent (0)
ERR [20230126-08:54:21.311] thr=1   paramiko.transport: Socket exception: An existing connection was forcibly closed by the remote host (10054)
