DEB [20230125-20:19:25.062] thr=1   paramiko.transport: starting thread (client mode): 0x5e15f970
DEB [20230125-20:19:25.063] thr=1   paramiko.transport: Local version/idstring: SSH-2.0-paramiko_2.8.1
DEB [20230125-20:19:25.099] thr=1   paramiko.transport: Remote version/idstring: SSH-2.0-paramiko_2.8.1
INF [20230125-20:19:25.099] thr=1   paramiko.transport: Connected (version 2.0, client paramiko_2.8.1)
DEB [20230125-20:19:25.105] thr=1   paramiko.transport: kex algos:['gss-gex-sha1-toWM5Slw5Ew8Mqkay+al2g==', 'gss-group14-sha1-toWM5Slw5Ew8Mqkay+al2g==', 'gss-group1-sha1-toWM5Slw5Ew8Mqkay+al2g==', 'curve25519-sha256@libssh.org', 'ecdh-sha2-nistp256', 'ecdh-sha2-nistp384', 'ecdh-sha2-nistp521', 'diffie-hellman-group16-sha512', 'diffie-hellman-group14-sha256', 'diffie-hellman-group14-sha1', 'diffie-hellman-group1-sha1'] server key:['ssh-rsa'] client encrypt:['aes128-ctr', 'aes192-ctr', 'aes256-ctr', 'aes128-cbc', 'aes192-cbc', 'aes256-cbc', 'blowfish-cbc', '3des-cbc'] server encrypt:['aes128-ctr', 'aes192-ctr', 'aes256-ctr', 'aes128-cbc', 'aes192-cbc', 'aes256-cbc', 'blowfish-cbc', '3des-cbc'] client mac:['hmac-sha2-256', 'hmac-sha2-512', 'hmac-sha2-256-etm@openssh.com', 'hmac-sha2-512-etm@openssh.com', 'hmac-sha1', 'hmac-md5', 'hmac-sha1-96', 'hmac-md5-96'] server mac:['hmac-sha2-256', 'hmac-sha2-512', 'hmac-sha2-256-etm@openssh.com', 'hmac-sha2-512-etm@openssh.com', 'hmac-sha1', 'hmac-md5', 'hmac-sha1-96', 'hmac-md5-96'] client compress:['none'] server compress:['none'] client lang:[''] server lang:[''] kex follows?False
DEB [20230125-20:19:25.106] thr=1   paramiko.transport: Kex agreed: curve25519-sha256@libssh.org
DEB [20230125-20:19:25.106] thr=1   paramiko.transport: HostKey agreed: ssh-rsa
DEB [20230125-20:19:25.106] thr=1   paramiko.transport: Cipher agreed: aes128-ctr
DEB [20230125-20:19:25.106] thr=1   paramiko.transport: MAC agreed: hmac-sha2-256
DEB [20230125-20:19:25.107] thr=1   paramiko.transport: Compression agreed: none
DEB [20230125-20:19:25.112] thr=1   paramiko.transport: kex engine KexCurve25519 specified hash_algo <built-in function openssl_sha256>
DEB [20230125-20:19:25.113] thr=1   paramiko.transport: Switch to new keys ...
DEB [20230125-20:19:28.251] thr=1   paramiko.transport: starting thread (client mode): 0xbb1ef970
DEB [20230125-20:19:28.252] thr=1   paramiko.transport: Local version/idstring: SSH-2.0-paramiko_2.8.1
DEB [20230125-20:19:35.931] thr=1   paramiko.transport: EOF in transport thread
ERR [20230125-20:19:37.968] thr=1   paramiko.transport: Exception: Error reading SSH protocol banner[WinError 10038] An operation was attempted on something that is not a socket
DEB [20230125-20:20:21.782] thr=1   paramiko.transport: starting thread (client mode): 0x7daae970
DEB [20230125-20:20:21.784] thr=1   paramiko.transport: Local version/idstring: SSH-2.0-paramiko_2.8.1
DEB [20230125-20:20:21.810] thr=1   paramiko.transport: Remote version/idstring: SSH-2.0-paramiko_2.8.1
INF [20230125-20:20:21.810] thr=1   paramiko.transport: Connected (version 2.0, client paramiko_2.8.1)
DEB [20230125-20:20:21.814] thr=1   paramiko.transport: kex algos:['gss-gex-sha1-toWM5Slw5Ew8Mqkay+al2g==', 'gss-group14-sha1-toWM5Slw5Ew8Mqkay+al2g==', 'gss-group1-sha1-toWM5Slw5Ew8Mqkay+al2g==', 'curve25519-sha256@libssh.org', 'ecdh-sha2-nistp256', 'ecdh-sha2-nistp384', 'ecdh-sha2-nistp521', 'diffie-hellman-group16-sha512', 'diffie-hellman-group14-sha256', 'diffie-hellman-group14-sha1', 'diffie-hellman-group1-sha1'] server key:['ssh-rsa'] client encrypt:['aes128-ctr', 'aes192-ctr', 'aes256-ctr', 'aes128-cbc', 'aes192-cbc', 'aes256-cbc', 'blowfish-cbc', '3des-cbc'] server encrypt:['aes128-ctr', 'aes192-ctr', 'aes256-ctr', 'aes128-cbc', 'aes192-cbc', 'aes256-cbc', 'blowfish-cbc', '3des-cbc'] client mac:['hmac-sha2-256', 'hmac-sha2-512', 'hmac-sha2-256-etm@openssh.com', 'hmac-sha2-512-etm@openssh.com', 'hmac-sha1', 'hmac-md5', 'hmac-sha1-96', 'hmac-md5-96'] server mac:['hmac-sha2-256', 'hmac-sha2-512', 'hmac-sha2-256-etm@openssh.com', 'hmac-sha2-512-etm@openssh.com', 'hmac-sha1', 'hmac-md5', 'hmac-sha1-96', 'hmac-md5-96'] client compress:['none'] server compress:['none'] client lang:[''] server lang:[''] kex follows?False
DEB [20230125-20:20:21.815] thr=1   paramiko.transport: Kex agreed: curve25519-sha256@libssh.org
DEB [20230125-20:20:21.815] thr=1   paramiko.transport: HostKey agreed: ssh-rsa
DEB [20230125-20:20:21.815] thr=1   paramiko.transport: Cipher agreed: aes128-ctr
DEB [20230125-20:20:21.815] thr=1   paramiko.transport: MAC agreed: hmac-sha2-256
DEB [20230125-20:20:21.816] thr=1   paramiko.transport: Compression agreed: none
DEB [20230125-20:20:21.822] thr=1   paramiko.transport: kex engine KexCurve25519 specified hash_algo <built-in function openssl_sha256>
DEB [20230125-20:20:21.823] thr=1   paramiko.transport: Switch to new keys ...
DEB [20230125-20:20:31.675] thr=1   paramiko.transport: userauth is OK
INF [20230125-20:20:31.710] thr=1   paramiko.transport: Authentication (password) successful!
DEB [20230125-20:20:31.711] thr=2   paramiko.transport: [chan 0] Max packet in: 32768 bytes
DEB [20230125-20:20:31.713] thr=1   paramiko.transport: [chan 0] Max packet out: 32768 bytes
DEB [20230125-20:20:31.713] thr=1   paramiko.transport: Secsh channel 0 opened.
DEB [20230125-20:20:31.714] thr=1   paramiko.transport: [chan 0] Sesch channel 0 request ok
DEB [20230125-20:20:31.716] thr=1   paramiko.transport: [chan 0] Sesch channel 0 request ok
DEB [20230125-20:27:01.241] thr=1   paramiko.transport: starting thread (client mode): 0xd7f0e970
DEB [20230125-20:27:01.242] thr=1   paramiko.transport: Local version/idstring: SSH-2.0-paramiko_2.8.1
DEB [20230125-20:27:01.264] thr=1   paramiko.transport: Remote version/idstring: SSH-2.0-paramiko_2.8.1
INF [20230125-20:27:01.265] thr=1   paramiko.transport: Connected (version 2.0, client paramiko_2.8.1)
DEB [20230125-20:27:01.270] thr=1   paramiko.transport: kex algos:['gss-gex-sha1-toWM5Slw5Ew8Mqkay+al2g==', 'gss-group14-sha1-toWM5Slw5Ew8Mqkay+al2g==', 'gss-group1-sha1-toWM5Slw5Ew8Mqkay+al2g==', 'curve25519-sha256@libssh.org', 'ecdh-sha2-nistp256', 'ecdh-sha2-nistp384', 'ecdh-sha2-nistp521', 'diffie-hellman-group16-sha512', 'diffie-hellman-group14-sha256', 'diffie-hellman-group14-sha1', 'diffie-hellman-group1-sha1'] server key:['ssh-rsa'] client encrypt:['aes128-ctr', 'aes192-ctr', 'aes256-ctr', 'aes128-cbc', 'aes192-cbc', 'aes256-cbc', 'blowfish-cbc', '3des-cbc'] server encrypt:['aes128-ctr', 'aes192-ctr', 'aes256-ctr', 'aes128-cbc', 'aes192-cbc', 'aes256-cbc', 'blowfish-cbc', '3des-cbc'] client mac:['hmac-sha2-256', 'hmac-sha2-512', 'hmac-sha2-256-etm@openssh.com', 'hmac-sha2-512-etm@openssh.com', 'hmac-sha1', 'hmac-md5', 'hmac-sha1-96', 'hmac-md5-96'] server mac:['hmac-sha2-256', 'hmac-sha2-512', 'hmac-sha2-256-etm@openssh.com', 'hmac-sha2-512-etm@openssh.com', 'hmac-sha1', 'hmac-md5', 'hmac-sha1-96', 'hmac-md5-96'] client compress:['none'] server compress:['none'] client lang:[''] server lang:[''] kex follows?False
DEB [20230125-20:27:01.270] thr=1   paramiko.transport: Kex agreed: curve25519-sha256@libssh.org
DEB [20230125-20:27:01.270] thr=1   paramiko.transport: HostKey agreed: ssh-rsa
DEB [20230125-20:27:01.270] thr=1   paramiko.transport: Cipher agreed: aes128-ctr
DEB [20230125-20:27:01.271] thr=1   paramiko.transport: MAC agreed: hmac-sha2-256
DEB [20230125-20:27:01.271] thr=1   paramiko.transport: Compression agreed: none
DEB [20230125-20:27:01.276] thr=1   paramiko.transport: kex engine KexCurve25519 specified hash_algo <built-in function openssl_sha256>
DEB [20230125-20:27:01.277] thr=1   paramiko.transport: Switch to new keys ...
ERR [20230125-20:27:38.249] thr=1   paramiko.transport: Socket exception: An existing connection was forcibly closed by the remote host (10054)
DEB [20230125-20:27:52.419] thr=1   paramiko.transport: starting thread (client mode): 0x20aae970
DEB [20230125-20:27:52.420] thr=1   paramiko.transport: Local version/idstring: SSH-2.0-paramiko_2.8.1
DEB [20230125-20:27:52.425] thr=1   paramiko.transport: Remote version/idstring: SSH-2.0-paramiko_2.8.1
INF [20230125-20:27:52.425] thr=1   paramiko.transport: Connected (version 2.0, client paramiko_2.8.1)
DEB [20230125-20:27:52.446] thr=1   paramiko.transport: kex algos:['gss-gex-sha1-toWM5Slw5Ew8Mqkay+al2g==', 'gss-group14-sha1-toWM5Slw5Ew8Mqkay+al2g==', 'gss-group1-sha1-toWM5Slw5Ew8Mqkay+al2g==', 'curve25519-sha256@libssh.org', 'ecdh-sha2-nistp256', 'ecdh-sha2-nistp384', 'ecdh-sha2-nistp521', 'diffie-hellman-group16-sha512', 'diffie-hellman-group14-sha256', 'diffie-hellman-group14-sha1', 'diffie-hellman-group1-sha1'] server key:['ssh-rsa'] client encrypt:['aes128-ctr', 'aes192-ctr', 'aes256-ctr', 'aes128-cbc', 'aes192-cbc', 'aes256-cbc', 'blowfish-cbc', '3des-cbc'] server encrypt:['aes128-ctr', 'aes192-ctr', 'aes256-ctr', 'aes128-cbc', 'aes192-cbc', 'aes256-cbc', 'blowfish-cbc', '3des-cbc'] client mac:['hmac-sha2-256', 'hmac-sha2-512', 'hmac-sha2-256-etm@openssh.com', 'hmac-sha2-512-etm@openssh.com', 'hmac-sha1', 'hmac-md5', 'hmac-sha1-96', 'hmac-md5-96'] server mac:['hmac-sha2-256', 'hmac-sha2-512', 'hmac-sha2-256-etm@openssh.com', 'hmac-sha2-512-etm@openssh.com', 'hmac-sha1', 'hmac-md5', 'hmac-sha1-96', 'hmac-md5-96'] client compress:['none'] server compress:['none'] client lang:[''] server lang:[''] kex follows?False
DEB [20230125-20:27:52.446] thr=1   paramiko.transport: Kex agreed: curve25519-sha256@libssh.org
DEB [20230125-20:27:52.446] thr=1   paramiko.transport: HostKey agreed: ssh-rsa
DEB [20230125-20:27:52.447] thr=1   paramiko.transport: Cipher agreed: aes128-ctr
DEB [20230125-20:27:52.447] thr=1   paramiko.transport: MAC agreed: hmac-sha2-256
DEB [20230125-20:27:52.447] thr=1   paramiko.transport: Compression agreed: none
DEB [20230125-20:27:52.453] thr=1   paramiko.transport: kex engine KexCurve25519 specified hash_algo <built-in function openssl_sha256>
DEB [20230125-20:27:52.454] thr=1   paramiko.transport: Switch to new keys ...
DEB [20230125-20:27:59.590] thr=1   paramiko.transport: userauth is OK
INF [20230125-20:27:59.615] thr=1   paramiko.transport: Authentication (password) successful!
DEB [20230125-20:27:59.616] thr=2   paramiko.transport: [chan 0] Max packet in: 32768 bytes
DEB [20230125-20:27:59.618] thr=1   paramiko.transport: [chan 0] Max packet out: 32768 bytes
DEB [20230125-20:27:59.618] thr=1   paramiko.transport: Secsh channel 0 opened.
DEB [20230125-20:27:59.620] thr=1   paramiko.transport: [chan 0] Sesch channel 0 request ok
DEB [20230125-20:27:59.621] thr=1   paramiko.transport: [chan 0] Sesch channel 0 request ok
DEB [20230126-06:10:57.841] thr=1   paramiko.transport: starting thread (client mode): 0x9f72e970
DEB [20230126-06:10:57.844] thr=1   paramiko.transport: Local version/idstring: SSH-2.0-paramiko_2.8.1
DEB [20230126-06:10:58.010] thr=1   paramiko.transport: Remote version/idstring: SSH-2.0-paramiko_2.8.1
INF [20230126-06:10:58.011] thr=1   paramiko.transport: Connected (version 2.0, client paramiko_2.8.1)
DEB [20230126-06:10:58.037] thr=1   paramiko.transport: kex algos:['gss-gex-sha1-toWM5Slw5Ew8Mqkay+al2g==', 'gss-group14-sha1-toWM5Slw5Ew8Mqkay+al2g==', 'gss-group1-sha1-toWM5Slw5Ew8Mqkay+al2g==', 'curve25519-sha256@libssh.org', 'ecdh-sha2-nistp256', 'ecdh-sha2-nistp384', 'ecdh-sha2-nistp521', 'diffie-hellman-group16-sha512', 'diffie-hellman-group14-sha256', 'diffie-hellman-group14-sha1', 'diffie-hellman-group1-sha1'] server key:['ssh-rsa'] client encrypt:['aes128-ctr', 'aes192-ctr', 'aes256-ctr', 'aes128-cbc', 'aes192-cbc', 'aes256-cbc', 'blowfish-cbc', '3des-cbc'] server encrypt:['aes128-ctr', 'aes192-ctr', 'aes256-ctr', 'aes128-cbc', 'aes192-cbc', 'aes256-cbc', 'blowfish-cbc', '3des-cbc'] client mac:['hmac-sha2-256', 'hmac-sha2-512', 'hmac-sha2-256-etm@openssh.com', 'hmac-sha2-512-etm@openssh.com', 'hmac-sha1', 'hmac-md5', 'hmac-sha1-96', 'hmac-md5-96'] server mac:['hmac-sha2-256', 'hmac-sha2-512', 'hmac-sha2-256-etm@openssh.com', 'hmac-sha2-512-etm@openssh.com', 'hmac-sha1', 'hmac-md5', 'hmac-sha1-96', 'hmac-md5-96'] client compress:['none'] server compress:['none'] client lang:[''] server lang:[''] kex follows?False
DEB [20230126-06:10:58.037] thr=1   paramiko.transport: Kex agreed: curve25519-sha256@libssh.org
DEB [20230126-06:10:58.037] thr=1   paramiko.transport: HostKey agreed: ssh-rsa
DEB [20230126-06:10:58.038] thr=1   paramiko.transport: Cipher agreed: aes128-ctr
DEB [20230126-06:10:58.038] thr=1   paramiko.transport: MAC agreed: hmac-sha2-256
DEB [20230126-06:10:58.038] thr=1   paramiko.transport: Compression agreed: none
DEB [20230126-06:10:58.047] thr=1   paramiko.transport: kex engine KexCurve25519 specified hash_algo <built-in function openssl_sha256>
DEB [20230126-06:10:58.048] thr=1   paramiko.transport: Switch to new keys ...
DEB [20230126-06:11:12.402] thr=1   paramiko.transport: userauth is OK
INF [20230126-06:11:12.420] thr=1   paramiko.transport: Authentication (password) successful!
DEB [20230126-06:11:12.421] thr=2   paramiko.transport: [chan 0] Max packet in: 32768 bytes
DEB [20230126-06:11:12.423] thr=1   paramiko.transport: [chan 0] Max packet out: 32768 bytes
DEB [20230126-06:11:12.423] thr=1   paramiko.transport: Secsh channel 0 opened.
DEB [20230126-06:11:12.424] thr=1   paramiko.transport: [chan 0] Sesch channel 0 request ok
DEB [20230126-06:11:12.426] thr=1   paramiko.transport: [chan 0] Sesch channel 0 request ok
ERR [20230126-06:12:40.382] thr=1   paramiko.transport: Socket exception: An existing connection was forcibly closed by the remote host (10054)
DEB [20230126-06:13:50.119] thr=1   paramiko.transport: starting thread (client mode): 0xb8ffe970
DEB [20230126-06:13:50.123] thr=1   paramiko.transport: Local version/idstring: SSH-2.0-paramiko_2.8.1
DEB [20230126-06:13:50.163] thr=1   paramiko.transport: Remote version/idstring: SSH-2.0-paramiko_2.8.1
INF [20230126-06:13:50.163] thr=1   paramiko.transport: Connected (version 2.0, client paramiko_2.8.1)
DEB [20230126-06:13:50.166] thr=1   paramiko.transport: kex algos:['gss-gex-sha1-toWM5Slw5Ew8Mqkay+al2g==', 'gss-group14-sha1-toWM5Slw5Ew8Mqkay+al2g==', 'gss-group1-sha1-toWM5Slw5Ew8Mqkay+al2g==', 'curve25519-sha256@libssh.org', 'ecdh-sha2-nistp256', 'ecdh-sha2-nistp384', 'ecdh-sha2-nistp521', 'diffie-hellman-group16-sha512', 'diffie-hellman-group14-sha256', 'diffie-hellman-group14-sha1', 'diffie-hellman-group1-sha1'] server key:['ssh-rsa'] client encrypt:['aes128-ctr', 'aes192-ctr', 'aes256-ctr', 'aes128-cbc', 'aes192-cbc', 'aes256-cbc', 'blowfish-cbc', '3des-cbc'] server encrypt:['aes128-ctr', 'aes192-ctr', 'aes256-ctr', 'aes128-cbc', 'aes192-cbc', 'aes256-cbc', 'blowfish-cbc', '3des-cbc'] client mac:['hmac-sha2-256', 'hmac-sha2-512', 'hmac-sha2-256-etm@openssh.com', 'hmac-sha2-512-etm@openssh.com', 'hmac-sha1', 'hmac-md5', 'hmac-sha1-96', 'hmac-md5-96'] server mac:['hmac-sha2-256', 'hmac-sha2-512', 'hmac-sha2-256-etm@openssh.com', 'hmac-sha2-512-etm@openssh.com', 'hmac-sha1', 'hmac-md5', 'hmac-sha1-96', 'hmac-md5-96'] client compress:['none'] server compress:['none'] client lang:[''] server lang:[''] kex follows?False
DEB [20230126-06:13:50.166] thr=1   paramiko.transport: Kex agreed: curve25519-sha256@libssh.org
DEB [20230126-06:13:50.166] thr=1   paramiko.transport: HostKey agreed: ssh-rsa
DEB [20230126-06:13:50.166] thr=1   paramiko.transport: Cipher agreed: aes128-ctr
DEB [20230126-06:13:50.167] thr=1   paramiko.transport: MAC agreed: hmac-sha2-256
DEB [20230126-06:13:50.167] thr=1   paramiko.transport: Compression agreed: none
DEB [20230126-06:13:50.173] thr=1   paramiko.transport: kex engine KexCurve25519 specified hash_algo <built-in function openssl_sha256>
DEB [20230126-06:13:50.174] thr=1   paramiko.transport: Switch to new keys ...
DEB [20230126-06:13:55.021] thr=1   paramiko.transport: userauth is OK
INF [20230126-06:13:55.041] thr=1   paramiko.transport: Authentication (password) successful!
DEB [20230126-06:13:55.042] thr=2   paramiko.transport: [chan 0] Max packet in: 32768 bytes
DEB [20230126-06:13:55.044] thr=1   paramiko.transport: [chan 0] Max packet out: 32768 bytes
DEB [20230126-06:13:55.044] thr=1   paramiko.transport: Secsh channel 0 opened.
DEB [20230126-06:13:55.045] thr=1   paramiko.transport: [chan 0] Sesch channel 0 request ok
DEB [20230126-06:13:55.046] thr=1   paramiko.transport: [chan 0] Sesch channel 0 request ok
ERR [20230126-06:14:55.652] thr=1   paramiko.transport: Socket exception: An existing connection was forcibly closed by the remote host (10054)
DEB [20230126-06:17:24.837] thr=1   paramiko.transport: starting thread (client mode): 0x7dcfe970
DEB [20230126-06:17:24.838] thr=1   paramiko.transport: Local version/idstring: SSH-2.0-paramiko_2.8.1
DEB [20230126-06:17:24.860] thr=1   paramiko.transport: Remote version/idstring: SSH-2.0-paramiko_2.8.1
INF [20230126-06:17:24.861] thr=1   paramiko.transport: Connected (version 2.0, client paramiko_2.8.1)
DEB [20230126-06:17:24.863] thr=1   paramiko.transport: kex algos:['gss-gex-sha1-toWM5Slw5Ew8Mqkay+al2g==', 'gss-group14-sha1-toWM5Slw5Ew8Mqkay+al2g==', 'gss-group1-sha1-toWM5Slw5Ew8Mqkay+al2g==', 'curve25519-sha256@libssh.org', 'ecdh-sha2-nistp256', 'ecdh-sha2-nistp384', 'ecdh-sha2-nistp521', 'diffie-hellman-group16-sha512', 'diffie-hellman-group14-sha256', 'diffie-hellman-group14-sha1', 'diffie-hellman-group1-sha1'] server key:['ssh-rsa'] client encrypt:['aes128-ctr', 'aes192-ctr', 'aes256-ctr', 'aes128-cbc', 'aes192-cbc', 'aes256-cbc', 'blowfish-cbc', '3des-cbc'] server encrypt:['aes128-ctr', 'aes192-ctr', 'aes256-ctr', 'aes128-cbc', 'aes192-cbc', 'aes256-cbc', 'blowfish-cbc', '3des-cbc'] client mac:['hmac-sha2-256', 'hmac-sha2-512', 'hmac-sha2-256-etm@openssh.com', 'hmac-sha2-512-etm@openssh.com', 'hmac-sha1', 'hmac-md5', 'hmac-sha1-96', 'hmac-md5-96'] server mac:['hmac-sha2-256', 'hmac-sha2-512', 'hmac-sha2-256-etm@openssh.com', 'hmac-sha2-512-etm@openssh.com', 'hmac-sha1', 'hmac-md5', 'hmac-sha1-96', 'hmac-md5-96'] client compress:['none'] server compress:['none'] client lang:[''] server lang:[''] kex follows?False
DEB [20230126-06:17:24.863] thr=1   paramiko.transport: Kex agreed: curve25519-sha256@libssh.org
DEB [20230126-06:17:24.863] thr=1   paramiko.transport: HostKey agreed: ssh-rsa
DEB [20230126-06:17:24.863] thr=1   paramiko.transport: Cipher agreed: aes128-ctr
DEB [20230126-06:17:24.864] thr=1   paramiko.transport: MAC agreed: hmac-sha2-256
DEB [20230126-06:17:24.864] thr=1   paramiko.transport: Compression agreed: none
DEB [20230126-06:17:24.868] thr=1   paramiko.transport: kex engine KexCurve25519 specified hash_algo <built-in function openssl_sha256>
DEB [20230126-06:17:24.868] thr=1   paramiko.transport: Switch to new keys ...
DEB [20230126-06:17:29.324] thr=1   paramiko.transport: userauth is OK
INF [20230126-06:17:29.346] thr=1   paramiko.transport: Authentication (password) successful!
DEB [20230126-06:17:29.347] thr=2   paramiko.transport: [chan 0] Max packet in: 32768 bytes
DEB [20230126-06:17:29.349] thr=1   paramiko.transport: [chan 0] Max packet out: 32768 bytes
DEB [20230126-06:17:29.349] thr=1   paramiko.transport: Secsh channel 0 opened.
DEB [20230126-06:17:29.351] thr=1   paramiko.transport: [chan 0] Sesch channel 0 request ok
DEB [20230126-06:17:29.352] thr=1   paramiko.transport: [chan 0] Sesch channel 0 request ok
DEB [20230126-06:25:28.099] thr=1   paramiko.transport: starting thread (client mode): 0xaef8e970
DEB [20230126-06:25:28.100] thr=1   paramiko.transport: Local version/idstring: SSH-2.0-paramiko_2.8.1
DEB [20230126-06:25:28.130] thr=1   paramiko.transport: Remote version/idstring: SSH-2.0-paramiko_2.8.1
INF [20230126-06:25:28.130] thr=1   paramiko.transport: Connected (version 2.0, client paramiko_2.8.1)
DEB [20230126-06:25:28.132] thr=1   paramiko.transport: kex algos:['gss-gex-sha1-toWM5Slw5Ew8Mqkay+al2g==', 'gss-group14-sha1-toWM5Slw5Ew8Mqkay+al2g==', 'gss-group1-sha1-toWM5Slw5Ew8Mqkay+al2g==', 'curve25519-sha256@libssh.org', 'ecdh-sha2-nistp256', 'ecdh-sha2-nistp384', 'ecdh-sha2-nistp521', 'diffie-hellman-group16-sha512', 'diffie-hellman-group14-sha256', 'diffie-hellman-group14-sha1', 'diffie-hellman-group1-sha1'] server key:['ssh-rsa'] client encrypt:['aes128-ctr', 'aes192-ctr', 'aes256-ctr', 'aes128-cbc', 'aes192-cbc', 'aes256-cbc', 'blowfish-cbc', '3des-cbc'] server encrypt:['aes128-ctr', 'aes192-ctr', 'aes256-ctr', 'aes128-cbc', 'aes192-cbc', 'aes256-cbc', 'blowfish-cbc', '3des-cbc'] client mac:['hmac-sha2-256', 'hmac-sha2-512', 'hmac-sha2-256-etm@openssh.com', 'hmac-sha2-512-etm@openssh.com', 'hmac-sha1', 'hmac-md5', 'hmac-sha1-96', 'hmac-md5-96'] server mac:['hmac-sha2-256', 'hmac-sha2-512', 'hmac-sha2-256-etm@openssh.com', 'hmac-sha2-512-etm@openssh.com', 'hmac-sha1', 'hmac-md5', 'hmac-sha1-96', 'hmac-md5-96'] client compress:['none'] server compress:['none'] client lang:[''] server lang:[''] kex follows?False
DEB [20230126-06:25:28.132] thr=1   paramiko.transport: Kex agreed: curve25519-sha256@libssh.org
DEB [20230126-06:25:28.132] thr=1   paramiko.transport: HostKey agreed: ssh-rsa
DEB [20230126-06:25:28.132] thr=1   paramiko.transport: Cipher agreed: aes128-ctr
DEB [20230126-06:25:28.133] thr=1   paramiko.transport: MAC agreed: hmac-sha2-256
DEB [20230126-06:25:28.133] thr=1   paramiko.transport: Compression agreed: none
DEB [20230126-06:25:28.138] thr=1   paramiko.transport: kex engine KexCurve25519 specified hash_algo <built-in function openssl_sha256>
DEB [20230126-06:25:28.138] thr=1   paramiko.transport: Switch to new keys ...
DEB [20230126-06:25:32.671] thr=1   paramiko.transport: userauth is OK
INF [20230126-06:25:32.693] thr=1   paramiko.transport: Authentication (password) successful!
DEB [20230126-06:25:32.694] thr=2   paramiko.transport: [chan 0] Max packet in: 32768 bytes
DEB [20230126-06:25:32.696] thr=1   paramiko.transport: [chan 0] Max packet out: 32768 bytes
DEB [20230126-06:25:32.696] thr=1   paramiko.transport: Secsh channel 0 opened.
DEB [20230126-06:25:32.697] thr=1   paramiko.transport: [chan 0] Sesch channel 0 request ok
DEB [20230126-06:25:32.699] thr=1   paramiko.transport: [chan 0] Sesch channel 0 request ok
ERR [20230126-06:26:39.064] thr=1   paramiko.transport: Socket exception: An existing connection was forcibly closed by the remote host (10054)
DEB [20230126-06:27:17.138] thr=1   paramiko.transport: starting thread (client mode): 0x571be970
DEB [20230126-06:27:17.139] thr=1   paramiko.transport: Local version/idstring: SSH-2.0-paramiko_2.8.1
DEB [20230126-06:27:17.162] thr=1   paramiko.transport: Remote version/idstring: SSH-2.0-paramiko_2.8.1
INF [20230126-06:27:17.162] thr=1   paramiko.transport: Connected (version 2.0, client paramiko_2.8.1)
DEB [20230126-06:27:17.164] thr=1   paramiko.transport: kex algos:['gss-gex-sha1-toWM5Slw5Ew8Mqkay+al2g==', 'gss-group14-sha1-toWM5Slw5Ew8Mqkay+al2g==', 'gss-group1-sha1-toWM5Slw5Ew8Mqkay+al2g==', 'curve25519-sha256@libssh.org', 'ecdh-sha2-nistp256', 'ecdh-sha2-nistp384', 'ecdh-sha2-nistp521', 'diffie-hellman-group16-sha512', 'diffie-hellman-group14-sha256', 'diffie-hellman-group14-sha1', 'diffie-hellman-group1-sha1'] server key:['ssh-rsa'] client encrypt:['aes128-ctr', 'aes192-ctr', 'aes256-ctr', 'aes128-cbc', 'aes192-cbc', 'aes256-cbc', 'blowfish-cbc', '3des-cbc'] server encrypt:['aes128-ctr', 'aes192-ctr', 'aes256-ctr', 'aes128-cbc', 'aes192-cbc', 'aes256-cbc', 'blowfish-cbc', '3des-cbc'] client mac:['hmac-sha2-256', 'hmac-sha2-512', 'hmac-sha2-256-etm@openssh.com', 'hmac-sha2-512-etm@openssh.com', 'hmac-sha1', 'hmac-md5', 'hmac-sha1-96', 'hmac-md5-96'] server mac:['hmac-sha2-256', 'hmac-sha2-512', 'hmac-sha2-256-etm@openssh.com', 'hmac-sha2-512-etm@openssh.com', 'hmac-sha1', 'hmac-md5', 'hmac-sha1-96', 'hmac-md5-96'] client compress:['none'] server compress:['none'] client lang:[''] server lang:[''] kex follows?False
DEB [20230126-06:27:17.164] thr=1   paramiko.transport: Kex agreed: curve25519-sha256@libssh.org
DEB [20230126-06:27:17.165] thr=1   paramiko.transport: HostKey agreed: ssh-rsa
DEB [20230126-06:27:17.165] thr=1   paramiko.transport: Cipher agreed: aes128-ctr
DEB [20230126-06:27:17.165] thr=1   paramiko.transport: MAC agreed: hmac-sha2-256
DEB [20230126-06:27:17.165] thr=1   paramiko.transport: Compression agreed: none
DEB [20230126-06:27:17.170] thr=1   paramiko.transport: kex engine KexCurve25519 specified hash_algo <built-in function openssl_sha256>
DEB [20230126-06:27:17.170] thr=1   paramiko.transport: Switch to new keys ...
DEB [20230126-06:27:21.534] thr=1   paramiko.transport: userauth is OK
INF [20230126-06:27:21.555] thr=1   paramiko.transport: Authentication (password) successful!
DEB [20230126-06:27:21.556] thr=2   paramiko.transport: [chan 0] Max packet in: 32768 bytes
DEB [20230126-06:27:21.558] thr=1   paramiko.transport: [chan 0] Max packet out: 32768 bytes
DEB [20230126-06:27:21.558] thr=1   paramiko.transport: Secsh channel 0 opened.
DEB [20230126-06:27:21.559] thr=1   paramiko.transport: [chan 0] Sesch channel 0 request ok
DEB [20230126-06:27:21.560] thr=1   paramiko.transport: [chan 0] Sesch channel 0 request ok
DEB [20230126-06:27:59.465] thr=1   paramiko.transport: starting thread (client mode): 0x7165e970
DEB [20230126-06:27:59.466] thr=1   paramiko.transport: Local version/idstring: SSH-2.0-paramiko_2.8.1
DEB [20230126-06:27:59.489] thr=1   paramiko.transport: Remote version/idstring: SSH-2.0-paramiko_2.8.1
INF [20230126-06:27:59.489] thr=1   paramiko.transport: Connected (version 2.0, client paramiko_2.8.1)
DEB [20230126-06:27:59.491] thr=1   paramiko.transport: kex algos:['gss-gex-sha1-toWM5Slw5Ew8Mqkay+al2g==', 'gss-group14-sha1-toWM5Slw5Ew8Mqkay+al2g==', 'gss-group1-sha1-toWM5Slw5Ew8Mqkay+al2g==', 'curve25519-sha256@libssh.org', 'ecdh-sha2-nistp256', 'ecdh-sha2-nistp384', 'ecdh-sha2-nistp521', 'diffie-hellman-group16-sha512', 'diffie-hellman-group14-sha256', 'diffie-hellman-group14-sha1', 'diffie-hellman-group1-sha1'] server key:['ssh-rsa'] client encrypt:['aes128-ctr', 'aes192-ctr', 'aes256-ctr', 'aes128-cbc', 'aes192-cbc', 'aes256-cbc', 'blowfish-cbc', '3des-cbc'] server encrypt:['aes128-ctr', 'aes192-ctr', 'aes256-ctr', 'aes128-cbc', 'aes192-cbc', 'aes256-cbc', 'blowfish-cbc', '3des-cbc'] client mac:['hmac-sha2-256', 'hmac-sha2-512', 'hmac-sha2-256-etm@openssh.com', 'hmac-sha2-512-etm@openssh.com', 'hmac-sha1', 'hmac-md5', 'hmac-sha1-96', 'hmac-md5-96'] server mac:['hmac-sha2-256', 'hmac-sha2-512', 'hmac-sha2-256-etm@openssh.com', 'hmac-sha2-512-etm@openssh.com', 'hmac-sha1', 'hmac-md5', 'hmac-sha1-96', 'hmac-md5-96'] client compress:['none'] server compress:['none'] client lang:[''] server lang:[''] kex follows?False
DEB [20230126-06:27:59.491] thr=1   paramiko.transport: Kex agreed: curve25519-sha256@libssh.org
DEB [20230126-06:27:59.492] thr=1   paramiko.transport: HostKey agreed: ssh-rsa
DEB [20230126-06:27:59.492] thr=1   paramiko.transport: Cipher agreed: aes128-ctr
DEB [20230126-06:27:59.492] thr=1   paramiko.transport: MAC agreed: hmac-sha2-256
DEB [20230126-06:27:59.492] thr=1   paramiko.transport: Compression agreed: none
DEB [20230126-06:27:59.497] thr=1   paramiko.transport: kex engine KexCurve25519 specified hash_algo <built-in function openssl_sha256>
DEB [20230126-06:27:59.498] thr=1   paramiko.transport: Switch to new keys ...
DEB [20230126-06:28:03.002] thr=1   paramiko.transport: userauth is OK
INF [20230126-06:28:03.020] thr=1   paramiko.transport: Authentication (password) successful!
DEB [20230126-06:28:03.021] thr=2   paramiko.transport: [chan 0] Max packet in: 32768 bytes
DEB [20230126-06:28:03.023] thr=1   paramiko.transport: [chan 0] Max packet out: 32768 bytes
DEB [20230126-06:28:03.023] thr=1   paramiko.transport: Secsh channel 0 opened.
DEB [20230126-06:28:03.024] thr=1   paramiko.transport: [chan 0] Sesch channel 0 request ok
DEB [20230126-06:28:03.026] thr=1   paramiko.transport: [chan 0] Sesch channel 0 request ok
ERR [20230126-06:28:58.918] thr=1   paramiko.transport: Socket exception: An existing connection was forcibly closed by the remote host (10054)
DEB [20230126-06:35:55.081] thr=1   paramiko.transport: starting thread (client mode): 0xbcf2e970
DEB [20230126-06:35:55.082] thr=1   paramiko.transport: Local version/idstring: SSH-2.0-paramiko_2.8.1
DEB [20230126-06:35:55.103] thr=1   paramiko.transport: Remote version/idstring: SSH-2.0-paramiko_2.8.1
INF [20230126-06:35:55.104] thr=1   paramiko.transport: Connected (version 2.0, client paramiko_2.8.1)
DEB [20230126-06:35:55.105] thr=1   paramiko.transport: kex algos:['gss-gex-sha1-toWM5Slw5Ew8Mqkay+al2g==', 'gss-group14-sha1-toWM5Slw5Ew8Mqkay+al2g==', 'gss-group1-sha1-toWM5Slw5Ew8Mqkay+al2g==', 'curve25519-sha256@libssh.org', 'ecdh-sha2-nistp256', 'ecdh-sha2-nistp384', 'ecdh-sha2-nistp521', 'diffie-hellman-group16-sha512', 'diffie-hellman-group14-sha256', 'diffie-hellman-group14-sha1', 'diffie-hellman-group1-sha1'] server key:['ssh-rsa'] client encrypt:['aes128-ctr', 'aes192-ctr', 'aes256-ctr', 'aes128-cbc', 'aes192-cbc', 'aes256-cbc', 'blowfish-cbc', '3des-cbc'] server encrypt:['aes128-ctr', 'aes192-ctr', 'aes256-ctr', 'aes128-cbc', 'aes192-cbc', 'aes256-cbc', 'blowfish-cbc', '3des-cbc'] client mac:['hmac-sha2-256', 'hmac-sha2-512', 'hmac-sha2-256-etm@openssh.com', 'hmac-sha2-512-etm@openssh.com', 'hmac-sha1', 'hmac-md5', 'hmac-sha1-96', 'hmac-md5-96'] server mac:['hmac-sha2-256', 'hmac-sha2-512', 'hmac-sha2-256-etm@openssh.com', 'hmac-sha2-512-etm@openssh.com', 'hmac-sha1', 'hmac-md5', 'hmac-sha1-96', 'hmac-md5-96'] client compress:['none'] server compress:['none'] client lang:[''] server lang:[''] kex follows?False
DEB [20230126-06:35:55.106] thr=1   paramiko.transport: Kex agreed: curve25519-sha256@libssh.org
DEB [20230126-06:35:55.106] thr=1   paramiko.transport: HostKey agreed: ssh-rsa
DEB [20230126-06:35:55.106] thr=1   paramiko.transport: Cipher agreed: aes128-ctr
DEB [20230126-06:35:55.107] thr=1   paramiko.transport: MAC agreed: hmac-sha2-256
DEB [20230126-06:35:55.107] thr=1   paramiko.transport: Compression agreed: none
DEB [20230126-06:35:55.112] thr=1   paramiko.transport: kex engine KexCurve25519 specified hash_algo <built-in function openssl_sha256>
DEB [20230126-06:35:55.113] thr=1   paramiko.transport: Switch to new keys ...
DEB [20230126-06:36:00.257] thr=1   paramiko.transport: userauth is OK
INF [20230126-06:36:00.275] thr=1   paramiko.transport: Authentication (password) successful!
DEB [20230126-06:36:00.275] thr=2   paramiko.transport: [chan 0] Max packet in: 32768 bytes
DEB [20230126-06:36:00.277] thr=1   paramiko.transport: [chan 0] Max packet out: 32768 bytes
DEB [20230126-06:36:00.277] thr=1   paramiko.transport: Secsh channel 0 opened.
DEB [20230126-06:36:00.278] thr=1   paramiko.transport: [chan 0] Sesch channel 0 request ok
DEB [20230126-06:36:00.279] thr=1   paramiko.transport: [chan 0] Sesch channel 0 request ok
ERR [20230126-06:38:41.489] thr=1   paramiko.transport: Socket exception: An existing connection was forcibly closed by the remote host (10054)
DEB [20230126-06:38:48.047] thr=1   paramiko.transport: starting thread (client mode): 0x32c0e970
DEB [20230126-06:38:48.049] thr=1   paramiko.transport: Local version/idstring: SSH-2.0-paramiko_2.8.1
DEB [20230126-06:38:48.074] thr=1   paramiko.transport: Remote version/idstring: SSH-2.0-paramiko_2.8.1
INF [20230126-06:38:48.074] thr=1   paramiko.transport: Connected (version 2.0, client paramiko_2.8.1)
DEB [20230126-06:38:48.076] thr=1   paramiko.transport: kex algos:['gss-gex-sha1-toWM5Slw5Ew8Mqkay+al2g==', 'gss-group14-sha1-toWM5Slw5Ew8Mqkay+al2g==', 'gss-group1-sha1-toWM5Slw5Ew8Mqkay+al2g==', 'curve25519-sha256@libssh.org', 'ecdh-sha2-nistp256', 'ecdh-sha2-nistp384', 'ecdh-sha2-nistp521', 'diffie-hellman-group16-sha512', 'diffie-hellman-group14-sha256', 'diffie-hellman-group14-sha1', 'diffie-hellman-group1-sha1'] server key:['ssh-rsa'] client encrypt:['aes128-ctr', 'aes192-ctr', 'aes256-ctr', 'aes128-cbc', 'aes192-cbc', 'aes256-cbc', 'blowfish-cbc', '3des-cbc'] server encrypt:['aes128-ctr', 'aes192-ctr', 'aes256-ctr', 'aes128-cbc', 'aes192-cbc', 'aes256-cbc', 'blowfish-cbc', '3des-cbc'] client mac:['hmac-sha2-256', 'hmac-sha2-512', 'hmac-sha2-256-etm@openssh.com', 'hmac-sha2-512-etm@openssh.com', 'hmac-sha1', 'hmac-md5', 'hmac-sha1-96', 'hmac-md5-96'] server mac:['hmac-sha2-256', 'hmac-sha2-512', 'hmac-sha2-256-etm@openssh.com', 'hmac-sha2-512-etm@openssh.com', 'hmac-sha1', 'hmac-md5', 'hmac-sha1-96', 'hmac-md5-96'] client compress:['none'] server compress:['none'] client lang:[''] server lang:[''] kex follows?False
DEB [20230126-06:38:48.077] thr=1   paramiko.transport: Kex agreed: curve25519-sha256@libssh.org
DEB [20230126-06:38:48.077] thr=1   paramiko.transport: HostKey agreed: ssh-rsa
DEB [20230126-06:38:48.077] thr=1   paramiko.transport: Cipher agreed: aes128-ctr
DEB [20230126-06:38:48.077] thr=1   paramiko.transport: MAC agreed: hmac-sha2-256
DEB [20230126-06:38:48.077] thr=1   paramiko.transport: Compression agreed: none
DEB [20230126-06:38:48.083] thr=1   paramiko.transport: kex engine KexCurve25519 specified hash_algo <built-in function openssl_sha256>
DEB [20230126-06:38:48.084] thr=1   paramiko.transport: Switch to new keys ...
DEB [20230126-06:38:51.975] thr=1   paramiko.transport: userauth is OK
INF [20230126-06:38:51.992] thr=1   paramiko.transport: Authentication (password) successful!
DEB [20230126-06:38:51.992] thr=2   paramiko.transport: [chan 0] Max packet in: 32768 bytes
DEB [20230126-06:38:51.994] thr=1   paramiko.transport: [chan 0] Max packet out: 32768 bytes
DEB [20230126-06:38:51.994] thr=1   paramiko.transport: Secsh channel 0 opened.
DEB [20230126-06:38:51.995] thr=1   paramiko.transport: [chan 0] Sesch channel 0 request ok
DEB [20230126-06:38:51.996] thr=1   paramiko.transport: [chan 0] Sesch channel 0 request ok
ERR [20230126-06:41:57.815] thr=1   paramiko.transport: Socket exception: An existing connection was forcibly closed by the remote host (10054)
DEB [20230126-06:42:10.827] thr=1   paramiko.transport: starting thread (client mode): 0x9ac1e970
DEB [20230126-06:42:10.828] thr=1   paramiko.transport: Local version/idstring: SSH-2.0-paramiko_2.8.1
DEB [20230126-06:42:10.849] thr=1   paramiko.transport: Remote version/idstring: SSH-2.0-paramiko_2.8.1
INF [20230126-06:42:10.849] thr=1   paramiko.transport: Connected (version 2.0, client paramiko_2.8.1)
DEB [20230126-06:42:10.851] thr=1   paramiko.transport: kex algos:['gss-gex-sha1-toWM5Slw5Ew8Mqkay+al2g==', 'gss-group14-sha1-toWM5Slw5Ew8Mqkay+al2g==', 'gss-group1-sha1-toWM5Slw5Ew8Mqkay+al2g==', 'curve25519-sha256@libssh.org', 'ecdh-sha2-nistp256', 'ecdh-sha2-nistp384', 'ecdh-sha2-nistp521', 'diffie-hellman-group16-sha512', 'diffie-hellman-group14-sha256', 'diffie-hellman-group14-sha1', 'diffie-hellman-group1-sha1'] server key:['ssh-rsa'] client encrypt:['aes128-ctr', 'aes192-ctr', 'aes256-ctr', 'aes128-cbc', 'aes192-cbc', 'aes256-cbc', 'blowfish-cbc', '3des-cbc'] server encrypt:['aes128-ctr', 'aes192-ctr', 'aes256-ctr', 'aes128-cbc', 'aes192-cbc', 'aes256-cbc', 'blowfish-cbc', '3des-cbc'] client mac:['hmac-sha2-256', 'hmac-sha2-512', 'hmac-sha2-256-etm@openssh.com', 'hmac-sha2-512-etm@openssh.com', 'hmac-sha1', 'hmac-md5', 'hmac-sha1-96', 'hmac-md5-96'] server mac:['hmac-sha2-256', 'hmac-sha2-512', 'hmac-sha2-256-etm@openssh.com', 'hmac-sha2-512-etm@openssh.com', 'hmac-sha1', 'hmac-md5', 'hmac-sha1-96', 'hmac-md5-96'] client compress:['none'] server compress:['none'] client lang:[''] server lang:[''] kex follows?False
DEB [20230126-06:42:10.851] thr=1   paramiko.transport: Kex agreed: curve25519-sha256@libssh.org
DEB [20230126-06:42:10.851] thr=1   paramiko.transport: HostKey agreed: ssh-rsa
DEB [20230126-06:42:10.851] thr=1   paramiko.transport: Cipher agreed: aes128-ctr
DEB [20230126-06:42:10.851] thr=1   paramiko.transport: MAC agreed: hmac-sha2-256
DEB [20230126-06:42:10.851] thr=1   paramiko.transport: Compression agreed: none
DEB [20230126-06:42:10.856] thr=1   paramiko.transport: kex engine KexCurve25519 specified hash_algo <built-in function openssl_sha256>
DEB [20230126-06:42:10.857] thr=1   paramiko.transport: Switch to new keys ...
DEB [20230126-06:42:16.850] thr=1   paramiko.transport: userauth is OK
INF [20230126-06:42:16.868] thr=1   paramiko.transport: Authentication (password) successful!
DEB [20230126-06:42:16.868] thr=2   paramiko.transport: [chan 0] Max packet in: 32768 bytes
DEB [20230126-06:42:16.871] thr=1   paramiko.transport: [chan 0] Max packet out: 32768 bytes
DEB [20230126-06:42:16.871] thr=1   paramiko.transport: Secsh channel 0 opened.
DEB [20230126-06:42:16.872] thr=1   paramiko.transport: [chan 0] Sesch channel 0 request ok
DEB [20230126-06:42:16.873] thr=1   paramiko.transport: [chan 0] Sesch channel 0 request ok
ERR [20230126-06:42:43.614] thr=1   paramiko.transport: Socket exception: An existing connection was forcibly closed by the remote host (10054)
DEB [20230126-06:49:42.290] thr=1   paramiko.transport: starting thread (client mode): 0xa7c7e970
DEB [20230126-06:49:42.291] thr=1   paramiko.transport: Local version/idstring: SSH-2.0-paramiko_2.8.1
DEB [20230126-06:49:42.320] thr=1   paramiko.transport: Remote version/idstring: SSH-2.0-paramiko_2.8.1
INF [20230126-06:49:42.320] thr=1   paramiko.transport: Connected (version 2.0, client paramiko_2.8.1)
DEB [20230126-06:49:42.323] thr=1   paramiko.transport: kex algos:['gss-gex-sha1-toWM5Slw5Ew8Mqkay+al2g==', 'gss-group14-sha1-toWM5Slw5Ew8Mqkay+al2g==', 'gss-group1-sha1-toWM5Slw5Ew8Mqkay+al2g==', 'curve25519-sha256@libssh.org', 'ecdh-sha2-nistp256', 'ecdh-sha2-nistp384', 'ecdh-sha2-nistp521', 'diffie-hellman-group16-sha512', 'diffie-hellman-group14-sha256', 'diffie-hellman-group14-sha1', 'diffie-hellman-group1-sha1'] server key:['ssh-rsa'] client encrypt:['aes128-ctr', 'aes192-ctr', 'aes256-ctr', 'aes128-cbc', 'aes192-cbc', 'aes256-cbc', 'blowfish-cbc', '3des-cbc'] server encrypt:['aes128-ctr', 'aes192-ctr', 'aes256-ctr', 'aes128-cbc', 'aes192-cbc', 'aes256-cbc', 'blowfish-cbc', '3des-cbc'] client mac:['hmac-sha2-256', 'hmac-sha2-512', 'hmac-sha2-256-etm@openssh.com', 'hmac-sha2-512-etm@openssh.com', 'hmac-sha1', 'hmac-md5', 'hmac-sha1-96', 'hmac-md5-96'] server mac:['hmac-sha2-256', 'hmac-sha2-512', 'hmac-sha2-256-etm@openssh.com', 'hmac-sha2-512-etm@openssh.com', 'hmac-sha1', 'hmac-md5', 'hmac-sha1-96', 'hmac-md5-96'] client compress:['none'] server compress:['none'] client lang:[''] server lang:[''] kex follows?False
DEB [20230126-06:49:42.323] thr=1   paramiko.transport: Kex agreed: curve25519-sha256@libssh.org
DEB [20230126-06:49:42.323] thr=1   paramiko.transport: HostKey agreed: ssh-rsa
DEB [20230126-06:49:42.324] thr=1   paramiko.transport: Cipher agreed: aes128-ctr
DEB [20230126-06:49:42.324] thr=1   paramiko.transport: MAC agreed: hmac-sha2-256
DEB [20230126-06:49:42.324] thr=1   paramiko.transport: Compression agreed: none
DEB [20230126-06:49:42.330] thr=1   paramiko.transport: kex engine KexCurve25519 specified hash_algo <built-in function openssl_sha256>
DEB [20230126-06:49:42.331] thr=1   paramiko.transport: Switch to new keys ...
DEB [20230126-06:49:48.441] thr=1   paramiko.transport: userauth is OK
INF [20230126-06:49:48.456] thr=1   paramiko.transport: Authentication (password) successful!
DEB [20230126-06:49:48.457] thr=2   paramiko.transport: [chan 0] Max packet in: 32768 bytes
DEB [20230126-06:49:48.459] thr=1   paramiko.transport: [chan 0] Max packet out: 32768 bytes
DEB [20230126-06:49:48.459] thr=1   paramiko.transport: Secsh channel 0 opened.
DEB [20230126-06:49:48.460] thr=1   paramiko.transport: [chan 0] Sesch channel 0 request ok
DEB [20230126-06:49:48.462] thr=1   paramiko.transport: [chan 0] Sesch channel 0 request ok
ERR [20230126-06:49:48.463] thr=1   paramiko.transport: Socket exception: An existing connection was forcibly closed by the remote host (10054)
DEB [20230126-06:50:19.504] thr=1   paramiko.transport: starting thread (client mode): 0x2844e970
DEB [20230126-06:50:19.506] thr=1   paramiko.transport: Local version/idstring: SSH-2.0-paramiko_2.8.1
DEB [20230126-06:50:19.534] thr=1   paramiko.transport: Remote version/idstring: SSH-2.0-paramiko_2.8.1
INF [20230126-06:50:19.534] thr=1   paramiko.transport: Connected (version 2.0, client paramiko_2.8.1)
DEB [20230126-06:50:19.537] thr=1   paramiko.transport: kex algos:['gss-gex-sha1-toWM5Slw5Ew8Mqkay+al2g==', 'gss-group14-sha1-toWM5Slw5Ew8Mqkay+al2g==', 'gss-group1-sha1-toWM5Slw5Ew8Mqkay+al2g==', 'curve25519-sha256@libssh.org', 'ecdh-sha2-nistp256', 'ecdh-sha2-nistp384', 'ecdh-sha2-nistp521', 'diffie-hellman-group16-sha512', 'diffie-hellman-group14-sha256', 'diffie-hellman-group14-sha1', 'diffie-hellman-group1-sha1'] server key:['ssh-rsa'] client encrypt:['aes128-ctr', 'aes192-ctr', 'aes256-ctr', 'aes128-cbc', 'aes192-cbc', 'aes256-cbc', 'blowfish-cbc', '3des-cbc'] server encrypt:['aes128-ctr', 'aes192-ctr', 'aes256-ctr', 'aes128-cbc', 'aes192-cbc', 'aes256-cbc', 'blowfish-cbc', '3des-cbc'] client mac:['hmac-sha2-256', 'hmac-sha2-512', 'hmac-sha2-256-etm@openssh.com', 'hmac-sha2-512-etm@openssh.com', 'hmac-sha1', 'hmac-md5', 'hmac-sha1-96', 'hmac-md5-96'] server mac:['hmac-sha2-256', 'hmac-sha2-512', 'hmac-sha2-256-etm@openssh.com', 'hmac-sha2-512-etm@openssh.com', 'hmac-sha1', 'hmac-md5', 'hmac-sha1-96', 'hmac-md5-96'] client compress:['none'] server compress:['none'] client lang:[''] server lang:[''] kex follows?False
DEB [20230126-06:50:19.537] thr=1   paramiko.transport: Kex agreed: curve25519-sha256@libssh.org
DEB [20230126-06:50:19.538] thr=1   paramiko.transport: HostKey agreed: ssh-rsa
DEB [20230126-06:50:19.538] thr=1   paramiko.transport: Cipher agreed: aes128-ctr
DEB [20230126-06:50:19.538] thr=1   paramiko.transport: MAC agreed: hmac-sha2-256
DEB [20230126-06:50:19.538] thr=1   paramiko.transport: Compression agreed: none
DEB [20230126-06:50:19.544] thr=1   paramiko.transport: kex engine KexCurve25519 specified hash_algo <built-in function openssl_sha256>
DEB [20230126-06:50:19.545] thr=1   paramiko.transport: Switch to new keys ...
DEB [20230126-06:50:24.980] thr=1   paramiko.transport: userauth is OK
INF [20230126-06:50:25.012] thr=1   paramiko.transport: Authentication (password) successful!
DEB [20230126-06:50:25.013] thr=2   paramiko.transport: [chan 0] Max packet in: 32768 bytes
DEB [20230126-06:50:25.014] thr=1   paramiko.transport: [chan 0] Max packet out: 32768 bytes
DEB [20230126-06:50:25.014] thr=1   paramiko.transport: Secsh channel 0 opened.
DEB [20230126-06:50:25.016] thr=1   paramiko.transport: [chan 0] Sesch channel 0 request ok
DEB [20230126-06:50:25.018] thr=1   paramiko.transport: [chan 0] Sesch channel 0 request ok
ERR [20230126-06:50:25.019] thr=1   paramiko.transport: Socket exception: An established connection was aborted by the software in your host machine (10053)
DEB [20230126-06:51:37.369] thr=1   paramiko.transport: starting thread (client mode): 0x4babe970
DEB [20230126-06:51:37.370] thr=1   paramiko.transport: Local version/idstring: SSH-2.0-paramiko_2.8.1
DEB [20230126-06:51:37.396] thr=1   paramiko.transport: Remote version/idstring: SSH-2.0-paramiko_2.8.1
INF [20230126-06:51:37.396] thr=1   paramiko.transport: Connected (version 2.0, client paramiko_2.8.1)
DEB [20230126-06:51:37.398] thr=1   paramiko.transport: kex algos:['gss-gex-sha1-toWM5Slw5Ew8Mqkay+al2g==', 'gss-group14-sha1-toWM5Slw5Ew8Mqkay+al2g==', 'gss-group1-sha1-toWM5Slw5Ew8Mqkay+al2g==', 'curve25519-sha256@libssh.org', 'ecdh-sha2-nistp256', 'ecdh-sha2-nistp384', 'ecdh-sha2-nistp521', 'diffie-hellman-group16-sha512', 'diffie-hellman-group14-sha256', 'diffie-hellman-group14-sha1', 'diffie-hellman-group1-sha1'] server key:['ssh-rsa'] client encrypt:['aes128-ctr', 'aes192-ctr', 'aes256-ctr', 'aes128-cbc', 'aes192-cbc', 'aes256-cbc', 'blowfish-cbc', '3des-cbc'] server encrypt:['aes128-ctr', 'aes192-ctr', 'aes256-ctr', 'aes128-cbc', 'aes192-cbc', 'aes256-cbc', 'blowfish-cbc', '3des-cbc'] client mac:['hmac-sha2-256', 'hmac-sha2-512', 'hmac-sha2-256-etm@openssh.com', 'hmac-sha2-512-etm@openssh.com', 'hmac-sha1', 'hmac-md5', 'hmac-sha1-96', 'hmac-md5-96'] server mac:['hmac-sha2-256', 'hmac-sha2-512', 'hmac-sha2-256-etm@openssh.com', 'hmac-sha2-512-etm@openssh.com', 'hmac-sha1', 'hmac-md5', 'hmac-sha1-96', 'hmac-md5-96'] client compress:['none'] server compress:['none'] client lang:[''] server lang:[''] kex follows?False
DEB [20230126-06:51:37.398] thr=1   paramiko.transport: Kex agreed: curve25519-sha256@libssh.org
DEB [20230126-06:51:37.399] thr=1   paramiko.transport: HostKey agreed: ssh-rsa
DEB [20230126-06:51:37.399] thr=1   paramiko.transport: Cipher agreed: aes128-ctr
DEB [20230126-06:51:37.399] thr=1   paramiko.transport: MAC agreed: hmac-sha2-256
DEB [20230126-06:51:37.399] thr=1   paramiko.transport: Compression agreed: none
DEB [20230126-06:51:37.405] thr=1   paramiko.transport: kex engine KexCurve25519 specified hash_algo <built-in function openssl_sha256>
DEB [20230126-06:51:37.405] thr=1   paramiko.transport: Switch to new keys ...
DEB [20230126-06:51:44.652] thr=1   paramiko.transport: userauth is OK
INF [20230126-06:51:44.675] thr=1   paramiko.transport: Authentication (password) successful!
DEB [20230126-06:51:44.675] thr=2   paramiko.transport: [chan 0] Max packet in: 32768 bytes
DEB [20230126-06:51:44.677] thr=1   paramiko.transport: [chan 0] Max packet out: 32768 bytes
DEB [20230126-06:51:44.677] thr=1   paramiko.transport: Secsh channel 0 opened.
DEB [20230126-06:51:44.679] thr=1   paramiko.transport: [chan 0] Sesch channel 0 request ok
DEB [20230126-06:51:44.681] thr=1   paramiko.transport: [chan 0] Sesch channel 0 request ok
ERR [20230126-06:51:50.211] thr=1   paramiko.transport: Socket exception: An existing connection was forcibly closed by the remote host (10054)
DEB [20230126-06:52:34.304] thr=1   paramiko.transport: starting thread (client mode): 0xb127e970
DEB [20230126-06:52:34.305] thr=1   paramiko.transport: Local version/idstring: SSH-2.0-paramiko_2.8.1
DEB [20230126-06:52:34.327] thr=1   paramiko.transport: Remote version/idstring: SSH-2.0-paramiko_2.8.1
INF [20230126-06:52:34.328] thr=1   paramiko.transport: Connected (version 2.0, client paramiko_2.8.1)
DEB [20230126-06:52:34.329] thr=1   paramiko.transport: kex algos:['gss-gex-sha1-toWM5Slw5Ew8Mqkay+al2g==', 'gss-group14-sha1-toWM5Slw5Ew8Mqkay+al2g==', 'gss-group1-sha1-toWM5Slw5Ew8Mqkay+al2g==', 'curve25519-sha256@libssh.org', 'ecdh-sha2-nistp256', 'ecdh-sha2-nistp384', 'ecdh-sha2-nistp521', 'diffie-hellman-group16-sha512', 'diffie-hellman-group14-sha256', 'diffie-hellman-group14-sha1', 'diffie-hellman-group1-sha1'] server key:['ssh-rsa'] client encrypt:['aes128-ctr', 'aes192-ctr', 'aes256-ctr', 'aes128-cbc', 'aes192-cbc', 'aes256-cbc', 'blowfish-cbc', '3des-cbc'] server encrypt:['aes128-ctr', 'aes192-ctr', 'aes256-ctr', 'aes128-cbc', 'aes192-cbc', 'aes256-cbc', 'blowfish-cbc', '3des-cbc'] client mac:['hmac-sha2-256', 'hmac-sha2-512', 'hmac-sha2-256-etm@openssh.com', 'hmac-sha2-512-etm@openssh.com', 'hmac-sha1', 'hmac-md5', 'hmac-sha1-96', 'hmac-md5-96'] server mac:['hmac-sha2-256', 'hmac-sha2-512', 'hmac-sha2-256-etm@openssh.com', 'hmac-sha2-512-etm@openssh.com', 'hmac-sha1', 'hmac-md5', 'hmac-sha1-96', 'hmac-md5-96'] client compress:['none'] server compress:['none'] client lang:[''] server lang:[''] kex follows?False
DEB [20230126-06:52:34.329] thr=1   paramiko.transport: Kex agreed: curve25519-sha256@libssh.org
DEB [20230126-06:52:34.329] thr=1   paramiko.transport: HostKey agreed: ssh-rsa
DEB [20230126-06:52:34.330] thr=1   paramiko.transport: Cipher agreed: aes128-ctr
DEB [20230126-06:52:34.330] thr=1   paramiko.transport: MAC agreed: hmac-sha2-256
DEB [20230126-06:52:34.330] thr=1   paramiko.transport: Compression agreed: none
DEB [20230126-06:52:34.335] thr=1   paramiko.transport: kex engine KexCurve25519 specified hash_algo <built-in function openssl_sha256>
DEB [20230126-06:52:34.336] thr=1   paramiko.transport: Switch to new keys ...
DEB [20230126-06:52:38.522] thr=1   paramiko.transport: userauth is OK
INF [20230126-06:52:38.546] thr=1   paramiko.transport: Authentication (password) successful!
DEB [20230126-06:52:38.547] thr=2   paramiko.transport: [chan 0] Max packet in: 32768 bytes
DEB [20230126-06:52:38.549] thr=1   paramiko.transport: [chan 0] Max packet out: 32768 bytes
DEB [20230126-06:52:38.550] thr=1   paramiko.transport: Secsh channel 0 opened.
DEB [20230126-06:52:38.551] thr=1   paramiko.transport: [chan 0] Sesch channel 0 request ok
DEB [20230126-06:52:38.552] thr=1   paramiko.transport: [chan 0] Sesch channel 0 request ok
ERR [20230126-06:53:02.122] thr=1   paramiko.transport: Socket exception: An existing connection was forcibly closed by the remote host (10054)
DEB [20230126-08:39:16.611] thr=1   paramiko.transport: starting thread (client mode): 0x3ccde970
DEB [20230126-08:39:16.611] thr=1   paramiko.transport: Local version/idstring: SSH-2.0-paramiko_2.8.1
DEB [20230126-08:39:16.674] thr=1   paramiko.transport: Remote version/idstring: SSH-2.0-paramiko_2.8.1
INF [20230126-08:39:16.674] thr=1   paramiko.transport: Connected (version 2.0, client paramiko_2.8.1)
DEB [20230126-08:39:16.674] thr=1   paramiko.transport: kex algos:['gss-gex-sha1-toWM5Slw5Ew8Mqkay+al2g==', 'gss-group14-sha1-toWM5Slw5Ew8Mqkay+al2g==', 'gss-group1-sha1-toWM5Slw5Ew8Mqkay+al2g==', 'curve25519-sha256@libssh.org', 'ecdh-sha2-nistp256', 'ecdh-sha2-nistp384', 'ecdh-sha2-nistp521', 'diffie-hellman-group16-sha512', 'diffie-hellman-group14-sha256', 'diffie-hellman-group14-sha1', 'diffie-hellman-group1-sha1'] server key:['ssh-rsa'] client encrypt:['aes128-ctr', 'aes192-ctr', 'aes256-ctr', 'aes128-cbc', 'aes192-cbc', 'aes256-cbc', 'blowfish-cbc', '3des-cbc'] server encrypt:['aes128-ctr', 'aes192-ctr', 'aes256-ctr', 'aes128-cbc', 'aes192-cbc', 'aes256-cbc', 'blowfish-cbc', '3des-cbc'] client mac:['hmac-sha2-256', 'hmac-sha2-512', 'hmac-sha2-256-etm@openssh.com', 'hmac-sha2-512-etm@openssh.com', 'hmac-sha1', 'hmac-md5', 'hmac-sha1-96', 'hmac-md5-96'] server mac:['hmac-sha2-256', 'hmac-sha2-512', 'hmac-sha2-256-etm@openssh.com', 'hmac-sha2-512-etm@openssh.com', 'hmac-sha1', 'hmac-md5', 'hmac-sha1-96', 'hmac-md5-96'] client compress:['none'] server compress:['none'] client lang:[''] server lang:[''] kex follows?False
DEB [20230126-08:39:16.674] thr=1   paramiko.transport: Kex agreed: curve25519-sha256@libssh.org
DEB [20230126-08:39:16.674] thr=1   paramiko.transport: HostKey agreed: ssh-rsa
DEB [20230126-08:39:16.674] thr=1   paramiko.transport: Cipher agreed: aes128-ctr
DEB [20230126-08:39:16.674] thr=1   paramiko.transport: MAC agreed: hmac-sha2-256
DEB [20230126-08:39:16.674] thr=1   paramiko.transport: Compression agreed: none
DEB [20230126-08:39:16.705] thr=1   paramiko.transport: kex engine KexCurve25519 specified hash_algo <built-in function openssl_sha256>
DEB [20230126-08:39:16.705] thr=1   paramiko.transport: Switch to new keys ...
DEB [20230126-08:39:23.131] thr=1   paramiko.transport: userauth is OK
INF [20230126-08:39:23.185] thr=1   paramiko.transport: Authentication (password) successful!
DEB [20230126-08:39:23.185] thr=2   paramiko.transport: [chan 0] Max packet in: 32768 bytes
DEB [20230126-08:39:23.185] thr=1   paramiko.transport: [chan 0] Max packet out: 32768 bytes
DEB [20230126-08:39:23.185] thr=1   paramiko.transport: Secsh channel 0 opened.
DEB [20230126-08:39:23.185] thr=1   paramiko.transport: [chan 0] Sesch channel 0 request ok
DEB [20230126-08:39:23.185] thr=1   paramiko.transport: [chan 0] Sesch channel 0 request ok
DEB [20230126-08:43:19.135] thr=1   paramiko.transport: starting thread (client mode): 0xff0e970
DEB [20230126-08:43:19.135] thr=1   paramiko.transport: Local version/idstring: SSH-2.0-paramiko_2.8.1
DEB [20230126-08:43:19.151] thr=1   paramiko.transport: Remote version/idstring: SSH-2.0-paramiko_2.8.1
INF [20230126-08:43:19.151] thr=1   paramiko.transport: Connected (version 2.0, client paramiko_2.8.1)
DEB [20230126-08:43:19.151] thr=1   paramiko.transport: kex algos:['gss-gex-sha1-toWM5Slw5Ew8Mqkay+al2g==', 'gss-group14-sha1-toWM5Slw5Ew8Mqkay+al2g==', 'gss-group1-sha1-toWM5Slw5Ew8Mqkay+al2g==', 'curve25519-sha256@libssh.org', 'ecdh-sha2-nistp256', 'ecdh-sha2-nistp384', 'ecdh-sha2-nistp521', 'diffie-hellman-group16-sha512', 'diffie-hellman-group14-sha256', 'diffie-hellman-group14-sha1', 'diffie-hellman-group1-sha1'] server key:['ssh-rsa'] client encrypt:['aes128-ctr', 'aes192-ctr', 'aes256-ctr', 'aes128-cbc', 'aes192-cbc', 'aes256-cbc', 'blowfish-cbc', '3des-cbc'] server encrypt:['aes128-ctr', 'aes192-ctr', 'aes256-ctr', 'aes128-cbc', 'aes192-cbc', 'aes256-cbc', 'blowfish-cbc', '3des-cbc'] client mac:['hmac-sha2-256', 'hmac-sha2-512', 'hmac-sha2-256-etm@openssh.com', 'hmac-sha2-512-etm@openssh.com', 'hmac-sha1', 'hmac-md5', 'hmac-sha1-96', 'hmac-md5-96'] server mac:['hmac-sha2-256', 'hmac-sha2-512', 'hmac-sha2-256-etm@openssh.com', 'hmac-sha2-512-etm@openssh.com', 'hmac-sha1', 'hmac-md5', 'hmac-sha1-96', 'hmac-md5-96'] client compress:['none'] server compress:['none'] client lang:[''] server lang:[''] kex follows?False
DEB [20230126-08:43:19.151] thr=1   paramiko.transport: Kex agreed: curve25519-sha256@libssh.org
DEB [20230126-08:43:19.151] thr=1   paramiko.transport: HostKey agreed: ssh-rsa
DEB [20230126-08:43:19.151] thr=1   paramiko.transport: Cipher agreed: aes128-ctr
DEB [20230126-08:43:19.151] thr=1   paramiko.transport: MAC agreed: hmac-sha2-256
DEB [20230126-08:43:19.151] thr=1   paramiko.transport: Compression agreed: none
DEB [20230126-08:43:19.167] thr=1   paramiko.transport: kex engine KexCurve25519 specified hash_algo <built-in function openssl_sha256>
DEB [20230126-08:43:19.167] thr=1   paramiko.transport: Switch to new keys ...
DEB [20230126-08:43:24.932] thr=1   paramiko.transport: userauth is OK
INF [20230126-08:43:24.947] thr=1   paramiko.transport: Authentication (password) successful!
DEB [20230126-08:43:24.947] thr=2   paramiko.transport: [chan 0] Max packet in: 32768 bytes
DEB [20230126-08:43:24.947] thr=1   paramiko.transport: [chan 0] Max packet out: 32768 bytes
DEB [20230126-08:43:24.947] thr=1   paramiko.transport: Secsh channel 0 opened.
DEB [20230126-08:43:24.947] thr=1   paramiko.transport: [chan 0] Sesch channel 0 request ok
DEB [20230126-08:43:24.963] thr=1   paramiko.transport: [chan 0] Sesch channel 0 request ok
ERR [20230126-08:44:38.827] thr=1   paramiko.transport: Socket exception: An existing connection was forcibly closed by the remote host (10054)
DEB [20230126-08:44:50.274] thr=1   paramiko.transport: starting thread (client mode): 0x2921e970
DEB [20230126-08:44:50.274] thr=1   paramiko.transport: Local version/idstring: SSH-2.0-paramiko_2.8.1
DEB [20230126-08:44:50.289] thr=1   paramiko.transport: Remote version/idstring: SSH-2.0-paramiko_2.8.1
INF [20230126-08:44:50.289] thr=1   paramiko.transport: Connected (version 2.0, client paramiko_2.8.1)
DEB [20230126-08:44:50.289] thr=1   paramiko.transport: kex algos:['gss-gex-sha1-toWM5Slw5Ew8Mqkay+al2g==', 'gss-group14-sha1-toWM5Slw5Ew8Mqkay+al2g==', 'gss-group1-sha1-toWM5Slw5Ew8Mqkay+al2g==', 'curve25519-sha256@libssh.org', 'ecdh-sha2-nistp256', 'ecdh-sha2-nistp384', 'ecdh-sha2-nistp521', 'diffie-hellman-group16-sha512', 'diffie-hellman-group14-sha256', 'diffie-hellman-group14-sha1', 'diffie-hellman-group1-sha1'] server key:['ssh-rsa'] client encrypt:['aes128-ctr', 'aes192-ctr', 'aes256-ctr', 'aes128-cbc', 'aes192-cbc', 'aes256-cbc', 'blowfish-cbc', '3des-cbc'] server encrypt:['aes128-ctr', 'aes192-ctr', 'aes256-ctr', 'aes128-cbc', 'aes192-cbc', 'aes256-cbc', 'blowfish-cbc', '3des-cbc'] client mac:['hmac-sha2-256', 'hmac-sha2-512', 'hmac-sha2-256-etm@openssh.com', 'hmac-sha2-512-etm@openssh.com', 'hmac-sha1', 'hmac-md5', 'hmac-sha1-96', 'hmac-md5-96'] server mac:['hmac-sha2-256', 'hmac-sha2-512', 'hmac-sha2-256-etm@openssh.com', 'hmac-sha2-512-etm@openssh.com', 'hmac-sha1', 'hmac-md5', 'hmac-sha1-96', 'hmac-md5-96'] client compress:['none'] server compress:['none'] client lang:[''] server lang:[''] kex follows?False
DEB [20230126-08:44:50.289] thr=1   paramiko.transport: Kex agreed: curve25519-sha256@libssh.org
DEB [20230126-08:44:50.289] thr=1   paramiko.transport: HostKey agreed: ssh-rsa
DEB [20230126-08:44:50.289] thr=1   paramiko.transport: Cipher agreed: aes128-ctr
DEB [20230126-08:44:50.289] thr=1   paramiko.transport: MAC agreed: hmac-sha2-256
DEB [20230126-08:44:50.289] thr=1   paramiko.transport: Compression agreed: none
DEB [20230126-08:44:50.289] thr=1   paramiko.transport: kex engine KexCurve25519 specified hash_algo <built-in function openssl_sha256>
DEB [20230126-08:44:50.305] thr=1   paramiko.transport: Switch to new keys ...
DEB [20230126-08:44:58.191] thr=1   paramiko.transport: userauth is OK
INF [20230126-08:44:58.206] thr=1   paramiko.transport: Authentication (password) successful!
DEB [20230126-08:44:58.206] thr=2   paramiko.transport: [chan 0] Max packet in: 32768 bytes
DEB [20230126-08:44:58.206] thr=1   paramiko.transport: [chan 0] Max packet out: 32768 bytes
DEB [20230126-08:44:58.206] thr=1   paramiko.transport: Secsh channel 0 opened.
DEB [20230126-08:44:58.206] thr=1   paramiko.transport: [chan 0] Sesch channel 0 request ok
DEB [20230126-08:44:58.206] thr=1   paramiko.transport: [chan 0] Sesch channel 0 request ok
ERR [20230126-08:46:37.997] thr=1   paramiko.transport: Socket exception: An existing connection was forcibly closed by the remote host (10054)
DEB [20230126-08:46:49.450] thr=1   paramiko.transport: starting thread (client mode): 0xe8dfe970
DEB [20230126-08:46:49.450] thr=1   paramiko.transport: Local version/idstring: SSH-2.0-paramiko_2.8.1
DEB [20230126-08:46:49.481] thr=1   paramiko.transport: Remote version/idstring: SSH-2.0-paramiko_2.8.1
INF [20230126-08:46:49.481] thr=1   paramiko.transport: Connected (version 2.0, client paramiko_2.8.1)
DEB [20230126-08:46:49.481] thr=1   paramiko.transport: kex algos:['gss-gex-sha1-toWM5Slw5Ew8Mqkay+al2g==', 'gss-group14-sha1-toWM5Slw5Ew8Mqkay+al2g==', 'gss-group1-sha1-toWM5Slw5Ew8Mqkay+al2g==', 'curve25519-sha256@libssh.org', 'ecdh-sha2-nistp256', 'ecdh-sha2-nistp384', 'ecdh-sha2-nistp521', 'diffie-hellman-group16-sha512', 'diffie-hellman-group14-sha256', 'diffie-hellman-group14-sha1', 'diffie-hellman-group1-sha1'] server key:['ssh-rsa'] client encrypt:['aes128-ctr', 'aes192-ctr', 'aes256-ctr', 'aes128-cbc', 'aes192-cbc', 'aes256-cbc', 'blowfish-cbc', '3des-cbc'] server encrypt:['aes128-ctr', 'aes192-ctr', 'aes256-ctr', 'aes128-cbc', 'aes192-cbc', 'aes256-cbc', 'blowfish-cbc', '3des-cbc'] client mac:['hmac-sha2-256', 'hmac-sha2-512', 'hmac-sha2-256-etm@openssh.com', 'hmac-sha2-512-etm@openssh.com', 'hmac-sha1', 'hmac-md5', 'hmac-sha1-96', 'hmac-md5-96'] server mac:['hmac-sha2-256', 'hmac-sha2-512', 'hmac-sha2-256-etm@openssh.com', 'hmac-sha2-512-etm@openssh.com', 'hmac-sha1', 'hmac-md5', 'hmac-sha1-96', 'hmac-md5-96'] client compress:['none'] server compress:['none'] client lang:[''] server lang:[''] kex follows?False
DEB [20230126-08:46:49.481] thr=1   paramiko.transport: Kex agreed: curve25519-sha256@libssh.org
DEB [20230126-08:46:49.481] thr=1   paramiko.transport: HostKey agreed: ssh-rsa
DEB [20230126-08:46:49.481] thr=1   paramiko.transport: Cipher agreed: aes128-ctr
DEB [20230126-08:46:49.481] thr=1   paramiko.transport: MAC agreed: hmac-sha2-256
DEB [20230126-08:46:49.481] thr=1   paramiko.transport: Compression agreed: none
DEB [20230126-08:46:49.481] thr=1   paramiko.transport: kex engine KexCurve25519 specified hash_algo <built-in function openssl_sha256>
DEB [20230126-08:46:49.481] thr=1   paramiko.transport: Switch to new keys ...
DEB [20230126-08:46:55.526] thr=1   paramiko.transport: userauth is OK
INF [20230126-08:46:55.541] thr=1   paramiko.transport: Authentication (password) successful!
DEB [20230126-08:46:55.541] thr=2   paramiko.transport: [chan 0] Max packet in: 32768 bytes
DEB [20230126-08:46:55.547] thr=1   paramiko.transport: [chan 0] Max packet out: 32768 bytes
DEB [20230126-08:46:55.547] thr=1   paramiko.transport: Secsh channel 0 opened.
DEB [20230126-08:46:55.547] thr=1   paramiko.transport: [chan 0] Sesch channel 0 request ok
DEB [20230126-08:46:55.547] thr=1   paramiko.transport: [chan 0] Sesch channel 0 request ok
ERR [20230126-08:48:02.113] thr=1   paramiko.transport: Socket exception: An existing connection was forcibly closed by the remote host (10054)
DEB [20230126-08:48:13.365] thr=1   paramiko.transport: starting thread (client mode): 0xbd6be970
DEB [20230126-08:48:13.365] thr=1   paramiko.transport: Local version/idstring: SSH-2.0-paramiko_2.8.1
DEB [20230126-08:48:13.381] thr=1   paramiko.transport: Remote version/idstring: SSH-2.0-paramiko_2.8.1
INF [20230126-08:48:13.381] thr=1   paramiko.transport: Connected (version 2.0, client paramiko_2.8.1)
DEB [20230126-08:48:13.381] thr=1   paramiko.transport: kex algos:['gss-gex-sha1-toWM5Slw5Ew8Mqkay+al2g==', 'gss-group14-sha1-toWM5Slw5Ew8Mqkay+al2g==', 'gss-group1-sha1-toWM5Slw5Ew8Mqkay+al2g==', 'curve25519-sha256@libssh.org', 'ecdh-sha2-nistp256', 'ecdh-sha2-nistp384', 'ecdh-sha2-nistp521', 'diffie-hellman-group16-sha512', 'diffie-hellman-group14-sha256', 'diffie-hellman-group14-sha1', 'diffie-hellman-group1-sha1'] server key:['ssh-rsa'] client encrypt:['aes128-ctr', 'aes192-ctr', 'aes256-ctr', 'aes128-cbc', 'aes192-cbc', 'aes256-cbc', 'blowfish-cbc', '3des-cbc'] server encrypt:['aes128-ctr', 'aes192-ctr', 'aes256-ctr', 'aes128-cbc', 'aes192-cbc', 'aes256-cbc', 'blowfish-cbc', '3des-cbc'] client mac:['hmac-sha2-256', 'hmac-sha2-512', 'hmac-sha2-256-etm@openssh.com', 'hmac-sha2-512-etm@openssh.com', 'hmac-sha1', 'hmac-md5', 'hmac-sha1-96', 'hmac-md5-96'] server mac:['hmac-sha2-256', 'hmac-sha2-512', 'hmac-sha2-256-etm@openssh.com', 'hmac-sha2-512-etm@openssh.com', 'hmac-sha1', 'hmac-md5', 'hmac-sha1-96', 'hmac-md5-96'] client compress:['none'] server compress:['none'] client lang:[''] server lang:[''] kex follows?False
DEB [20230126-08:48:13.381] thr=1   paramiko.transport: Kex agreed: curve25519-sha256@libssh.org
DEB [20230126-08:48:13.381] thr=1   paramiko.transport: HostKey agreed: ssh-rsa
DEB [20230126-08:48:13.381] thr=1   paramiko.transport: Cipher agreed: aes128-ctr
DEB [20230126-08:48:13.381] thr=1   paramiko.transport: MAC agreed: hmac-sha2-256
DEB [20230126-08:48:13.381] thr=1   paramiko.transport: Compression agreed: none
DEB [20230126-08:48:13.381] thr=1   paramiko.transport: kex engine KexCurve25519 specified hash_algo <built-in function openssl_sha256>
DEB [20230126-08:48:13.381] thr=1   paramiko.transport: Switch to new keys ...
DEB [20230126-08:48:23.748] thr=1   paramiko.transport: userauth is OK
INF [20230126-08:48:23.764] thr=1   paramiko.transport: Authentication (password) successful!
DEB [20230126-08:48:23.764] thr=2   paramiko.transport: [chan 0] Max packet in: 32768 bytes
DEB [20230126-08:48:23.764] thr=1   paramiko.transport: [chan 0] Max packet out: 32768 bytes
DEB [20230126-08:48:23.764] thr=1   paramiko.transport: Secsh channel 0 opened.
DEB [20230126-08:48:23.764] thr=1   paramiko.transport: [chan 0] Sesch channel 0 request ok
DEB [20230126-08:48:23.764] thr=1   paramiko.transport: [chan 0] Sesch channel 0 request ok
DEB [20230126-08:49:42.321] thr=1   paramiko.transport: starting thread (client mode): 0x1568e970
DEB [20230126-08:49:42.321] thr=1   paramiko.transport: Local version/idstring: SSH-2.0-paramiko_2.8.1
DEB [20230126-08:49:42.352] thr=1   paramiko.transport: Remote version/idstring: SSH-2.0-paramiko_2.8.1
INF [20230126-08:49:42.352] thr=1   paramiko.transport: Connected (version 2.0, client paramiko_2.8.1)
DEB [20230126-08:49:42.352] thr=1   paramiko.transport: kex algos:['gss-gex-sha1-toWM5Slw5Ew8Mqkay+al2g==', 'gss-group14-sha1-toWM5Slw5Ew8Mqkay+al2g==', 'gss-group1-sha1-toWM5Slw5Ew8Mqkay+al2g==', 'curve25519-sha256@libssh.org', 'ecdh-sha2-nistp256', 'ecdh-sha2-nistp384', 'ecdh-sha2-nistp521', 'diffie-hellman-group16-sha512', 'diffie-hellman-group14-sha256', 'diffie-hellman-group14-sha1', 'diffie-hellman-group1-sha1'] server key:['ssh-rsa'] client encrypt:['aes128-ctr', 'aes192-ctr', 'aes256-ctr', 'aes128-cbc', 'aes192-cbc', 'aes256-cbc', 'blowfish-cbc', '3des-cbc'] server encrypt:['aes128-ctr', 'aes192-ctr', 'aes256-ctr', 'aes128-cbc', 'aes192-cbc', 'aes256-cbc', 'blowfish-cbc', '3des-cbc'] client mac:['hmac-sha2-256', 'hmac-sha2-512', 'hmac-sha2-256-etm@openssh.com', 'hmac-sha2-512-etm@openssh.com', 'hmac-sha1', 'hmac-md5', 'hmac-sha1-96', 'hmac-md5-96'] server mac:['hmac-sha2-256', 'hmac-sha2-512', 'hmac-sha2-256-etm@openssh.com', 'hmac-sha2-512-etm@openssh.com', 'hmac-sha1', 'hmac-md5', 'hmac-sha1-96', 'hmac-md5-96'] client compress:['none'] server compress:['none'] client lang:[''] server lang:[''] kex follows?False
DEB [20230126-08:49:42.352] thr=1   paramiko.transport: Kex agreed: curve25519-sha256@libssh.org
DEB [20230126-08:49:42.352] thr=1   paramiko.transport: HostKey agreed: ssh-rsa
DEB [20230126-08:49:42.352] thr=1   paramiko.transport: Cipher agreed: aes128-ctr
DEB [20230126-08:49:42.352] thr=1   paramiko.transport: MAC agreed: hmac-sha2-256
DEB [20230126-08:49:42.352] thr=1   paramiko.transport: Compression agreed: none
DEB [20230126-08:49:42.352] thr=1   paramiko.transport: kex engine KexCurve25519 specified hash_algo <built-in function openssl_sha256>
DEB [20230126-08:49:42.352] thr=1   paramiko.transport: Switch to new keys ...
DEB [20230126-08:49:47.902] thr=1   paramiko.transport: userauth is OK
INF [20230126-08:49:47.918] thr=1   paramiko.transport: Authentication (password) successful!
DEB [20230126-08:49:47.918] thr=2   paramiko.transport: [chan 0] Max packet in: 32768 bytes
DEB [20230126-08:49:47.918] thr=1   paramiko.transport: [chan 0] Max packet out: 32768 bytes
DEB [20230126-08:49:47.918] thr=1   paramiko.transport: Secsh channel 0 opened.
DEB [20230126-08:49:47.918] thr=1   paramiko.transport: [chan 0] Sesch channel 0 request ok
DEB [20230126-08:49:47.918] thr=1   paramiko.transport: [chan 0] Sesch channel 0 request ok
ERR [20230126-08:51:15.991] thr=1   paramiko.transport: Socket exception: An existing connection was forcibly closed by the remote host (10054)
DEB [20230126-08:51:28.644] thr=1   paramiko.transport: starting thread (client mode): 0x8b1be970
DEB [20230126-08:51:28.644] thr=1   paramiko.transport: Local version/idstring: SSH-2.0-paramiko_2.8.1
DEB [20230126-08:51:28.675] thr=1   paramiko.transport: Remote version/idstring: SSH-2.0-paramiko_2.8.1
INF [20230126-08:51:28.675] thr=1   paramiko.transport: Connected (version 2.0, client paramiko_2.8.1)
DEB [20230126-08:51:28.675] thr=1   paramiko.transport: kex algos:['gss-gex-sha1-toWM5Slw5Ew8Mqkay+al2g==', 'gss-group14-sha1-toWM5Slw5Ew8Mqkay+al2g==', 'gss-group1-sha1-toWM5Slw5Ew8Mqkay+al2g==', 'curve25519-sha256@libssh.org', 'ecdh-sha2-nistp256', 'ecdh-sha2-nistp384', 'ecdh-sha2-nistp521', 'diffie-hellman-group16-sha512', 'diffie-hellman-group14-sha256', 'diffie-hellman-group14-sha1', 'diffie-hellman-group1-sha1'] server key:['ssh-rsa'] client encrypt:['aes128-ctr', 'aes192-ctr', 'aes256-ctr', 'aes128-cbc', 'aes192-cbc', 'aes256-cbc', 'blowfish-cbc', '3des-cbc'] server encrypt:['aes128-ctr', 'aes192-ctr', 'aes256-ctr', 'aes128-cbc', 'aes192-cbc', 'aes256-cbc', 'blowfish-cbc', '3des-cbc'] client mac:['hmac-sha2-256', 'hmac-sha2-512', 'hmac-sha2-256-etm@openssh.com', 'hmac-sha2-512-etm@openssh.com', 'hmac-sha1', 'hmac-md5', 'hmac-sha1-96', 'hmac-md5-96'] server mac:['hmac-sha2-256', 'hmac-sha2-512', 'hmac-sha2-256-etm@openssh.com', 'hmac-sha2-512-etm@openssh.com', 'hmac-sha1', 'hmac-md5', 'hmac-sha1-96', 'hmac-md5-96'] client compress:['none'] server compress:['none'] client lang:[''] server lang:[''] kex follows?False
DEB [20230126-08:51:28.675] thr=1   paramiko.transport: Kex agreed: curve25519-sha256@libssh.org
DEB [20230126-08:51:28.675] thr=1   paramiko.transport: HostKey agreed: ssh-rsa
DEB [20230126-08:51:28.675] thr=1   paramiko.transport: Cipher agreed: aes128-ctr
DEB [20230126-08:51:28.675] thr=1   paramiko.transport: MAC agreed: hmac-sha2-256
DEB [20230126-08:51:28.675] thr=1   paramiko.transport: Compression agreed: none
DEB [20230126-08:51:28.675] thr=1   paramiko.transport: kex engine KexCurve25519 specified hash_algo <built-in function openssl_sha256>
DEB [20230126-08:51:28.682] thr=1   paramiko.transport: Switch to new keys ...
DEB [20230126-08:51:31.286] thr=1   paramiko.transport: userauth is OK
INF [20230126-08:51:31.302] thr=1   paramiko.transport: Authentication (password) successful!
DEB [20230126-08:51:31.302] thr=2   paramiko.transport: [chan 0] Max packet in: 32768 bytes
DEB [20230126-08:51:31.302] thr=1   paramiko.transport: [chan 0] Max packet out: 32768 bytes
DEB [20230126-08:51:31.302] thr=1   paramiko.transport: Secsh channel 0 opened.
DEB [20230126-08:51:31.302] thr=1   paramiko.transport: [chan 0] Sesch channel 0 request ok
DEB [20230126-08:51:31.317] thr=1   paramiko.transport: [chan 0] Sesch channel 0 request ok
ERR [20230126-08:53:07.072] thr=1   paramiko.transport: Socket exception: An existing connection was forcibly closed by the remote host (10054)
DEB [20230126-08:53:20.940] thr=1   paramiko.transport: starting thread (client mode): 0xb367e970
DEB [20230126-08:53:20.940] thr=1   paramiko.transport: Local version/idstring: SSH-2.0-paramiko_2.8.1
DEB [20230126-08:53:20.956] thr=1   paramiko.transport: Remote version/idstring: SSH-2.0-paramiko_2.8.1
INF [20230126-08:53:20.956] thr=1   paramiko.transport: Connected (version 2.0, client paramiko_2.8.1)
DEB [20230126-08:53:20.956] thr=1   paramiko.transport: kex algos:['gss-gex-sha1-toWM5Slw5Ew8Mqkay+al2g==', 'gss-group14-sha1-toWM5Slw5Ew8Mqkay+al2g==', 'gss-group1-sha1-toWM5Slw5Ew8Mqkay+al2g==', 'curve25519-sha256@libssh.org', 'ecdh-sha2-nistp256', 'ecdh-sha2-nistp384', 'ecdh-sha2-nistp521', 'diffie-hellman-group16-sha512', 'diffie-hellman-group14-sha256', 'diffie-hellman-group14-sha1', 'diffie-hellman-group1-sha1'] server key:['ssh-rsa'] client encrypt:['aes128-ctr', 'aes192-ctr', 'aes256-ctr', 'aes128-cbc', 'aes192-cbc', 'aes256-cbc', 'blowfish-cbc', '3des-cbc'] server encrypt:['aes128-ctr', 'aes192-ctr', 'aes256-ctr', 'aes128-cbc', 'aes192-cbc', 'aes256-cbc', 'blowfish-cbc', '3des-cbc'] client mac:['hmac-sha2-256', 'hmac-sha2-512', 'hmac-sha2-256-etm@openssh.com', 'hmac-sha2-512-etm@openssh.com', 'hmac-sha1', 'hmac-md5', 'hmac-sha1-96', 'hmac-md5-96'] server mac:['hmac-sha2-256', 'hmac-sha2-512', 'hmac-sha2-256-etm@openssh.com', 'hmac-sha2-512-etm@openssh.com', 'hmac-sha1', 'hmac-md5', 'hmac-sha1-96', 'hmac-md5-96'] client compress:['none'] server compress:['none'] client lang:[''] server lang:[''] kex follows?False
DEB [20230126-08:53:20.956] thr=1   paramiko.transport: Kex agreed: curve25519-sha256@libssh.org
DEB [20230126-08:53:20.956] thr=1   paramiko.transport: HostKey agreed: ssh-rsa
DEB [20230126-08:53:20.956] thr=1   paramiko.transport: Cipher agreed: aes128-ctr
DEB [20230126-08:53:20.956] thr=1   paramiko.transport: MAC agreed: hmac-sha2-256
DEB [20230126-08:53:20.956] thr=1   paramiko.transport: Compression agreed: none
DEB [20230126-08:53:20.972] thr=1   paramiko.transport: kex engine KexCurve25519 specified hash_algo <built-in function openssl_sha256>
DEB [20230126-08:53:20.972] thr=1   paramiko.transport: Switch to new keys ...
DEB [20230126-08:53:28.722] thr=1   paramiko.transport: userauth is OK
INF [20230126-08:53:28.728] thr=1   paramiko.transport: Authentication (password) successful!
DEB [20230126-08:53:28.728] thr=2   paramiko.transport: [chan 0] Max packet in: 32768 bytes
DEB [20230126-08:53:28.728] thr=1   paramiko.transport: [chan 0] Max packet out: 32768 bytes
DEB [20230126-08:53:28.728] thr=1   paramiko.transport: Secsh channel 0 opened.
DEB [20230126-08:53:28.728] thr=1   paramiko.transport: [chan 0] Sesch channel 0 request ok
DEB [20230126-08:53:28.728] thr=1   paramiko.transport: [chan 0] Sesch channel 0 request ok
DEB [20230126-08:54:09.945] thr=1   paramiko.transport: [chan 0] EOF received (0)
DEB [20230126-08:54:09.945] thr=1   paramiko.transport: [chan 0] EOF sent (0)
ERR [20230126-08:54:21.311] thr=1   paramiko.transport: Socket exception: An existing connection was forcibly closed by the remote host (10054)
DEB [20230126-09:19:25.499] thr=1   paramiko.transport: starting thread (client mode): 0x9cd9fe20
DEB [20230126-09:19:25.514] thr=1   paramiko.transport: Local version/idstring: SSH-2.0-paramiko_2.8.1
DEB [20230126-09:19:25.577] thr=1   paramiko.transport: Remote version/idstring: SSH-2.0-paramiko_2.8.1
INF [20230126-09:19:25.577] thr=1   paramiko.transport: Connected (version 2.0, client paramiko_2.8.1)
DEB [20230126-09:19:25.577] thr=1   paramiko.transport: kex algos:['gss-gex-sha1-toWM5Slw5Ew8Mqkay+al2g==', 'gss-group14-sha1-toWM5Slw5Ew8Mqkay+al2g==', 'gss-group1-sha1-toWM5Slw5Ew8Mqkay+al2g==', 'curve25519-sha256@libssh.org', 'ecdh-sha2-nistp256', 'ecdh-sha2-nistp384', 'ecdh-sha2-nistp521', 'diffie-hellman-group16-sha512', 'diffie-hellman-group14-sha256', 'diffie-hellman-group14-sha1', 'diffie-hellman-group1-sha1'] server key:['ssh-rsa'] client encrypt:['aes128-ctr', 'aes192-ctr', 'aes256-ctr', 'aes128-cbc', 'aes192-cbc', 'aes256-cbc', 'blowfish-cbc', '3des-cbc'] server encrypt:['aes128-ctr', 'aes192-ctr', 'aes256-ctr', 'aes128-cbc', 'aes192-cbc', 'aes256-cbc', 'blowfish-cbc', '3des-cbc'] client mac:['hmac-sha2-256', 'hmac-sha2-512', 'hmac-sha2-256-etm@openssh.com', 'hmac-sha2-512-etm@openssh.com', 'hmac-sha1', 'hmac-md5', 'hmac-sha1-96', 'hmac-md5-96'] server mac:['hmac-sha2-256', 'hmac-sha2-512', 'hmac-sha2-256-etm@openssh.com', 'hmac-sha2-512-etm@openssh.com', 'hmac-sha1', 'hmac-md5', 'hmac-sha1-96', 'hmac-md5-96'] client compress:['none'] server compress:['none'] client lang:[''] server lang:[''] kex follows?False
DEB [20230126-09:19:25.592] thr=1   paramiko.transport: Kex agreed: curve25519-sha256@libssh.org
DEB [20230126-09:19:25.592] thr=1   paramiko.transport: HostKey agreed: ssh-rsa
DEB [20230126-09:19:25.592] thr=1   paramiko.transport: Cipher agreed: aes128-ctr
DEB [20230126-09:19:25.592] thr=1   paramiko.transport: MAC agreed: hmac-sha2-256
DEB [20230126-09:19:25.592] thr=1   paramiko.transport: Compression agreed: none
DEB [20230126-09:19:25.630] thr=1   paramiko.transport: kex engine KexCurve25519 specified hash_algo <built-in function openssl_sha256>
DEB [20230126-09:19:25.630] thr=1   paramiko.transport: Switch to new keys ...
DEB [20230126-09:19:30.086] thr=1   paramiko.transport: EOF in transport thread
DEB [20230126-09:21:00.523] thr=1   paramiko.transport: starting thread (client mode): 0xfa8dfe20
DEB [20230126-09:21:00.523] thr=1   paramiko.transport: Local version/idstring: SSH-2.0-paramiko_2.8.1
DEB [20230126-09:21:00.555] thr=1   paramiko.transport: Remote version/idstring: SSH-2.0-paramiko_2.8.1
INF [20230126-09:21:00.555] thr=1   paramiko.transport: Connected (version 2.0, client paramiko_2.8.1)
DEB [20230126-09:21:00.555] thr=1   paramiko.transport: kex algos:['gss-gex-sha1-toWM5Slw5Ew8Mqkay+al2g==', 'gss-group14-sha1-toWM5Slw5Ew8Mqkay+al2g==', 'gss-group1-sha1-toWM5Slw5Ew8Mqkay+al2g==', 'curve25519-sha256@libssh.org', 'ecdh-sha2-nistp256', 'ecdh-sha2-nistp384', 'ecdh-sha2-nistp521', 'diffie-hellman-group16-sha512', 'diffie-hellman-group14-sha256', 'diffie-hellman-group14-sha1', 'diffie-hellman-group1-sha1'] server key:['ssh-rsa'] client encrypt:['aes128-ctr', 'aes192-ctr', 'aes256-ctr', 'aes128-cbc', 'aes192-cbc', 'aes256-cbc', 'blowfish-cbc', '3des-cbc'] server encrypt:['aes128-ctr', 'aes192-ctr', 'aes256-ctr', 'aes128-cbc', 'aes192-cbc', 'aes256-cbc', 'blowfish-cbc', '3des-cbc'] client mac:['hmac-sha2-256', 'hmac-sha2-512', 'hmac-sha2-256-etm@openssh.com', 'hmac-sha2-512-etm@openssh.com', 'hmac-sha1', 'hmac-md5', 'hmac-sha1-96', 'hmac-md5-96'] server mac:['hmac-sha2-256', 'hmac-sha2-512', 'hmac-sha2-256-etm@openssh.com', 'hmac-sha2-512-etm@openssh.com', 'hmac-sha1', 'hmac-md5', 'hmac-sha1-96', 'hmac-md5-96'] client compress:['none'] server compress:['none'] client lang:[''] server lang:[''] kex follows?False
DEB [20230126-09:21:00.555] thr=1   paramiko.transport: Kex agreed: curve25519-sha256@libssh.org
DEB [20230126-09:21:00.555] thr=1   paramiko.transport: HostKey agreed: ssh-rsa
DEB [20230126-09:21:00.555] thr=1   paramiko.transport: Cipher agreed: aes128-ctr
DEB [20230126-09:21:00.555] thr=1   paramiko.transport: MAC agreed: hmac-sha2-256
DEB [20230126-09:21:00.555] thr=1   paramiko.transport: Compression agreed: none
DEB [20230126-09:21:00.561] thr=1   paramiko.transport: kex engine KexCurve25519 specified hash_algo <built-in function openssl_sha256>
DEB [20230126-09:21:00.561] thr=1   paramiko.transport: Switch to new keys ...
DEB [20230126-09:21:34.478] thr=1   paramiko.transport: starting thread (client mode): 0x7430fe20
DEB [20230126-09:21:34.478] thr=1   paramiko.transport: Local version/idstring: SSH-2.0-paramiko_2.8.1
DEB [20230126-09:21:34.478] thr=1   paramiko.transport: Remote version/idstring: SSH-2.0-paramiko_2.8.1
INF [20230126-09:21:34.478] thr=1   paramiko.transport: Connected (version 2.0, client paramiko_2.8.1)
DEB [20230126-09:21:34.478] thr=1   paramiko.transport: kex algos:['gss-gex-sha1-toWM5Slw5Ew8Mqkay+al2g==', 'gss-group14-sha1-toWM5Slw5Ew8Mqkay+al2g==', 'gss-group1-sha1-toWM5Slw5Ew8Mqkay+al2g==', 'curve25519-sha256@libssh.org', 'ecdh-sha2-nistp256', 'ecdh-sha2-nistp384', 'ecdh-sha2-nistp521', 'diffie-hellman-group16-sha512', 'diffie-hellman-group14-sha256', 'diffie-hellman-group14-sha1', 'diffie-hellman-group1-sha1'] server key:['ssh-rsa'] client encrypt:['aes128-ctr', 'aes192-ctr', 'aes256-ctr', 'aes128-cbc', 'aes192-cbc', 'aes256-cbc', 'blowfish-cbc', '3des-cbc'] server encrypt:['aes128-ctr', 'aes192-ctr', 'aes256-ctr', 'aes128-cbc', 'aes192-cbc', 'aes256-cbc', 'blowfish-cbc', '3des-cbc'] client mac:['hmac-sha2-256', 'hmac-sha2-512', 'hmac-sha2-256-etm@openssh.com', 'hmac-sha2-512-etm@openssh.com', 'hmac-sha1', 'hmac-md5', 'hmac-sha1-96', 'hmac-md5-96'] server mac:['hmac-sha2-256', 'hmac-sha2-512', 'hmac-sha2-256-etm@openssh.com', 'hmac-sha2-512-etm@openssh.com', 'hmac-sha1', 'hmac-md5', 'hmac-sha1-96', 'hmac-md5-96'] client compress:['none'] server compress:['none'] client lang:[''] server lang:[''] kex follows?False
DEB [20230126-09:21:34.478] thr=1   paramiko.transport: Kex agreed: curve25519-sha256@libssh.org
DEB [20230126-09:21:34.478] thr=1   paramiko.transport: HostKey agreed: ssh-rsa
DEB [20230126-09:21:34.478] thr=1   paramiko.transport: Cipher agreed: aes128-ctr
DEB [20230126-09:21:34.478] thr=1   paramiko.transport: MAC agreed: hmac-sha2-256
DEB [20230126-09:21:34.478] thr=1   paramiko.transport: Compression agreed: none
DEB [20230126-09:21:34.478] thr=1   paramiko.transport: kex engine KexCurve25519 specified hash_algo <built-in function openssl_sha256>
DEB [20230126-09:21:34.478] thr=1   paramiko.transport: Switch to new keys ...
ERR [20230126-09:21:38.334] thr=1   paramiko.transport: Socket exception: An existing connection was forcibly closed by the remote host (10054)
DEB [20230126-09:21:43.861] thr=1   paramiko.transport: starting thread (client mode): 0xfe6efe20
DEB [20230126-09:21:43.861] thr=1   paramiko.transport: Local version/idstring: SSH-2.0-paramiko_2.8.1
DEB [20230126-09:21:43.883] thr=1   paramiko.transport: Remote version/idstring: SSH-2.0-paramiko_2.8.1
INF [20230126-09:21:43.883] thr=1   paramiko.transport: Connected (version 2.0, client paramiko_2.8.1)
DEB [20230126-09:21:43.883] thr=1   paramiko.transport: kex algos:['gss-gex-sha1-toWM5Slw5Ew8Mqkay+al2g==', 'gss-group14-sha1-toWM5Slw5Ew8Mqkay+al2g==', 'gss-group1-sha1-toWM5Slw5Ew8Mqkay+al2g==', 'curve25519-sha256@libssh.org', 'ecdh-sha2-nistp256', 'ecdh-sha2-nistp384', 'ecdh-sha2-nistp521', 'diffie-hellman-group16-sha512', 'diffie-hellman-group14-sha256', 'diffie-hellman-group14-sha1', 'diffie-hellman-group1-sha1'] server key:['ssh-rsa'] client encrypt:['aes128-ctr', 'aes192-ctr', 'aes256-ctr', 'aes128-cbc', 'aes192-cbc', 'aes256-cbc', 'blowfish-cbc', '3des-cbc'] server encrypt:['aes128-ctr', 'aes192-ctr', 'aes256-ctr', 'aes128-cbc', 'aes192-cbc', 'aes256-cbc', 'blowfish-cbc', '3des-cbc'] client mac:['hmac-sha2-256', 'hmac-sha2-512', 'hmac-sha2-256-etm@openssh.com', 'hmac-sha2-512-etm@openssh.com', 'hmac-sha1', 'hmac-md5', 'hmac-sha1-96', 'hmac-md5-96'] server mac:['hmac-sha2-256', 'hmac-sha2-512', 'hmac-sha2-256-etm@openssh.com', 'hmac-sha2-512-etm@openssh.com', 'hmac-sha1', 'hmac-md5', 'hmac-sha1-96', 'hmac-md5-96'] client compress:['none'] server compress:['none'] client lang:[''] server lang:[''] kex follows?False
DEB [20230126-09:21:43.883] thr=1   paramiko.transport: Kex agreed: curve25519-sha256@libssh.org
DEB [20230126-09:21:43.883] thr=1   paramiko.transport: HostKey agreed: ssh-rsa
DEB [20230126-09:21:43.883] thr=1   paramiko.transport: Cipher agreed: aes128-ctr
DEB [20230126-09:21:43.883] thr=1   paramiko.transport: MAC agreed: hmac-sha2-256
DEB [20230126-09:21:43.883] thr=1   paramiko.transport: Compression agreed: none
DEB [20230126-09:21:43.898] thr=1   paramiko.transport: kex engine KexCurve25519 specified hash_algo <built-in function openssl_sha256>
DEB [20230126-09:21:43.898] thr=1   paramiko.transport: Switch to new keys ...
DEB [20230126-09:21:47.968] thr=1   paramiko.transport: EOF in transport thread
DEB [20230126-09:21:50.559] thr=1   paramiko.transport: starting thread (client mode): 0x2902fe20
DEB [20230126-09:21:50.559] thr=1   paramiko.transport: Local version/idstring: SSH-2.0-paramiko_2.8.1
DEB [20230126-09:21:57.993] thr=1   paramiko.transport: Remote version/idstring: SSH-2.0-paramiko_2.8.1
INF [20230126-09:21:57.993] thr=1   paramiko.transport: Connected (version 2.0, client paramiko_2.8.1)
DEB [20230126-09:21:57.993] thr=1   paramiko.transport: kex algos:['gss-gex-sha1-toWM5Slw5Ew8Mqkay+al2g==', 'gss-group14-sha1-toWM5Slw5Ew8Mqkay+al2g==', 'gss-group1-sha1-toWM5Slw5Ew8Mqkay+al2g==', 'curve25519-sha256@libssh.org', 'ecdh-sha2-nistp256', 'ecdh-sha2-nistp384', 'ecdh-sha2-nistp521', 'diffie-hellman-group16-sha512', 'diffie-hellman-group14-sha256', 'diffie-hellman-group14-sha1', 'diffie-hellman-group1-sha1'] server key:['ssh-rsa'] client encrypt:['aes128-ctr', 'aes192-ctr', 'aes256-ctr', 'aes128-cbc', 'aes192-cbc', 'aes256-cbc', 'blowfish-cbc', '3des-cbc'] server encrypt:['aes128-ctr', 'aes192-ctr', 'aes256-ctr', 'aes128-cbc', 'aes192-cbc', 'aes256-cbc', 'blowfish-cbc', '3des-cbc'] client mac:['hmac-sha2-256', 'hmac-sha2-512', 'hmac-sha2-256-etm@openssh.com', 'hmac-sha2-512-etm@openssh.com', 'hmac-sha1', 'hmac-md5', 'hmac-sha1-96', 'hmac-md5-96'] server mac:['hmac-sha2-256', 'hmac-sha2-512', 'hmac-sha2-256-etm@openssh.com', 'hmac-sha2-512-etm@openssh.com', 'hmac-sha1', 'hmac-md5', 'hmac-sha1-96', 'hmac-md5-96'] client compress:['none'] server compress:['none'] client lang:[''] server lang:[''] kex follows?False
DEB [20230126-09:21:57.993] thr=1   paramiko.transport: Kex agreed: curve25519-sha256@libssh.org
DEB [20230126-09:21:57.993] thr=1   paramiko.transport: HostKey agreed: ssh-rsa
DEB [20230126-09:21:57.993] thr=1   paramiko.transport: Cipher agreed: aes128-ctr
DEB [20230126-09:21:57.993] thr=1   paramiko.transport: MAC agreed: hmac-sha2-256
DEB [20230126-09:21:57.993] thr=1   paramiko.transport: Compression agreed: none
DEB [20230126-09:21:58.008] thr=1   paramiko.transport: kex engine KexCurve25519 specified hash_algo <built-in function openssl_sha256>
DEB [20230126-09:21:58.008] thr=1   paramiko.transport: Switch to new keys ...
DEB [20230126-09:22:09.820] thr=1   paramiko.transport: EOF in transport thread
DEB [20230126-09:22:20.479] thr=1   paramiko.transport: starting thread (client mode): 0xacb0fe20
DEB [20230126-09:22:20.494] thr=1   paramiko.transport: Local version/idstring: SSH-2.0-paramiko_2.8.1
DEB [20230126-09:22:20.510] thr=1   paramiko.transport: Remote version/idstring: SSH-2.0-paramiko_2.8.1
INF [20230126-09:22:20.510] thr=1   paramiko.transport: Connected (version 2.0, client paramiko_2.8.1)
DEB [20230126-09:22:20.510] thr=1   paramiko.transport: kex algos:['gss-gex-sha1-toWM5Slw5Ew8Mqkay+al2g==', 'gss-group14-sha1-toWM5Slw5Ew8Mqkay+al2g==', 'gss-group1-sha1-toWM5Slw5Ew8Mqkay+al2g==', 'curve25519-sha256@libssh.org', 'ecdh-sha2-nistp256', 'ecdh-sha2-nistp384', 'ecdh-sha2-nistp521', 'diffie-hellman-group16-sha512', 'diffie-hellman-group14-sha256', 'diffie-hellman-group14-sha1', 'diffie-hellman-group1-sha1'] server key:['ssh-rsa'] client encrypt:['aes128-ctr', 'aes192-ctr', 'aes256-ctr', 'aes128-cbc', 'aes192-cbc', 'aes256-cbc', 'blowfish-cbc', '3des-cbc'] server encrypt:['aes128-ctr', 'aes192-ctr', 'aes256-ctr', 'aes128-cbc', 'aes192-cbc', 'aes256-cbc', 'blowfish-cbc', '3des-cbc'] client mac:['hmac-sha2-256', 'hmac-sha2-512', 'hmac-sha2-256-etm@openssh.com', 'hmac-sha2-512-etm@openssh.com', 'hmac-sha1', 'hmac-md5', 'hmac-sha1-96', 'hmac-md5-96'] server mac:['hmac-sha2-256', 'hmac-sha2-512', 'hmac-sha2-256-etm@openssh.com', 'hmac-sha2-512-etm@openssh.com', 'hmac-sha1', 'hmac-md5', 'hmac-sha1-96', 'hmac-md5-96'] client compress:['none'] server compress:['none'] client lang:[''] server lang:[''] kex follows?False
DEB [20230126-09:22:20.510] thr=1   paramiko.transport: Kex agreed: curve25519-sha256@libssh.org
DEB [20230126-09:22:20.510] thr=1   paramiko.transport: HostKey agreed: ssh-rsa
DEB [20230126-09:22:20.510] thr=1   paramiko.transport: Cipher agreed: aes128-ctr
DEB [20230126-09:22:20.510] thr=1   paramiko.transport: MAC agreed: hmac-sha2-256
DEB [20230126-09:22:20.510] thr=1   paramiko.transport: Compression agreed: none
DEB [20230126-09:22:20.526] thr=1   paramiko.transport: kex engine KexCurve25519 specified hash_algo <built-in function openssl_sha256>
DEB [20230126-09:22:20.526] thr=1   paramiko.transport: Switch to new keys ...
DEB [20230126-09:22:52.063] thr=1   paramiko.transport: userauth is OK
INF [20230126-09:22:52.464] thr=1   paramiko.transport: Authentication (password) successful!
DEB [20230126-09:22:52.464] thr=2   paramiko.transport: [chan 0] Max packet in: 32768 bytes
DEB [20230126-09:22:52.464] thr=1   paramiko.transport: [chan 0] Max packet out: 32768 bytes
DEB [20230126-09:22:52.464] thr=1   paramiko.transport: Secsh channel 0 opened.
DEB [20230126-09:22:52.464] thr=1   paramiko.transport: [chan 0] Sesch channel 0 request ok
DEB [20230126-09:22:52.464] thr=1   paramiko.transport: [chan 0] Sesch channel 0 request ok
DEB [20230126-09:23:20.624] thr=1   paramiko.transport: starting thread (client mode): 0xdacdfe20
DEB [20230126-09:23:20.624] thr=1   paramiko.transport: Local version/idstring: SSH-2.0-paramiko_2.8.1
DEB [20230126-09:23:20.624] thr=1   paramiko.transport: Remote version/idstring: SSH-2.0-paramiko_2.8.1
INF [20230126-09:23:20.624] thr=1   paramiko.transport: Connected (version 2.0, client paramiko_2.8.1)
DEB [20230126-09:23:20.624] thr=1   paramiko.transport: kex algos:['gss-gex-sha1-toWM5Slw5Ew8Mqkay+al2g==', 'gss-group14-sha1-toWM5Slw5Ew8Mqkay+al2g==', 'gss-group1-sha1-toWM5Slw5Ew8Mqkay+al2g==', 'curve25519-sha256@libssh.org', 'ecdh-sha2-nistp256', 'ecdh-sha2-nistp384', 'ecdh-sha2-nistp521', 'diffie-hellman-group16-sha512', 'diffie-hellman-group14-sha256', 'diffie-hellman-group14-sha1', 'diffie-hellman-group1-sha1'] server key:['ssh-rsa'] client encrypt:['aes128-ctr', 'aes192-ctr', 'aes256-ctr', 'aes128-cbc', 'aes192-cbc', 'aes256-cbc', 'blowfish-cbc', '3des-cbc'] server encrypt:['aes128-ctr', 'aes192-ctr', 'aes256-ctr', 'aes128-cbc', 'aes192-cbc', 'aes256-cbc', 'blowfish-cbc', '3des-cbc'] client mac:['hmac-sha2-256', 'hmac-sha2-512', 'hmac-sha2-256-etm@openssh.com', 'hmac-sha2-512-etm@openssh.com', 'hmac-sha1', 'hmac-md5', 'hmac-sha1-96', 'hmac-md5-96'] server mac:['hmac-sha2-256', 'hmac-sha2-512', 'hmac-sha2-256-etm@openssh.com', 'hmac-sha2-512-etm@openssh.com', 'hmac-sha1', 'hmac-md5', 'hmac-sha1-96', 'hmac-md5-96'] client compress:['none'] server compress:['none'] client lang:[''] server lang:[''] kex follows?False
DEB [20230126-09:23:20.624] thr=1   paramiko.transport: Kex agreed: curve25519-sha256@libssh.org
DEB [20230126-09:23:20.624] thr=1   paramiko.transport: HostKey agreed: ssh-rsa
DEB [20230126-09:23:20.624] thr=1   paramiko.transport: Cipher agreed: aes128-ctr
DEB [20230126-09:23:20.624] thr=1   paramiko.transport: MAC agreed: hmac-sha2-256
DEB [20230126-09:23:20.624] thr=1   paramiko.transport: Compression agreed: none
DEB [20230126-09:23:20.624] thr=1   paramiko.transport: kex engine KexCurve25519 specified hash_algo <built-in function openssl_sha256>
DEB [20230126-09:23:20.624] thr=1   paramiko.transport: Switch to new keys ...
DEB [20230126-09:23:24.518] thr=1   paramiko.transport: userauth is OK
INF [20230126-09:23:24.533] thr=1   paramiko.transport: Authentication (password) successful!
DEB [20230126-09:23:24.533] thr=2   paramiko.transport: [chan 0] Max packet in: 32768 bytes
DEB [20230126-09:23:24.533] thr=1   paramiko.transport: [chan 0] Max packet out: 32768 bytes
DEB [20230126-09:23:24.533] thr=1   paramiko.transport: Secsh channel 0 opened.
DEB [20230126-09:23:24.533] thr=1   paramiko.transport: [chan 0] Sesch channel 0 request ok
DEB [20230126-09:23:24.533] thr=1   paramiko.transport: [chan 0] Sesch channel 0 request ok
ERR [20230126-09:23:33.560] thr=1   paramiko.transport: Socket exception: An existing connection was forcibly closed by the remote host (10054)
DEB [20230126-09:23:50.166] thr=1   paramiko.transport: starting thread (client mode): 0x27a6fe20
DEB [20230126-09:23:50.166] thr=1   paramiko.transport: Local version/idstring: SSH-2.0-paramiko_2.8.1
DEB [20230126-09:23:50.181] thr=1   paramiko.transport: Remote version/idstring: SSH-2.0-paramiko_2.8.1
INF [20230126-09:23:50.181] thr=1   paramiko.transport: Connected (version 2.0, client paramiko_2.8.1)
DEB [20230126-09:23:50.181] thr=1   paramiko.transport: kex algos:['gss-gex-sha1-toWM5Slw5Ew8Mqkay+al2g==', 'gss-group14-sha1-toWM5Slw5Ew8Mqkay+al2g==', 'gss-group1-sha1-toWM5Slw5Ew8Mqkay+al2g==', 'curve25519-sha256@libssh.org', 'ecdh-sha2-nistp256', 'ecdh-sha2-nistp384', 'ecdh-sha2-nistp521', 'diffie-hellman-group16-sha512', 'diffie-hellman-group14-sha256', 'diffie-hellman-group14-sha1', 'diffie-hellman-group1-sha1'] server key:['ssh-rsa'] client encrypt:['aes128-ctr', 'aes192-ctr', 'aes256-ctr', 'aes128-cbc', 'aes192-cbc', 'aes256-cbc', 'blowfish-cbc', '3des-cbc'] server encrypt:['aes128-ctr', 'aes192-ctr', 'aes256-ctr', 'aes128-cbc', 'aes192-cbc', 'aes256-cbc', 'blowfish-cbc', '3des-cbc'] client mac:['hmac-sha2-256', 'hmac-sha2-512', 'hmac-sha2-256-etm@openssh.com', 'hmac-sha2-512-etm@openssh.com', 'hmac-sha1', 'hmac-md5', 'hmac-sha1-96', 'hmac-md5-96'] server mac:['hmac-sha2-256', 'hmac-sha2-512', 'hmac-sha2-256-etm@openssh.com', 'hmac-sha2-512-etm@openssh.com', 'hmac-sha1', 'hmac-md5', 'hmac-sha1-96', 'hmac-md5-96'] client compress:['none'] server compress:['none'] client lang:[''] server lang:[''] kex follows?False
DEB [20230126-09:23:50.181] thr=1   paramiko.transport: Kex agreed: curve25519-sha256@libssh.org
DEB [20230126-09:23:50.181] thr=1   paramiko.transport: HostKey agreed: ssh-rsa
DEB [20230126-09:23:50.181] thr=1   paramiko.transport: Cipher agreed: aes128-ctr
DEB [20230126-09:23:50.181] thr=1   paramiko.transport: MAC agreed: hmac-sha2-256
DEB [20230126-09:23:50.181] thr=1   paramiko.transport: Compression agreed: none
DEB [20230126-09:23:50.197] thr=1   paramiko.transport: kex engine KexCurve25519 specified hash_algo <built-in function openssl_sha256>
DEB [20230126-09:23:50.197] thr=1   paramiko.transport: Switch to new keys ...
DEB [20230126-09:23:56.096] thr=1   paramiko.transport: EOF in transport thread
DEB [20230126-09:24:43.955] thr=1   paramiko.transport: starting thread (client mode): 0x35c6fe20
DEB [20230126-09:24:43.955] thr=1   paramiko.transport: Local version/idstring: SSH-2.0-paramiko_2.8.1
DEB [20230126-09:24:43.971] thr=1   paramiko.transport: Remote version/idstring: SSH-2.0-paramiko_2.8.1
INF [20230126-09:24:43.971] thr=1   paramiko.transport: Connected (version 2.0, client paramiko_2.8.1)
DEB [20230126-09:24:43.971] thr=1   paramiko.transport: kex algos:['gss-gex-sha1-toWM5Slw5Ew8Mqkay+al2g==', 'gss-group14-sha1-toWM5Slw5Ew8Mqkay+al2g==', 'gss-group1-sha1-toWM5Slw5Ew8Mqkay+al2g==', 'curve25519-sha256@libssh.org', 'ecdh-sha2-nistp256', 'ecdh-sha2-nistp384', 'ecdh-sha2-nistp521', 'diffie-hellman-group16-sha512', 'diffie-hellman-group14-sha256', 'diffie-hellman-group14-sha1', 'diffie-hellman-group1-sha1'] server key:['ssh-rsa'] client encrypt:['aes128-ctr', 'aes192-ctr', 'aes256-ctr', 'aes128-cbc', 'aes192-cbc', 'aes256-cbc', 'blowfish-cbc', '3des-cbc'] server encrypt:['aes128-ctr', 'aes192-ctr', 'aes256-ctr', 'aes128-cbc', 'aes192-cbc', 'aes256-cbc', 'blowfish-cbc', '3des-cbc'] client mac:['hmac-sha2-256', 'hmac-sha2-512', 'hmac-sha2-256-etm@openssh.com', 'hmac-sha2-512-etm@openssh.com', 'hmac-sha1', 'hmac-md5', 'hmac-sha1-96', 'hmac-md5-96'] server mac:['hmac-sha2-256', 'hmac-sha2-512', 'hmac-sha2-256-etm@openssh.com', 'hmac-sha2-512-etm@openssh.com', 'hmac-sha1', 'hmac-md5', 'hmac-sha1-96', 'hmac-md5-96'] client compress:['none'] server compress:['none'] client lang:[''] server lang:[''] kex follows?False
DEB [20230126-09:24:43.971] thr=1   paramiko.transport: Kex agreed: curve25519-sha256@libssh.org
DEB [20230126-09:24:43.971] thr=1   paramiko.transport: HostKey agreed: ssh-rsa
DEB [20230126-09:24:43.971] thr=1   paramiko.transport: Cipher agreed: aes128-ctr
DEB [20230126-09:24:43.971] thr=1   paramiko.transport: MAC agreed: hmac-sha2-256
DEB [20230126-09:24:43.971] thr=1   paramiko.transport: Compression agreed: none
DEB [20230126-09:24:43.986] thr=1   paramiko.transport: kex engine KexCurve25519 specified hash_algo <built-in function openssl_sha256>
DEB [20230126-09:24:43.986] thr=1   paramiko.transport: Switch to new keys ...
DEB [20230126-09:24:43.986] thr=1   paramiko.transport: EOF in transport thread
DEB [20230126-09:25:49.680] thr=1   paramiko.transport: starting thread (client mode): 0xc1a1fe20
DEB [20230126-09:25:49.680] thr=1   paramiko.transport: Local version/idstring: SSH-2.0-paramiko_2.8.1
DEB [20230126-09:25:49.695] thr=1   paramiko.transport: Remote version/idstring: SSH-2.0-paramiko_2.8.1
INF [20230126-09:25:49.695] thr=1   paramiko.transport: Connected (version 2.0, client paramiko_2.8.1)
DEB [20230126-09:25:49.695] thr=1   paramiko.transport: kex algos:['gss-gex-sha1-toWM5Slw5Ew8Mqkay+al2g==', 'gss-group14-sha1-toWM5Slw5Ew8Mqkay+al2g==', 'gss-group1-sha1-toWM5Slw5Ew8Mqkay+al2g==', 'curve25519-sha256@libssh.org', 'ecdh-sha2-nistp256', 'ecdh-sha2-nistp384', 'ecdh-sha2-nistp521', 'diffie-hellman-group16-sha512', 'diffie-hellman-group14-sha256', 'diffie-hellman-group14-sha1', 'diffie-hellman-group1-sha1'] server key:['ssh-rsa'] client encrypt:['aes128-ctr', 'aes192-ctr', 'aes256-ctr', 'aes128-cbc', 'aes192-cbc', 'aes256-cbc', 'blowfish-cbc', '3des-cbc'] server encrypt:['aes128-ctr', 'aes192-ctr', 'aes256-ctr', 'aes128-cbc', 'aes192-cbc', 'aes256-cbc', 'blowfish-cbc', '3des-cbc'] client mac:['hmac-sha2-256', 'hmac-sha2-512', 'hmac-sha2-256-etm@openssh.com', 'hmac-sha2-512-etm@openssh.com', 'hmac-sha1', 'hmac-md5', 'hmac-sha1-96', 'hmac-md5-96'] server mac:['hmac-sha2-256', 'hmac-sha2-512', 'hmac-sha2-256-etm@openssh.com', 'hmac-sha2-512-etm@openssh.com', 'hmac-sha1', 'hmac-md5', 'hmac-sha1-96', 'hmac-md5-96'] client compress:['none'] server compress:['none'] client lang:[''] server lang:[''] kex follows?False
DEB [20230126-09:25:49.695] thr=1   paramiko.transport: Kex agreed: curve25519-sha256@libssh.org
DEB [20230126-09:25:49.695] thr=1   paramiko.transport: HostKey agreed: ssh-rsa
DEB [20230126-09:25:49.695] thr=1   paramiko.transport: Cipher agreed: aes128-ctr
DEB [20230126-09:25:49.695] thr=1   paramiko.transport: MAC agreed: hmac-sha2-256
DEB [20230126-09:25:49.695] thr=1   paramiko.transport: Compression agreed: none
DEB [20230126-09:25:49.695] thr=1   paramiko.transport: kex engine KexCurve25519 specified hash_algo <built-in function openssl_sha256>
DEB [20230126-09:25:49.695] thr=1   paramiko.transport: Switch to new keys ...
DEB [20230126-09:26:07.236] thr=1   paramiko.transport: EOF in transport thread
DEB [20230126-09:28:03.598] thr=1   paramiko.transport: starting thread (client mode): 0x3d10e970
DEB [20230126-09:28:03.598] thr=1   paramiko.transport: Local version/idstring: SSH-2.0-paramiko_2.8.1
DEB [20230126-09:28:03.613] thr=1   paramiko.transport: Remote version/idstring: SSH-2.0-paramiko_2.8.1
INF [20230126-09:28:03.613] thr=1   paramiko.transport: Connected (version 2.0, client paramiko_2.8.1)
DEB [20230126-09:28:03.613] thr=1   paramiko.transport: kex algos:['gss-gex-sha1-toWM5Slw5Ew8Mqkay+al2g==', 'gss-group14-sha1-toWM5Slw5Ew8Mqkay+al2g==', 'gss-group1-sha1-toWM5Slw5Ew8Mqkay+al2g==', 'curve25519-sha256@libssh.org', 'ecdh-sha2-nistp256', 'ecdh-sha2-nistp384', 'ecdh-sha2-nistp521', 'diffie-hellman-group16-sha512', 'diffie-hellman-group14-sha256', 'diffie-hellman-group14-sha1', 'diffie-hellman-group1-sha1'] server key:['ssh-rsa'] client encrypt:['aes128-ctr', 'aes192-ctr', 'aes256-ctr', 'aes128-cbc', 'aes192-cbc', 'aes256-cbc', 'blowfish-cbc', '3des-cbc'] server encrypt:['aes128-ctr', 'aes192-ctr', 'aes256-ctr', 'aes128-cbc', 'aes192-cbc', 'aes256-cbc', 'blowfish-cbc', '3des-cbc'] client mac:['hmac-sha2-256', 'hmac-sha2-512', 'hmac-sha2-256-etm@openssh.com', 'hmac-sha2-512-etm@openssh.com', 'hmac-sha1', 'hmac-md5', 'hmac-sha1-96', 'hmac-md5-96'] server mac:['hmac-sha2-256', 'hmac-sha2-512', 'hmac-sha2-256-etm@openssh.com', 'hmac-sha2-512-etm@openssh.com', 'hmac-sha1', 'hmac-md5', 'hmac-sha1-96', 'hmac-md5-96'] client compress:['none'] server compress:['none'] client lang:[''] server lang:[''] kex follows?False
DEB [20230126-09:28:03.613] thr=1   paramiko.transport: Kex agreed: curve25519-sha256@libssh.org
DEB [20230126-09:28:03.613] thr=1   paramiko.transport: HostKey agreed: ssh-rsa
DEB [20230126-09:28:03.613] thr=1   paramiko.transport: Cipher agreed: aes128-ctr
DEB [20230126-09:28:03.613] thr=1   paramiko.transport: MAC agreed: hmac-sha2-256
DEB [20230126-09:28:03.613] thr=1   paramiko.transport: Compression agreed: none
DEB [20230126-09:28:03.613] thr=1   paramiko.transport: kex engine KexCurve25519 specified hash_algo <built-in function openssl_sha256>
DEB [20230126-09:28:03.613] thr=1   paramiko.transport: Switch to new keys ...
DEB [20230126-09:28:10.845] thr=1   paramiko.transport: userauth is OK
INF [20230126-09:28:10.867] thr=1   paramiko.transport: Authentication (password) successful!
DEB [20230126-09:28:10.867] thr=2   paramiko.transport: [chan 0] Max packet in: 32768 bytes
DEB [20230126-09:28:10.867] thr=1   paramiko.transport: [chan 0] Max packet out: 32768 bytes
DEB [20230126-09:28:10.867] thr=1   paramiko.transport: Secsh channel 0 opened.
DEB [20230126-09:28:10.867] thr=1   paramiko.transport: [chan 0] Sesch channel 0 request ok
DEB [20230126-09:28:10.867] thr=1   paramiko.transport: [chan 0] Sesch channel 0 request ok
ERR [20230126-09:28:16.862] thr=1   paramiko.transport: Socket exception: An existing connection was forcibly closed by the remote host (10054)
