DEB [20230122-23:10:04.103] thr=1   paramiko.transport: starting thread (client mode): 0xbfe04460
DEB [20230122-23:10:04.104] thr=1   paramiko.transport: Local version/idstring: SSH-2.0-paramiko_2.8.1
DEB [20230122-23:10:04.112] thr=1   paramiko.transport: Remote version/idstring: SSH-2.0-paramiko_2.8.1
INF [20230122-23:10:04.113] thr=1   paramiko.transport: Connected (version 2.0, client paramiko_2.8.1)
DEB [20230122-23:10:04.115] thr=1   paramiko.transport: kex algos:['gss-gex-sha1-toWM5Slw5Ew8Mqkay+al2g==', 'gss-group14-sha1-toWM5Slw5Ew8Mqkay+al2g==', 'gss-group1-sha1-toWM5Slw5Ew8Mqkay+al2g==', 'curve25519-sha256@libssh.org', 'ecdh-sha2-nistp256', 'ecdh-sha2-nistp384', 'ecdh-sha2-nistp521', 'diffie-hellman-group16-sha512', 'diffie-hellman-group14-sha256', 'diffie-hellman-group14-sha1', 'diffie-hellman-group1-sha1'] server key:['ssh-rsa'] client encrypt:['aes128-ctr', 'aes192-ctr', 'aes256-ctr', 'aes128-cbc', 'aes192-cbc', 'aes256-cbc', 'blowfish-cbc', '3des-cbc'] server encrypt:['aes128-ctr', 'aes192-ctr', 'aes256-ctr', 'aes128-cbc', 'aes192-cbc', 'aes256-cbc', 'blowfish-cbc', '3des-cbc'] client mac:['hmac-sha2-256', 'hmac-sha2-512', 'hmac-sha2-256-etm@openssh.com', 'hmac-sha2-512-etm@openssh.com', 'hmac-sha1', 'hmac-md5', 'hmac-sha1-96', 'hmac-md5-96'] server mac:['hmac-sha2-256', 'hmac-sha2-512', 'hmac-sha2-256-etm@openssh.com', 'hmac-sha2-512-etm@openssh.com', 'hmac-sha1', 'hmac-md5', 'hmac-sha1-96', 'hmac-md5-96'] client compress:['none'] server compress:['none'] client lang:[''] server lang:[''] kex follows?False
DEB [20230122-23:10:04.116] thr=1   paramiko.transport: Kex agreed: curve25519-sha256@libssh.org
DEB [20230122-23:10:04.116] thr=1   paramiko.transport: HostKey agreed: ssh-rsa
DEB [20230122-23:10:04.116] thr=1   paramiko.transport: Cipher agreed: aes128-ctr
DEB [20230122-23:10:04.116] thr=1   paramiko.transport: MAC agreed: hmac-sha2-256
DEB [20230122-23:10:04.117] thr=1   paramiko.transport: Compression agreed: none
DEB [20230122-23:10:04.126] thr=1   paramiko.transport: kex engine KexCurve25519 specified hash_algo <built-in function openssl_sha256>
DEB [20230122-23:10:04.127] thr=1   paramiko.transport: Switch to new keys ...
DEB [20230122-23:10:24.128] thr=1   paramiko.transport: EOF in transport thread
DEB [20230123-10:17:37.757] thr=1   paramiko.transport: starting thread (client mode): 0xcb69fc70
DEB [20230123-10:17:37.758] thr=1   paramiko.transport: Local version/idstring: SSH-2.0-paramiko_2.8.1
DEB [20230123-10:17:37.815] thr=1   paramiko.transport: Remote version/idstring: SSH-2.0-paramiko_2.8.1
INF [20230123-10:17:37.815] thr=1   paramiko.transport: Connected (version 2.0, client paramiko_2.8.1)
DEB [20230123-10:17:37.817] thr=1   paramiko.transport: kex algos:['gss-gex-sha1-toWM5Slw5Ew8Mqkay+al2g==', 'gss-group14-sha1-toWM5Slw5Ew8Mqkay+al2g==', 'gss-group1-sha1-toWM5Slw5Ew8Mqkay+al2g==', 'curve25519-sha256@libssh.org', 'ecdh-sha2-nistp256', 'ecdh-sha2-nistp384', 'ecdh-sha2-nistp521', 'diffie-hellman-group16-sha512', 'diffie-hellman-group14-sha256', 'diffie-hellman-group14-sha1', 'diffie-hellman-group1-sha1'] server key:['ssh-rsa'] client encrypt:['aes128-ctr', 'aes192-ctr', 'aes256-ctr', 'aes128-cbc', 'aes192-cbc', 'aes256-cbc', 'blowfish-cbc', '3des-cbc'] server encrypt:['aes128-ctr', 'aes192-ctr', 'aes256-ctr', 'aes128-cbc', 'aes192-cbc', 'aes256-cbc', 'blowfish-cbc', '3des-cbc'] client mac:['hmac-sha2-256', 'hmac-sha2-512', 'hmac-sha2-256-etm@openssh.com', 'hmac-sha2-512-etm@openssh.com', 'hmac-sha1', 'hmac-md5', 'hmac-sha1-96', 'hmac-md5-96'] server mac:['hmac-sha2-256', 'hmac-sha2-512', 'hmac-sha2-256-etm@openssh.com', 'hmac-sha2-512-etm@openssh.com', 'hmac-sha1', 'hmac-md5', 'hmac-sha1-96', 'hmac-md5-96'] client compress:['none'] server compress:['none'] client lang:[''] server lang:[''] kex follows?False
DEB [20230123-10:17:37.817] thr=1   paramiko.transport: Kex agreed: curve25519-sha256@libssh.org
DEB [20230123-10:17:37.818] thr=1   paramiko.transport: HostKey agreed: ssh-rsa
DEB [20230123-10:17:37.818] thr=1   paramiko.transport: Cipher agreed: aes128-ctr
DEB [20230123-10:17:37.818] thr=1   paramiko.transport: MAC agreed: hmac-sha2-256
DEB [20230123-10:17:37.819] thr=1   paramiko.transport: Compression agreed: none
DEB [20230123-10:17:37.872] thr=1   paramiko.transport: kex engine KexCurve25519 specified hash_algo <built-in function openssl_sha256>
DEB [20230123-10:17:37.873] thr=1   paramiko.transport: Switch to new keys ...
DEB [20230123-10:17:57.875] thr=1   paramiko.transport: EOF in transport thread
DEB [20230123-10:18:21.324] thr=1   paramiko.transport: starting thread (client mode): 0x310efc70
DEB [20230123-10:18:21.325] thr=1   paramiko.transport: Local version/idstring: SSH-2.0-paramiko_2.8.1
DEB [20230123-10:18:21.335] thr=1   paramiko.transport: Remote version/idstring: SSH-2.0-paramiko_2.8.1
INF [20230123-10:18:21.335] thr=1   paramiko.transport: Connected (version 2.0, client paramiko_2.8.1)
DEB [20230123-10:18:21.338] thr=1   paramiko.transport: kex algos:['gss-gex-sha1-toWM5Slw5Ew8Mqkay+al2g==', 'gss-group14-sha1-toWM5Slw5Ew8Mqkay+al2g==', 'gss-group1-sha1-toWM5Slw5Ew8Mqkay+al2g==', 'curve25519-sha256@libssh.org', 'ecdh-sha2-nistp256', 'ecdh-sha2-nistp384', 'ecdh-sha2-nistp521', 'diffie-hellman-group16-sha512', 'diffie-hellman-group14-sha256', 'diffie-hellman-group14-sha1', 'diffie-hellman-group1-sha1'] server key:['ssh-rsa'] client encrypt:['aes128-ctr', 'aes192-ctr', 'aes256-ctr', 'aes128-cbc', 'aes192-cbc', 'aes256-cbc', 'blowfish-cbc', '3des-cbc'] server encrypt:['aes128-ctr', 'aes192-ctr', 'aes256-ctr', 'aes128-cbc', 'aes192-cbc', 'aes256-cbc', 'blowfish-cbc', '3des-cbc'] client mac:['hmac-sha2-256', 'hmac-sha2-512', 'hmac-sha2-256-etm@openssh.com', 'hmac-sha2-512-etm@openssh.com', 'hmac-sha1', 'hmac-md5', 'hmac-sha1-96', 'hmac-md5-96'] server mac:['hmac-sha2-256', 'hmac-sha2-512', 'hmac-sha2-256-etm@openssh.com', 'hmac-sha2-512-etm@openssh.com', 'hmac-sha1', 'hmac-md5', 'hmac-sha1-96', 'hmac-md5-96'] client compress:['none'] server compress:['none'] client lang:[''] server lang:[''] kex follows?False
DEB [20230123-10:18:21.339] thr=1   paramiko.transport: Kex agreed: curve25519-sha256@libssh.org
DEB [20230123-10:18:21.339] thr=1   paramiko.transport: HostKey agreed: ssh-rsa
DEB [20230123-10:18:21.339] thr=1   paramiko.transport: Cipher agreed: aes128-ctr
DEB [20230123-10:18:21.339] thr=1   paramiko.transport: MAC agreed: hmac-sha2-256
DEB [20230123-10:18:21.340] thr=1   paramiko.transport: Compression agreed: none
DEB [20230123-10:18:21.345] thr=1   paramiko.transport: kex engine KexCurve25519 specified hash_algo <built-in function openssl_sha256>
DEB [20230123-10:18:21.346] thr=1   paramiko.transport: Switch to new keys ...
DEB [20230123-10:18:41.347] thr=1   paramiko.transport: EOF in transport thread
DEB [20230123-10:25:09.757] thr=1   paramiko.transport: starting thread (client mode): 0x42e8fc70
DEB [20230123-10:25:09.758] thr=1   paramiko.transport: Local version/idstring: SSH-2.0-paramiko_2.8.1
DEB [20230123-10:25:09.782] thr=1   paramiko.transport: Remote version/idstring: SSH-2.0-paramiko_2.8.1
INF [20230123-10:25:09.783] thr=1   paramiko.transport: Connected (version 2.0, client paramiko_2.8.1)
DEB [20230123-10:25:09.785] thr=1   paramiko.transport: kex algos:['gss-gex-sha1-toWM5Slw5Ew8Mqkay+al2g==', 'gss-group14-sha1-toWM5Slw5Ew8Mqkay+al2g==', 'gss-group1-sha1-toWM5Slw5Ew8Mqkay+al2g==', 'curve25519-sha256@libssh.org', 'ecdh-sha2-nistp256', 'ecdh-sha2-nistp384', 'ecdh-sha2-nistp521', 'diffie-hellman-group16-sha512', 'diffie-hellman-group14-sha256', 'diffie-hellman-group14-sha1', 'diffie-hellman-group1-sha1'] server key:['ssh-rsa'] client encrypt:['aes128-ctr', 'aes192-ctr', 'aes256-ctr', 'aes128-cbc', 'aes192-cbc', 'aes256-cbc', 'blowfish-cbc', '3des-cbc'] server encrypt:['aes128-ctr', 'aes192-ctr', 'aes256-ctr', 'aes128-cbc', 'aes192-cbc', 'aes256-cbc', 'blowfish-cbc', '3des-cbc'] client mac:['hmac-sha2-256', 'hmac-sha2-512', 'hmac-sha2-256-etm@openssh.com', 'hmac-sha2-512-etm@openssh.com', 'hmac-sha1', 'hmac-md5', 'hmac-sha1-96', 'hmac-md5-96'] server mac:['hmac-sha2-256', 'hmac-sha2-512', 'hmac-sha2-256-etm@openssh.com', 'hmac-sha2-512-etm@openssh.com', 'hmac-sha1', 'hmac-md5', 'hmac-sha1-96', 'hmac-md5-96'] client compress:['none'] server compress:['none'] client lang:[''] server lang:[''] kex follows?False
DEB [20230123-10:25:09.786] thr=1   paramiko.transport: Kex agreed: curve25519-sha256@libssh.org
DEB [20230123-10:25:09.786] thr=1   paramiko.transport: HostKey agreed: ssh-rsa
DEB [20230123-10:25:09.786] thr=1   paramiko.transport: Cipher agreed: aes128-ctr
DEB [20230123-10:25:09.786] thr=1   paramiko.transport: MAC agreed: hmac-sha2-256
DEB [20230123-10:25:09.787] thr=1   paramiko.transport: Compression agreed: none
DEB [20230123-10:25:09.792] thr=1   paramiko.transport: kex engine KexCurve25519 specified hash_algo <built-in function openssl_sha256>
DEB [20230123-10:25:09.793] thr=1   paramiko.transport: Switch to new keys ...
DEB [20230123-10:25:29.794] thr=1   paramiko.transport: EOF in transport thread
DEB [20230123-10:29:33.687] thr=1   paramiko.transport: starting thread (client mode): 0x331afc70
DEB [20230123-10:29:33.688] thr=1   paramiko.transport: Local version/idstring: SSH-2.0-paramiko_2.8.1
DEB [20230123-10:29:33.710] thr=1   paramiko.transport: Remote version/idstring: SSH-2.0-paramiko_2.8.1
INF [20230123-10:29:33.710] thr=1   paramiko.transport: Connected (version 2.0, client paramiko_2.8.1)
DEB [20230123-10:29:33.712] thr=1   paramiko.transport: kex algos:['gss-gex-sha1-toWM5Slw5Ew8Mqkay+al2g==', 'gss-group14-sha1-toWM5Slw5Ew8Mqkay+al2g==', 'gss-group1-sha1-toWM5Slw5Ew8Mqkay+al2g==', 'curve25519-sha256@libssh.org', 'ecdh-sha2-nistp256', 'ecdh-sha2-nistp384', 'ecdh-sha2-nistp521', 'diffie-hellman-group16-sha512', 'diffie-hellman-group14-sha256', 'diffie-hellman-group14-sha1', 'diffie-hellman-group1-sha1'] server key:['ssh-rsa'] client encrypt:['aes128-ctr', 'aes192-ctr', 'aes256-ctr', 'aes128-cbc', 'aes192-cbc', 'aes256-cbc', 'blowfish-cbc', '3des-cbc'] server encrypt:['aes128-ctr', 'aes192-ctr', 'aes256-ctr', 'aes128-cbc', 'aes192-cbc', 'aes256-cbc', 'blowfish-cbc', '3des-cbc'] client mac:['hmac-sha2-256', 'hmac-sha2-512', 'hmac-sha2-256-etm@openssh.com', 'hmac-sha2-512-etm@openssh.com', 'hmac-sha1', 'hmac-md5', 'hmac-sha1-96', 'hmac-md5-96'] server mac:['hmac-sha2-256', 'hmac-sha2-512', 'hmac-sha2-256-etm@openssh.com', 'hmac-sha2-512-etm@openssh.com', 'hmac-sha1', 'hmac-md5', 'hmac-sha1-96', 'hmac-md5-96'] client compress:['none'] server compress:['none'] client lang:[''] server lang:[''] kex follows?False
DEB [20230123-10:29:33.712] thr=1   paramiko.transport: Kex agreed: curve25519-sha256@libssh.org
DEB [20230123-10:29:33.712] thr=1   paramiko.transport: HostKey agreed: ssh-rsa
DEB [20230123-10:29:33.712] thr=1   paramiko.transport: Cipher agreed: aes128-ctr
DEB [20230123-10:29:33.713] thr=1   paramiko.transport: MAC agreed: hmac-sha2-256
DEB [20230123-10:29:33.713] thr=1   paramiko.transport: Compression agreed: none
DEB [20230123-10:29:33.718] thr=1   paramiko.transport: kex engine KexCurve25519 specified hash_algo <built-in function openssl_sha256>
DEB [20230123-10:29:33.718] thr=1   paramiko.transport: Switch to new keys ...
DEB [20230123-10:29:33.720] thr=1   paramiko.transport: EOF in transport thread
DEB [20230123-10:30:57.999] thr=1   paramiko.transport: starting thread (client mode): 0x335bcb50
DEB [20230123-10:30:58.006] thr=1   paramiko.transport: Local version/idstring: SSH-2.0-paramiko_2.8.1
DEB [20230123-10:30:58.019] thr=1   paramiko.transport: Remote version/idstring: SSH-2.0-paramiko_2.8.1
INF [20230123-10:30:58.020] thr=1   paramiko.transport: Connected (version 2.0, client paramiko_2.8.1)
DEB [20230123-10:30:58.025] thr=1   paramiko.transport: kex algos:['gss-gex-sha1-toWM5Slw5Ew8Mqkay+al2g==', 'gss-group14-sha1-toWM5Slw5Ew8Mqkay+al2g==', 'gss-group1-sha1-toWM5Slw5Ew8Mqkay+al2g==', 'curve25519-sha256@libssh.org', 'ecdh-sha2-nistp256', 'ecdh-sha2-nistp384', 'ecdh-sha2-nistp521', 'diffie-hellman-group16-sha512', 'diffie-hellman-group14-sha256', 'diffie-hellman-group14-sha1', 'diffie-hellman-group1-sha1'] server key:['ssh-rsa'] client encrypt:['aes128-ctr', 'aes192-ctr', 'aes256-ctr', 'aes128-cbc', 'aes192-cbc', 'aes256-cbc', 'blowfish-cbc', '3des-cbc'] server encrypt:['aes128-ctr', 'aes192-ctr', 'aes256-ctr', 'aes128-cbc', 'aes192-cbc', 'aes256-cbc', 'blowfish-cbc', '3des-cbc'] client mac:['hmac-sha2-256', 'hmac-sha2-512', 'hmac-sha2-256-etm@openssh.com', 'hmac-sha2-512-etm@openssh.com', 'hmac-sha1', 'hmac-md5', 'hmac-sha1-96', 'hmac-md5-96'] server mac:['hmac-sha2-256', 'hmac-sha2-512', 'hmac-sha2-256-etm@openssh.com', 'hmac-sha2-512-etm@openssh.com', 'hmac-sha1', 'hmac-md5', 'hmac-sha1-96', 'hmac-md5-96'] client compress:['none'] server compress:['none'] client lang:[''] server lang:[''] kex follows?False
DEB [20230123-10:30:58.026] thr=1   paramiko.transport: Kex agreed: curve25519-sha256@libssh.org
DEB [20230123-10:30:58.027] thr=1   paramiko.transport: HostKey agreed: ssh-rsa
DEB [20230123-10:30:58.028] thr=1   paramiko.transport: Cipher agreed: aes128-ctr
DEB [20230123-10:30:58.028] thr=1   paramiko.transport: MAC agreed: hmac-sha2-256
DEB [20230123-10:30:58.029] thr=1   paramiko.transport: Compression agreed: none
DEB [20230123-10:30:58.038] thr=1   paramiko.transport: kex engine KexCurve25519 specified hash_algo <built-in function openssl_sha256>
DEB [20230123-10:30:58.039] thr=1   paramiko.transport: Switch to new keys ...
DEB [20230123-10:31:18.039] thr=1   paramiko.transport: EOF in transport thread
DEB [20230123-10:32:06.504] thr=1   paramiko.transport: starting thread (client mode): 0xae16fc70
DEB [20230123-10:32:06.506] thr=1   paramiko.transport: Local version/idstring: SSH-2.0-paramiko_2.8.1
DEB [20230123-10:32:06.530] thr=1   paramiko.transport: Remote version/idstring: SSH-2.0-paramiko_2.8.1
INF [20230123-10:32:06.530] thr=1   paramiko.transport: Connected (version 2.0, client paramiko_2.8.1)
DEB [20230123-10:32:06.532] thr=1   paramiko.transport: kex algos:['gss-gex-sha1-toWM5Slw5Ew8Mqkay+al2g==', 'gss-group14-sha1-toWM5Slw5Ew8Mqkay+al2g==', 'gss-group1-sha1-toWM5Slw5Ew8Mqkay+al2g==', 'curve25519-sha256@libssh.org', 'ecdh-sha2-nistp256', 'ecdh-sha2-nistp384', 'ecdh-sha2-nistp521', 'diffie-hellman-group16-sha512', 'diffie-hellman-group14-sha256', 'diffie-hellman-group14-sha1', 'diffie-hellman-group1-sha1'] server key:['ssh-rsa'] client encrypt:['aes128-ctr', 'aes192-ctr', 'aes256-ctr', 'aes128-cbc', 'aes192-cbc', 'aes256-cbc', 'blowfish-cbc', '3des-cbc'] server encrypt:['aes128-ctr', 'aes192-ctr', 'aes256-ctr', 'aes128-cbc', 'aes192-cbc', 'aes256-cbc', 'blowfish-cbc', '3des-cbc'] client mac:['hmac-sha2-256', 'hmac-sha2-512', 'hmac-sha2-256-etm@openssh.com', 'hmac-sha2-512-etm@openssh.com', 'hmac-sha1', 'hmac-md5', 'hmac-sha1-96', 'hmac-md5-96'] server mac:['hmac-sha2-256', 'hmac-sha2-512', 'hmac-sha2-256-etm@openssh.com', 'hmac-sha2-512-etm@openssh.com', 'hmac-sha1', 'hmac-md5', 'hmac-sha1-96', 'hmac-md5-96'] client compress:['none'] server compress:['none'] client lang:[''] server lang:[''] kex follows?False
DEB [20230123-10:32:06.533] thr=1   paramiko.transport: Kex agreed: curve25519-sha256@libssh.org
DEB [20230123-10:32:06.533] thr=1   paramiko.transport: HostKey agreed: ssh-rsa
DEB [20230123-10:32:06.533] thr=1   paramiko.transport: Cipher agreed: aes128-ctr
DEB [20230123-10:32:06.533] thr=1   paramiko.transport: MAC agreed: hmac-sha2-256
DEB [20230123-10:32:06.534] thr=1   paramiko.transport: Compression agreed: none
DEB [20230123-10:32:06.539] thr=1   paramiko.transport: kex engine KexCurve25519 specified hash_algo <built-in function openssl_sha256>
DEB [20230123-10:32:06.539] thr=1   paramiko.transport: Switch to new keys ...
DEB [20230123-10:32:26.540] thr=1   paramiko.transport: EOF in transport thread
DEB [20230123-10:33:14.538] thr=1   paramiko.transport: starting thread (client mode): 0x46ccfc70
DEB [20230123-10:33:14.539] thr=1   paramiko.transport: Local version/idstring: SSH-2.0-paramiko_2.8.1
DEB [20230123-10:33:14.561] thr=1   paramiko.transport: Remote version/idstring: SSH-2.0-paramiko_2.8.1
INF [20230123-10:33:14.562] thr=1   paramiko.transport: Connected (version 2.0, client paramiko_2.8.1)
DEB [20230123-10:33:14.564] thr=1   paramiko.transport: kex algos:['gss-gex-sha1-toWM5Slw5Ew8Mqkay+al2g==', 'gss-group14-sha1-toWM5Slw5Ew8Mqkay+al2g==', 'gss-group1-sha1-toWM5Slw5Ew8Mqkay+al2g==', 'curve25519-sha256@libssh.org', 'ecdh-sha2-nistp256', 'ecdh-sha2-nistp384', 'ecdh-sha2-nistp521', 'diffie-hellman-group16-sha512', 'diffie-hellman-group14-sha256', 'diffie-hellman-group14-sha1', 'diffie-hellman-group1-sha1'] server key:['ssh-rsa'] client encrypt:['aes128-ctr', 'aes192-ctr', 'aes256-ctr', 'aes128-cbc', 'aes192-cbc', 'aes256-cbc', 'blowfish-cbc', '3des-cbc'] server encrypt:['aes128-ctr', 'aes192-ctr', 'aes256-ctr', 'aes128-cbc', 'aes192-cbc', 'aes256-cbc', 'blowfish-cbc', '3des-cbc'] client mac:['hmac-sha2-256', 'hmac-sha2-512', 'hmac-sha2-256-etm@openssh.com', 'hmac-sha2-512-etm@openssh.com', 'hmac-sha1', 'hmac-md5', 'hmac-sha1-96', 'hmac-md5-96'] server mac:['hmac-sha2-256', 'hmac-sha2-512', 'hmac-sha2-256-etm@openssh.com', 'hmac-sha2-512-etm@openssh.com', 'hmac-sha1', 'hmac-md5', 'hmac-sha1-96', 'hmac-md5-96'] client compress:['none'] server compress:['none'] client lang:[''] server lang:[''] kex follows?False
DEB [20230123-10:33:14.564] thr=1   paramiko.transport: Kex agreed: curve25519-sha256@libssh.org
DEB [20230123-10:33:14.564] thr=1   paramiko.transport: HostKey agreed: ssh-rsa
DEB [20230123-10:33:14.565] thr=1   paramiko.transport: Cipher agreed: aes128-ctr
DEB [20230123-10:33:14.565] thr=1   paramiko.transport: MAC agreed: hmac-sha2-256
DEB [20230123-10:33:14.565] thr=1   paramiko.transport: Compression agreed: none
DEB [20230123-10:33:14.571] thr=1   paramiko.transport: kex engine KexCurve25519 specified hash_algo <built-in function openssl_sha256>
DEB [20230123-10:33:14.572] thr=1   paramiko.transport: Switch to new keys ...
DEB [20230123-10:33:34.572] thr=1   paramiko.transport: EOF in transport thread
DEB [20230123-10:34:54.885] thr=1   paramiko.transport: starting thread (client mode): 0x90ffc70
DEB [20230123-10:34:54.886] thr=1   paramiko.transport: Local version/idstring: SSH-2.0-paramiko_2.8.1
DEB [20230123-10:34:54.909] thr=1   paramiko.transport: Remote version/idstring: SSH-2.0-paramiko_2.8.1
INF [20230123-10:34:54.910] thr=1   paramiko.transport: Connected (version 2.0, client paramiko_2.8.1)
DEB [20230123-10:34:54.911] thr=1   paramiko.transport: kex algos:['gss-gex-sha1-toWM5Slw5Ew8Mqkay+al2g==', 'gss-group14-sha1-toWM5Slw5Ew8Mqkay+al2g==', 'gss-group1-sha1-toWM5Slw5Ew8Mqkay+al2g==', 'curve25519-sha256@libssh.org', 'ecdh-sha2-nistp256', 'ecdh-sha2-nistp384', 'ecdh-sha2-nistp521', 'diffie-hellman-group16-sha512', 'diffie-hellman-group14-sha256', 'diffie-hellman-group14-sha1', 'diffie-hellman-group1-sha1'] server key:['ssh-rsa'] client encrypt:['aes128-ctr', 'aes192-ctr', 'aes256-ctr', 'aes128-cbc', 'aes192-cbc', 'aes256-cbc', 'blowfish-cbc', '3des-cbc'] server encrypt:['aes128-ctr', 'aes192-ctr', 'aes256-ctr', 'aes128-cbc', 'aes192-cbc', 'aes256-cbc', 'blowfish-cbc', '3des-cbc'] client mac:['hmac-sha2-256', 'hmac-sha2-512', 'hmac-sha2-256-etm@openssh.com', 'hmac-sha2-512-etm@openssh.com', 'hmac-sha1', 'hmac-md5', 'hmac-sha1-96', 'hmac-md5-96'] server mac:['hmac-sha2-256', 'hmac-sha2-512', 'hmac-sha2-256-etm@openssh.com', 'hmac-sha2-512-etm@openssh.com', 'hmac-sha1', 'hmac-md5', 'hmac-sha1-96', 'hmac-md5-96'] client compress:['none'] server compress:['none'] client lang:[''] server lang:[''] kex follows?False
DEB [20230123-10:34:54.912] thr=1   paramiko.transport: Kex agreed: curve25519-sha256@libssh.org
DEB [20230123-10:34:54.912] thr=1   paramiko.transport: HostKey agreed: ssh-rsa
DEB [20230123-10:34:54.912] thr=1   paramiko.transport: Cipher agreed: aes128-ctr
DEB [20230123-10:34:54.912] thr=1   paramiko.transport: MAC agreed: hmac-sha2-256
DEB [20230123-10:34:54.913] thr=1   paramiko.transport: Compression agreed: none
DEB [20230123-10:34:54.918] thr=1   paramiko.transport: kex engine KexCurve25519 specified hash_algo <built-in function openssl_sha256>
DEB [20230123-10:34:54.918] thr=1   paramiko.transport: Switch to new keys ...
DEB [20230123-10:35:05.164] thr=1   paramiko.transport: userauth is OK
DEB [20230123-10:35:05.333] thr=1   paramiko.transport: EOF in transport thread
DEB [20230123-10:40:43.251] thr=1   paramiko.transport: starting thread (client mode): 0xaf81fc70
DEB [20230123-10:40:43.252] thr=1   paramiko.transport: Local version/idstring: SSH-2.0-paramiko_2.8.1
DEB [20230123-10:40:43.291] thr=1   paramiko.transport: Remote version/idstring: SSH-2.0-paramiko_2.8.1
INF [20230123-10:40:43.291] thr=1   paramiko.transport: Connected (version 2.0, client paramiko_2.8.1)
DEB [20230123-10:40:43.296] thr=1   paramiko.transport: kex algos:['gss-gex-sha1-toWM5Slw5Ew8Mqkay+al2g==', 'gss-group14-sha1-toWM5Slw5Ew8Mqkay+al2g==', 'gss-group1-sha1-toWM5Slw5Ew8Mqkay+al2g==', 'curve25519-sha256@libssh.org', 'ecdh-sha2-nistp256', 'ecdh-sha2-nistp384', 'ecdh-sha2-nistp521', 'diffie-hellman-group16-sha512', 'diffie-hellman-group14-sha256', 'diffie-hellman-group14-sha1', 'diffie-hellman-group1-sha1'] server key:['ssh-rsa'] client encrypt:['aes128-ctr', 'aes192-ctr', 'aes256-ctr', 'aes128-cbc', 'aes192-cbc', 'aes256-cbc', 'blowfish-cbc', '3des-cbc'] server encrypt:['aes128-ctr', 'aes192-ctr', 'aes256-ctr', 'aes128-cbc', 'aes192-cbc', 'aes256-cbc', 'blowfish-cbc', '3des-cbc'] client mac:['hmac-sha2-256', 'hmac-sha2-512', 'hmac-sha2-256-etm@openssh.com', 'hmac-sha2-512-etm@openssh.com', 'hmac-sha1', 'hmac-md5', 'hmac-sha1-96', 'hmac-md5-96'] server mac:['hmac-sha2-256', 'hmac-sha2-512', 'hmac-sha2-256-etm@openssh.com', 'hmac-sha2-512-etm@openssh.com', 'hmac-sha1', 'hmac-md5', 'hmac-sha1-96', 'hmac-md5-96'] client compress:['none'] server compress:['none'] client lang:[''] server lang:[''] kex follows?False
DEB [20230123-10:40:43.296] thr=1   paramiko.transport: Kex agreed: curve25519-sha256@libssh.org
DEB [20230123-10:40:43.297] thr=1   paramiko.transport: HostKey agreed: ssh-rsa
DEB [20230123-10:40:43.297] thr=1   paramiko.transport: Cipher agreed: aes128-ctr
DEB [20230123-10:40:43.297] thr=1   paramiko.transport: MAC agreed: hmac-sha2-256
DEB [20230123-10:40:43.297] thr=1   paramiko.transport: Compression agreed: none
DEB [20230123-10:40:43.307] thr=1   paramiko.transport: kex engine KexCurve25519 specified hash_algo <built-in function openssl_sha256>
DEB [20230123-10:40:43.307] thr=1   paramiko.transport: Switch to new keys ...
DEB [20230123-10:40:52.566] thr=1   paramiko.transport: userauth is OK
DEB [20230123-10:41:03.313] thr=1   paramiko.transport: EOF in transport thread
DEB [20230123-10:48:05.935] thr=1   paramiko.transport: starting thread (client mode): 0xffe5fc70
DEB [20230123-10:48:05.936] thr=1   paramiko.transport: Local version/idstring: SSH-2.0-paramiko_2.8.1
DEB [20230123-10:48:05.961] thr=1   paramiko.transport: Remote version/idstring: SSH-2.0-paramiko_2.8.1
INF [20230123-10:48:05.961] thr=1   paramiko.transport: Connected (version 2.0, client paramiko_2.8.1)
DEB [20230123-10:48:05.963] thr=1   paramiko.transport: kex algos:['gss-gex-sha1-toWM5Slw5Ew8Mqkay+al2g==', 'gss-group14-sha1-toWM5Slw5Ew8Mqkay+al2g==', 'gss-group1-sha1-toWM5Slw5Ew8Mqkay+al2g==', 'curve25519-sha256@libssh.org', 'ecdh-sha2-nistp256', 'ecdh-sha2-nistp384', 'ecdh-sha2-nistp521', 'diffie-hellman-group16-sha512', 'diffie-hellman-group14-sha256', 'diffie-hellman-group14-sha1', 'diffie-hellman-group1-sha1'] server key:['ssh-rsa'] client encrypt:['aes128-ctr', 'aes192-ctr', 'aes256-ctr', 'aes128-cbc', 'aes192-cbc', 'aes256-cbc', 'blowfish-cbc', '3des-cbc'] server encrypt:['aes128-ctr', 'aes192-ctr', 'aes256-ctr', 'aes128-cbc', 'aes192-cbc', 'aes256-cbc', 'blowfish-cbc', '3des-cbc'] client mac:['hmac-sha2-256', 'hmac-sha2-512', 'hmac-sha2-256-etm@openssh.com', 'hmac-sha2-512-etm@openssh.com', 'hmac-sha1', 'hmac-md5', 'hmac-sha1-96', 'hmac-md5-96'] server mac:['hmac-sha2-256', 'hmac-sha2-512', 'hmac-sha2-256-etm@openssh.com', 'hmac-sha2-512-etm@openssh.com', 'hmac-sha1', 'hmac-md5', 'hmac-sha1-96', 'hmac-md5-96'] client compress:['none'] server compress:['none'] client lang:[''] server lang:[''] kex follows?False
DEB [20230123-10:48:05.963] thr=1   paramiko.transport: Kex agreed: curve25519-sha256@libssh.org
DEB [20230123-10:48:05.963] thr=1   paramiko.transport: HostKey agreed: ssh-rsa
DEB [20230123-10:48:05.963] thr=1   paramiko.transport: Cipher agreed: aes128-ctr
DEB [20230123-10:48:05.964] thr=1   paramiko.transport: MAC agreed: hmac-sha2-256
DEB [20230123-10:48:05.964] thr=1   paramiko.transport: Compression agreed: none
DEB [20230123-10:48:05.970] thr=1   paramiko.transport: kex engine KexCurve25519 specified hash_algo <built-in function openssl_sha256>
DEB [20230123-10:48:05.971] thr=1   paramiko.transport: Switch to new keys ...
DEB [20230123-10:48:12.216] thr=1   paramiko.transport: userauth is OK
DEB [20230123-10:48:12.248] thr=1   paramiko.transport: EOF in transport thread
DEB [20230123-10:52:56.701] thr=1   paramiko.transport: starting thread (client mode): 0x9f8e6d00
DEB [20230123-10:52:56.702] thr=1   paramiko.transport: Local version/idstring: SSH-2.0-paramiko_2.8.1
DEB [20230123-10:52:56.743] thr=1   paramiko.transport: Remote version/idstring: SSH-2.0-paramiko_2.8.1
INF [20230123-10:52:56.743] thr=1   paramiko.transport: Connected (version 2.0, client paramiko_2.8.1)
DEB [20230123-10:52:56.748] thr=1   paramiko.transport: kex algos:['gss-gex-sha1-toWM5Slw5Ew8Mqkay+al2g==', 'gss-group14-sha1-toWM5Slw5Ew8Mqkay+al2g==', 'gss-group1-sha1-toWM5Slw5Ew8Mqkay+al2g==', 'curve25519-sha256@libssh.org', 'ecdh-sha2-nistp256', 'ecdh-sha2-nistp384', 'ecdh-sha2-nistp521', 'diffie-hellman-group16-sha512', 'diffie-hellman-group14-sha256', 'diffie-hellman-group14-sha1', 'diffie-hellman-group1-sha1'] server key:['ssh-rsa'] client encrypt:['aes128-ctr', 'aes192-ctr', 'aes256-ctr', 'aes128-cbc', 'aes192-cbc', 'aes256-cbc', 'blowfish-cbc', '3des-cbc'] server encrypt:['aes128-ctr', 'aes192-ctr', 'aes256-ctr', 'aes128-cbc', 'aes192-cbc', 'aes256-cbc', 'blowfish-cbc', '3des-cbc'] client mac:['hmac-sha2-256', 'hmac-sha2-512', 'hmac-sha2-256-etm@openssh.com', 'hmac-sha2-512-etm@openssh.com', 'hmac-sha1', 'hmac-md5', 'hmac-sha1-96', 'hmac-md5-96'] server mac:['hmac-sha2-256', 'hmac-sha2-512', 'hmac-sha2-256-etm@openssh.com', 'hmac-sha2-512-etm@openssh.com', 'hmac-sha1', 'hmac-md5', 'hmac-sha1-96', 'hmac-md5-96'] client compress:['none'] server compress:['none'] client lang:[''] server lang:[''] kex follows?False
DEB [20230123-10:52:56.748] thr=1   paramiko.transport: Kex agreed: curve25519-sha256@libssh.org
DEB [20230123-10:52:56.748] thr=1   paramiko.transport: HostKey agreed: ssh-rsa
DEB [20230123-10:52:56.749] thr=1   paramiko.transport: Cipher agreed: aes128-ctr
DEB [20230123-10:52:56.749] thr=1   paramiko.transport: MAC agreed: hmac-sha2-256
DEB [20230123-10:52:56.749] thr=1   paramiko.transport: Compression agreed: none
DEB [20230123-10:52:56.763] thr=1   paramiko.transport: kex engine KexCurve25519 specified hash_algo <built-in function openssl_sha256>
DEB [20230123-10:52:56.763] thr=1   paramiko.transport: Switch to new keys ...
DEB [20230123-10:53:03.603] thr=1   paramiko.transport: userauth is OK
DEB [20230123-10:53:13.031] thr=1   paramiko.transport: EOF in transport thread
DEB [20230123-13:11:27.022] thr=1   paramiko.transport: starting thread (client mode): 0xafe96d00
DEB [20230123-13:11:27.023] thr=1   paramiko.transport: Local version/idstring: SSH-2.0-paramiko_2.8.1
DEB [20230123-13:11:27.047] thr=1   paramiko.transport: Remote version/idstring: SSH-2.0-paramiko_2.8.1
INF [20230123-13:11:27.047] thr=1   paramiko.transport: Connected (version 2.0, client paramiko_2.8.1)
DEB [20230123-13:11:27.049] thr=1   paramiko.transport: kex algos:['gss-gex-sha1-toWM5Slw5Ew8Mqkay+al2g==', 'gss-group14-sha1-toWM5Slw5Ew8Mqkay+al2g==', 'gss-group1-sha1-toWM5Slw5Ew8Mqkay+al2g==', 'curve25519-sha256@libssh.org', 'ecdh-sha2-nistp256', 'ecdh-sha2-nistp384', 'ecdh-sha2-nistp521', 'diffie-hellman-group16-sha512', 'diffie-hellman-group14-sha256', 'diffie-hellman-group14-sha1', 'diffie-hellman-group1-sha1'] server key:['ssh-rsa'] client encrypt:['aes128-ctr', 'aes192-ctr', 'aes256-ctr', 'aes128-cbc', 'aes192-cbc', 'aes256-cbc', 'blowfish-cbc', '3des-cbc'] server encrypt:['aes128-ctr', 'aes192-ctr', 'aes256-ctr', 'aes128-cbc', 'aes192-cbc', 'aes256-cbc', 'blowfish-cbc', '3des-cbc'] client mac:['hmac-sha2-256', 'hmac-sha2-512', 'hmac-sha2-256-etm@openssh.com', 'hmac-sha2-512-etm@openssh.com', 'hmac-sha1', 'hmac-md5', 'hmac-sha1-96', 'hmac-md5-96'] server mac:['hmac-sha2-256', 'hmac-sha2-512', 'hmac-sha2-256-etm@openssh.com', 'hmac-sha2-512-etm@openssh.com', 'hmac-sha1', 'hmac-md5', 'hmac-sha1-96', 'hmac-md5-96'] client compress:['none'] server compress:['none'] client lang:[''] server lang:[''] kex follows?False
DEB [20230123-13:11:27.049] thr=1   paramiko.transport: Kex agreed: curve25519-sha256@libssh.org
DEB [20230123-13:11:27.049] thr=1   paramiko.transport: HostKey agreed: ssh-rsa
DEB [20230123-13:11:27.049] thr=1   paramiko.transport: Cipher agreed: aes128-ctr
DEB [20230123-13:11:27.050] thr=1   paramiko.transport: MAC agreed: hmac-sha2-256
DEB [20230123-13:11:27.050] thr=1   paramiko.transport: Compression agreed: none
DEB [20230123-13:11:27.055] thr=1   paramiko.transport: kex engine KexCurve25519 specified hash_algo <built-in function openssl_sha256>
DEB [20230123-13:11:27.056] thr=1   paramiko.transport: Switch to new keys ...
DEB [20230123-13:11:31.502] thr=1   paramiko.transport: userauth is OK
DEB [20230123-13:11:31.528] thr=1   paramiko.transport: EOF in transport thread
DEB [20230123-13:12:07.650] thr=1   paramiko.transport: starting thread (client mode): 0x98ef6d00
DEB [20230123-13:12:07.651] thr=1   paramiko.transport: Local version/idstring: SSH-2.0-paramiko_2.8.1
DEB [20230123-13:12:07.686] thr=1   paramiko.transport: Remote version/idstring: SSH-2.0-paramiko_2.8.1
INF [20230123-13:12:07.686] thr=1   paramiko.transport: Connected (version 2.0, client paramiko_2.8.1)
DEB [20230123-13:12:07.690] thr=1   paramiko.transport: kex algos:['gss-gex-sha1-toWM5Slw5Ew8Mqkay+al2g==', 'gss-group14-sha1-toWM5Slw5Ew8Mqkay+al2g==', 'gss-group1-sha1-toWM5Slw5Ew8Mqkay+al2g==', 'curve25519-sha256@libssh.org', 'ecdh-sha2-nistp256', 'ecdh-sha2-nistp384', 'ecdh-sha2-nistp521', 'diffie-hellman-group16-sha512', 'diffie-hellman-group14-sha256', 'diffie-hellman-group14-sha1', 'diffie-hellman-group1-sha1'] server key:['ssh-rsa'] client encrypt:['aes128-ctr', 'aes192-ctr', 'aes256-ctr', 'aes128-cbc', 'aes192-cbc', 'aes256-cbc', 'blowfish-cbc', '3des-cbc'] server encrypt:['aes128-ctr', 'aes192-ctr', 'aes256-ctr', 'aes128-cbc', 'aes192-cbc', 'aes256-cbc', 'blowfish-cbc', '3des-cbc'] client mac:['hmac-sha2-256', 'hmac-sha2-512', 'hmac-sha2-256-etm@openssh.com', 'hmac-sha2-512-etm@openssh.com', 'hmac-sha1', 'hmac-md5', 'hmac-sha1-96', 'hmac-md5-96'] server mac:['hmac-sha2-256', 'hmac-sha2-512', 'hmac-sha2-256-etm@openssh.com', 'hmac-sha2-512-etm@openssh.com', 'hmac-sha1', 'hmac-md5', 'hmac-sha1-96', 'hmac-md5-96'] client compress:['none'] server compress:['none'] client lang:[''] server lang:[''] kex follows?False
DEB [20230123-13:12:07.690] thr=1   paramiko.transport: Kex agreed: curve25519-sha256@libssh.org
DEB [20230123-13:12:07.690] thr=1   paramiko.transport: HostKey agreed: ssh-rsa
DEB [20230123-13:12:07.691] thr=1   paramiko.transport: Cipher agreed: aes128-ctr
DEB [20230123-13:12:07.691] thr=1   paramiko.transport: MAC agreed: hmac-sha2-256
DEB [20230123-13:12:07.691] thr=1   paramiko.transport: Compression agreed: none
DEB [20230123-13:12:07.700] thr=1   paramiko.transport: kex engine KexCurve25519 specified hash_algo <built-in function openssl_sha256>
DEB [20230123-13:12:07.701] thr=1   paramiko.transport: Switch to new keys ...
ERR [20230123-13:12:20.050] thr=1   paramiko.transport: Socket exception: An existing connection was forcibly closed by the remote host (10054)
DEB [20230123-13:13:01.222] thr=1   paramiko.transport: starting thread (client mode): 0x6b526d00
DEB [20230123-13:13:01.223] thr=1   paramiko.transport: Local version/idstring: SSH-2.0-paramiko_2.8.1
DEB [20230123-13:13:01.258] thr=1   paramiko.transport: Remote version/idstring: SSH-2.0-paramiko_2.8.1
INF [20230123-13:13:01.259] thr=1   paramiko.transport: Connected (version 2.0, client paramiko_2.8.1)
DEB [20230123-13:13:01.263] thr=1   paramiko.transport: kex algos:['gss-gex-sha1-toWM5Slw5Ew8Mqkay+al2g==', 'gss-group14-sha1-toWM5Slw5Ew8Mqkay+al2g==', 'gss-group1-sha1-toWM5Slw5Ew8Mqkay+al2g==', 'curve25519-sha256@libssh.org', 'ecdh-sha2-nistp256', 'ecdh-sha2-nistp384', 'ecdh-sha2-nistp521', 'diffie-hellman-group16-sha512', 'diffie-hellman-group14-sha256', 'diffie-hellman-group14-sha1', 'diffie-hellman-group1-sha1'] server key:['ssh-rsa'] client encrypt:['aes128-ctr', 'aes192-ctr', 'aes256-ctr', 'aes128-cbc', 'aes192-cbc', 'aes256-cbc', 'blowfish-cbc', '3des-cbc'] server encrypt:['aes128-ctr', 'aes192-ctr', 'aes256-ctr', 'aes128-cbc', 'aes192-cbc', 'aes256-cbc', 'blowfish-cbc', '3des-cbc'] client mac:['hmac-sha2-256', 'hmac-sha2-512', 'hmac-sha2-256-etm@openssh.com', 'hmac-sha2-512-etm@openssh.com', 'hmac-sha1', 'hmac-md5', 'hmac-sha1-96', 'hmac-md5-96'] server mac:['hmac-sha2-256', 'hmac-sha2-512', 'hmac-sha2-256-etm@openssh.com', 'hmac-sha2-512-etm@openssh.com', 'hmac-sha1', 'hmac-md5', 'hmac-sha1-96', 'hmac-md5-96'] client compress:['none'] server compress:['none'] client lang:[''] server lang:[''] kex follows?False
DEB [20230123-13:13:01.263] thr=1   paramiko.transport: Kex agreed: curve25519-sha256@libssh.org
DEB [20230123-13:13:01.263] thr=1   paramiko.transport: HostKey agreed: ssh-rsa
DEB [20230123-13:13:01.264] thr=1   paramiko.transport: Cipher agreed: aes128-ctr
DEB [20230123-13:13:01.264] thr=1   paramiko.transport: MAC agreed: hmac-sha2-256
DEB [20230123-13:13:01.264] thr=1   paramiko.transport: Compression agreed: none
DEB [20230123-13:13:01.274] thr=1   paramiko.transport: kex engine KexCurve25519 specified hash_algo <built-in function openssl_sha256>
DEB [20230123-13:13:01.275] thr=1   paramiko.transport: Switch to new keys ...
DEB [20230123-13:13:07.100] thr=1   paramiko.transport: userauth is OK
DEB [20230123-13:13:11.413] thr=1   paramiko.transport: EOF in transport thread
DEB [20230123-13:14:28.496] thr=1   paramiko.transport: starting thread (client mode): 0x3cd86d00
DEB [20230123-13:14:28.497] thr=1   paramiko.transport: Local version/idstring: SSH-2.0-paramiko_2.8.1
DEB [20230123-13:14:28.531] thr=1   paramiko.transport: Remote version/idstring: SSH-2.0-paramiko_2.8.1
INF [20230123-13:14:28.531] thr=1   paramiko.transport: Connected (version 2.0, client paramiko_2.8.1)
DEB [20230123-13:14:28.535] thr=1   paramiko.transport: kex algos:['gss-gex-sha1-toWM5Slw5Ew8Mqkay+al2g==', 'gss-group14-sha1-toWM5Slw5Ew8Mqkay+al2g==', 'gss-group1-sha1-toWM5Slw5Ew8Mqkay+al2g==', 'curve25519-sha256@libssh.org', 'ecdh-sha2-nistp256', 'ecdh-sha2-nistp384', 'ecdh-sha2-nistp521', 'diffie-hellman-group16-sha512', 'diffie-hellman-group14-sha256', 'diffie-hellman-group14-sha1', 'diffie-hellman-group1-sha1'] server key:['ssh-rsa'] client encrypt:['aes128-ctr', 'aes192-ctr', 'aes256-ctr', 'aes128-cbc', 'aes192-cbc', 'aes256-cbc', 'blowfish-cbc', '3des-cbc'] server encrypt:['aes128-ctr', 'aes192-ctr', 'aes256-ctr', 'aes128-cbc', 'aes192-cbc', 'aes256-cbc', 'blowfish-cbc', '3des-cbc'] client mac:['hmac-sha2-256', 'hmac-sha2-512', 'hmac-sha2-256-etm@openssh.com', 'hmac-sha2-512-etm@openssh.com', 'hmac-sha1', 'hmac-md5', 'hmac-sha1-96', 'hmac-md5-96'] server mac:['hmac-sha2-256', 'hmac-sha2-512', 'hmac-sha2-256-etm@openssh.com', 'hmac-sha2-512-etm@openssh.com', 'hmac-sha1', 'hmac-md5', 'hmac-sha1-96', 'hmac-md5-96'] client compress:['none'] server compress:['none'] client lang:[''] server lang:[''] kex follows?False
DEB [20230123-13:14:28.536] thr=1   paramiko.transport: Kex agreed: curve25519-sha256@libssh.org
DEB [20230123-13:14:28.536] thr=1   paramiko.transport: HostKey agreed: ssh-rsa
DEB [20230123-13:14:28.536] thr=1   paramiko.transport: Cipher agreed: aes128-ctr
DEB [20230123-13:14:28.536] thr=1   paramiko.transport: MAC agreed: hmac-sha2-256
DEB [20230123-13:14:28.537] thr=1   paramiko.transport: Compression agreed: none
DEB [20230123-13:14:28.548] thr=1   paramiko.transport: kex engine KexCurve25519 specified hash_algo <built-in function openssl_sha256>
DEB [20230123-13:14:28.549] thr=1   paramiko.transport: Switch to new keys ...
DEB [20230123-13:14:32.599] thr=1   paramiko.transport: userauth is OK
DEB [20230123-13:14:48.554] thr=1   paramiko.transport: EOF in transport thread
DEB [20230123-13:17:55.938] thr=1   paramiko.transport: starting thread (client mode): 0xbfc6d00
DEB [20230123-13:17:55.939] thr=1   paramiko.transport: Local version/idstring: SSH-2.0-paramiko_2.8.1
DEB [20230123-13:17:55.975] thr=1   paramiko.transport: Remote version/idstring: SSH-2.0-paramiko_2.8.1
INF [20230123-13:17:55.975] thr=1   paramiko.transport: Connected (version 2.0, client paramiko_2.8.1)
DEB [20230123-13:17:55.980] thr=1   paramiko.transport: kex algos:['gss-gex-sha1-toWM5Slw5Ew8Mqkay+al2g==', 'gss-group14-sha1-toWM5Slw5Ew8Mqkay+al2g==', 'gss-group1-sha1-toWM5Slw5Ew8Mqkay+al2g==', 'curve25519-sha256@libssh.org', 'ecdh-sha2-nistp256', 'ecdh-sha2-nistp384', 'ecdh-sha2-nistp521', 'diffie-hellman-group16-sha512', 'diffie-hellman-group14-sha256', 'diffie-hellman-group14-sha1', 'diffie-hellman-group1-sha1'] server key:['ssh-rsa'] client encrypt:['aes128-ctr', 'aes192-ctr', 'aes256-ctr', 'aes128-cbc', 'aes192-cbc', 'aes256-cbc', 'blowfish-cbc', '3des-cbc'] server encrypt:['aes128-ctr', 'aes192-ctr', 'aes256-ctr', 'aes128-cbc', 'aes192-cbc', 'aes256-cbc', 'blowfish-cbc', '3des-cbc'] client mac:['hmac-sha2-256', 'hmac-sha2-512', 'hmac-sha2-256-etm@openssh.com', 'hmac-sha2-512-etm@openssh.com', 'hmac-sha1', 'hmac-md5', 'hmac-sha1-96', 'hmac-md5-96'] server mac:['hmac-sha2-256', 'hmac-sha2-512', 'hmac-sha2-256-etm@openssh.com', 'hmac-sha2-512-etm@openssh.com', 'hmac-sha1', 'hmac-md5', 'hmac-sha1-96', 'hmac-md5-96'] client compress:['none'] server compress:['none'] client lang:[''] server lang:[''] kex follows?False
DEB [20230123-13:17:55.980] thr=1   paramiko.transport: Kex agreed: curve25519-sha256@libssh.org
DEB [20230123-13:17:55.980] thr=1   paramiko.transport: HostKey agreed: ssh-rsa
DEB [20230123-13:17:55.981] thr=1   paramiko.transport: Cipher agreed: aes128-ctr
DEB [20230123-13:17:55.981] thr=1   paramiko.transport: MAC agreed: hmac-sha2-256
DEB [20230123-13:17:55.981] thr=1   paramiko.transport: Compression agreed: none
DEB [20230123-13:17:55.990] thr=1   paramiko.transport: kex engine KexCurve25519 specified hash_algo <built-in function openssl_sha256>
DEB [20230123-13:17:55.990] thr=1   paramiko.transport: Switch to new keys ...
DEB [20230123-13:17:58.892] thr=1   paramiko.transport: userauth is OK
DEB [20230123-13:17:58.963] thr=1   paramiko.transport: EOF in transport thread
DEB [20230123-13:18:23.771] thr=1   paramiko.transport: starting thread (client mode): 0x5aa66d00
DEB [20230123-13:18:23.772] thr=1   paramiko.transport: Local version/idstring: SSH-2.0-paramiko_2.8.1
DEB [20230123-13:18:23.805] thr=1   paramiko.transport: Remote version/idstring: SSH-2.0-paramiko_2.8.1
INF [20230123-13:18:23.805] thr=1   paramiko.transport: Connected (version 2.0, client paramiko_2.8.1)
DEB [20230123-13:18:23.809] thr=1   paramiko.transport: kex algos:['gss-gex-sha1-toWM5Slw5Ew8Mqkay+al2g==', 'gss-group14-sha1-toWM5Slw5Ew8Mqkay+al2g==', 'gss-group1-sha1-toWM5Slw5Ew8Mqkay+al2g==', 'curve25519-sha256@libssh.org', 'ecdh-sha2-nistp256', 'ecdh-sha2-nistp384', 'ecdh-sha2-nistp521', 'diffie-hellman-group16-sha512', 'diffie-hellman-group14-sha256', 'diffie-hellman-group14-sha1', 'diffie-hellman-group1-sha1'] server key:['ssh-rsa'] client encrypt:['aes128-ctr', 'aes192-ctr', 'aes256-ctr', 'aes128-cbc', 'aes192-cbc', 'aes256-cbc', 'blowfish-cbc', '3des-cbc'] server encrypt:['aes128-ctr', 'aes192-ctr', 'aes256-ctr', 'aes128-cbc', 'aes192-cbc', 'aes256-cbc', 'blowfish-cbc', '3des-cbc'] client mac:['hmac-sha2-256', 'hmac-sha2-512', 'hmac-sha2-256-etm@openssh.com', 'hmac-sha2-512-etm@openssh.com', 'hmac-sha1', 'hmac-md5', 'hmac-sha1-96', 'hmac-md5-96'] server mac:['hmac-sha2-256', 'hmac-sha2-512', 'hmac-sha2-256-etm@openssh.com', 'hmac-sha2-512-etm@openssh.com', 'hmac-sha1', 'hmac-md5', 'hmac-sha1-96', 'hmac-md5-96'] client compress:['none'] server compress:['none'] client lang:[''] server lang:[''] kex follows?False
DEB [20230123-13:18:23.809] thr=1   paramiko.transport: Kex agreed: curve25519-sha256@libssh.org
DEB [20230123-13:18:23.809] thr=1   paramiko.transport: HostKey agreed: ssh-rsa
DEB [20230123-13:18:23.810] thr=1   paramiko.transport: Cipher agreed: aes128-ctr
DEB [20230123-13:18:23.810] thr=1   paramiko.transport: MAC agreed: hmac-sha2-256
DEB [20230123-13:18:23.810] thr=1   paramiko.transport: Compression agreed: none
DEB [20230123-13:18:23.820] thr=1   paramiko.transport: kex engine KexCurve25519 specified hash_algo <built-in function openssl_sha256>
DEB [20230123-13:18:23.820] thr=1   paramiko.transport: Switch to new keys ...
DEB [20230123-13:18:26.468] thr=1   paramiko.transport: userauth is OK
DEB [20230123-13:18:26.523] thr=1   paramiko.transport: EOF in transport thread
DEB [20230123-13:51:48.840] thr=1   paramiko.transport: starting thread (client mode): 0x320e6d00
DEB [20230123-13:51:48.841] thr=1   paramiko.transport: Local version/idstring: SSH-2.0-paramiko_2.8.1
DEB [20230123-13:51:48.865] thr=1   paramiko.transport: Remote version/idstring: SSH-2.0-paramiko_2.8.1
INF [20230123-13:51:48.865] thr=1   paramiko.transport: Connected (version 2.0, client paramiko_2.8.1)
DEB [20230123-13:51:48.867] thr=1   paramiko.transport: kex algos:['gss-gex-sha1-toWM5Slw5Ew8Mqkay+al2g==', 'gss-group14-sha1-toWM5Slw5Ew8Mqkay+al2g==', 'gss-group1-sha1-toWM5Slw5Ew8Mqkay+al2g==', 'curve25519-sha256@libssh.org', 'ecdh-sha2-nistp256', 'ecdh-sha2-nistp384', 'ecdh-sha2-nistp521', 'diffie-hellman-group16-sha512', 'diffie-hellman-group14-sha256', 'diffie-hellman-group14-sha1', 'diffie-hellman-group1-sha1'] server key:['ssh-rsa'] client encrypt:['aes128-ctr', 'aes192-ctr', 'aes256-ctr', 'aes128-cbc', 'aes192-cbc', 'aes256-cbc', 'blowfish-cbc', '3des-cbc'] server encrypt:['aes128-ctr', 'aes192-ctr', 'aes256-ctr', 'aes128-cbc', 'aes192-cbc', 'aes256-cbc', 'blowfish-cbc', '3des-cbc'] client mac:['hmac-sha2-256', 'hmac-sha2-512', 'hmac-sha2-256-etm@openssh.com', 'hmac-sha2-512-etm@openssh.com', 'hmac-sha1', 'hmac-md5', 'hmac-sha1-96', 'hmac-md5-96'] server mac:['hmac-sha2-256', 'hmac-sha2-512', 'hmac-sha2-256-etm@openssh.com', 'hmac-sha2-512-etm@openssh.com', 'hmac-sha1', 'hmac-md5', 'hmac-sha1-96', 'hmac-md5-96'] client compress:['none'] server compress:['none'] client lang:[''] server lang:[''] kex follows?False
DEB [20230123-13:51:48.867] thr=1   paramiko.transport: Kex agreed: curve25519-sha256@libssh.org
DEB [20230123-13:51:48.867] thr=1   paramiko.transport: HostKey agreed: ssh-rsa
DEB [20230123-13:51:48.867] thr=1   paramiko.transport: Cipher agreed: aes128-ctr
DEB [20230123-13:51:48.868] thr=1   paramiko.transport: MAC agreed: hmac-sha2-256
DEB [20230123-13:51:48.868] thr=1   paramiko.transport: Compression agreed: none
DEB [20230123-13:51:48.872] thr=1   paramiko.transport: kex engine KexCurve25519 specified hash_algo <built-in function openssl_sha256>
DEB [20230123-13:51:48.873] thr=1   paramiko.transport: Switch to new keys ...
DEB [20230123-13:51:52.931] thr=1   paramiko.transport: userauth is OK
INF [20230123-13:51:52.944] thr=1   paramiko.transport: Authentication (password) failed.
DEB [20230123-13:51:52.950] thr=1   paramiko.transport: EOF in transport thread
DEB [20230123-13:53:07.950] thr=1   paramiko.transport: starting thread (client mode): 0x288c6d00
DEB [20230123-13:53:07.951] thr=1   paramiko.transport: Local version/idstring: SSH-2.0-paramiko_2.8.1
DEB [20230123-13:53:07.975] thr=1   paramiko.transport: Remote version/idstring: SSH-2.0-paramiko_2.8.1
INF [20230123-13:53:07.975] thr=1   paramiko.transport: Connected (version 2.0, client paramiko_2.8.1)
DEB [20230123-13:53:07.977] thr=1   paramiko.transport: kex algos:['gss-gex-sha1-toWM5Slw5Ew8Mqkay+al2g==', 'gss-group14-sha1-toWM5Slw5Ew8Mqkay+al2g==', 'gss-group1-sha1-toWM5Slw5Ew8Mqkay+al2g==', 'curve25519-sha256@libssh.org', 'ecdh-sha2-nistp256', 'ecdh-sha2-nistp384', 'ecdh-sha2-nistp521', 'diffie-hellman-group16-sha512', 'diffie-hellman-group14-sha256', 'diffie-hellman-group14-sha1', 'diffie-hellman-group1-sha1'] server key:['ssh-rsa'] client encrypt:['aes128-ctr', 'aes192-ctr', 'aes256-ctr', 'aes128-cbc', 'aes192-cbc', 'aes256-cbc', 'blowfish-cbc', '3des-cbc'] server encrypt:['aes128-ctr', 'aes192-ctr', 'aes256-ctr', 'aes128-cbc', 'aes192-cbc', 'aes256-cbc', 'blowfish-cbc', '3des-cbc'] client mac:['hmac-sha2-256', 'hmac-sha2-512', 'hmac-sha2-256-etm@openssh.com', 'hmac-sha2-512-etm@openssh.com', 'hmac-sha1', 'hmac-md5', 'hmac-sha1-96', 'hmac-md5-96'] server mac:['hmac-sha2-256', 'hmac-sha2-512', 'hmac-sha2-256-etm@openssh.com', 'hmac-sha2-512-etm@openssh.com', 'hmac-sha1', 'hmac-md5', 'hmac-sha1-96', 'hmac-md5-96'] client compress:['none'] server compress:['none'] client lang:[''] server lang:[''] kex follows?False
DEB [20230123-13:53:07.978] thr=1   paramiko.transport: Kex agreed: curve25519-sha256@libssh.org
DEB [20230123-13:53:07.978] thr=1   paramiko.transport: HostKey agreed: ssh-rsa
DEB [20230123-13:53:07.978] thr=1   paramiko.transport: Cipher agreed: aes128-ctr
DEB [20230123-13:53:07.978] thr=1   paramiko.transport: MAC agreed: hmac-sha2-256
DEB [20230123-13:53:07.978] thr=1   paramiko.transport: Compression agreed: none
DEB [20230123-13:53:07.983] thr=1   paramiko.transport: kex engine KexCurve25519 specified hash_algo <built-in function openssl_sha256>
DEB [20230123-13:53:07.983] thr=1   paramiko.transport: Switch to new keys ...
DEB [20230123-13:53:07.991] thr=1   paramiko.transport: userauth is OK
INF [20230123-13:53:08.007] thr=1   paramiko.transport: Authentication (password) successful!
DEB [20230123-13:53:08.007] thr=2   paramiko.transport: [chan 0] Max packet in: 32768 bytes
DEB [20230123-13:53:08.009] thr=1   paramiko.transport: [chan 0] Max packet out: 32768 bytes
DEB [20230123-13:53:08.009] thr=1   paramiko.transport: Secsh channel 0 opened.
DEB [20230123-13:53:08.010] thr=1   paramiko.transport: [chan 0] Sesch channel 0 request ok
DEB [20230123-13:53:08.011] thr=1   paramiko.transport: [chan 0] Sesch channel 0 request ok
DEB [20230123-13:53:08.011] thr=2   paramiko.transport: [chan 0] EOF sent (0)
DEB [20230123-13:53:08.012] thr=1   paramiko.transport: EOF in transport thread
DEB [20230123-13:54:25.116] thr=1   paramiko.transport: starting thread (client mode): 0xdd1f6d00
DEB [20230123-13:54:25.117] thr=1   paramiko.transport: Local version/idstring: SSH-2.0-paramiko_2.8.1
DEB [20230123-13:54:25.141] thr=1   paramiko.transport: Remote version/idstring: SSH-2.0-paramiko_2.8.1
INF [20230123-13:54:25.141] thr=1   paramiko.transport: Connected (version 2.0, client paramiko_2.8.1)
DEB [20230123-13:54:25.146] thr=1   paramiko.transport: kex algos:['gss-gex-sha1-toWM5Slw5Ew8Mqkay+al2g==', 'gss-group14-sha1-toWM5Slw5Ew8Mqkay+al2g==', 'gss-group1-sha1-toWM5Slw5Ew8Mqkay+al2g==', 'curve25519-sha256@libssh.org', 'ecdh-sha2-nistp256', 'ecdh-sha2-nistp384', 'ecdh-sha2-nistp521', 'diffie-hellman-group16-sha512', 'diffie-hellman-group14-sha256', 'diffie-hellman-group14-sha1', 'diffie-hellman-group1-sha1'] server key:['ssh-rsa'] client encrypt:['aes128-ctr', 'aes192-ctr', 'aes256-ctr', 'aes128-cbc', 'aes192-cbc', 'aes256-cbc', 'blowfish-cbc', '3des-cbc'] server encrypt:['aes128-ctr', 'aes192-ctr', 'aes256-ctr', 'aes128-cbc', 'aes192-cbc', 'aes256-cbc', 'blowfish-cbc', '3des-cbc'] client mac:['hmac-sha2-256', 'hmac-sha2-512', 'hmac-sha2-256-etm@openssh.com', 'hmac-sha2-512-etm@openssh.com', 'hmac-sha1', 'hmac-md5', 'hmac-sha1-96', 'hmac-md5-96'] server mac:['hmac-sha2-256', 'hmac-sha2-512', 'hmac-sha2-256-etm@openssh.com', 'hmac-sha2-512-etm@openssh.com', 'hmac-sha1', 'hmac-md5', 'hmac-sha1-96', 'hmac-md5-96'] client compress:['none'] server compress:['none'] client lang:[''] server lang:[''] kex follows?False
DEB [20230123-13:54:25.146] thr=1   paramiko.transport: Kex agreed: curve25519-sha256@libssh.org
DEB [20230123-13:54:25.146] thr=1   paramiko.transport: HostKey agreed: ssh-rsa
DEB [20230123-13:54:25.147] thr=1   paramiko.transport: Cipher agreed: aes128-ctr
DEB [20230123-13:54:25.147] thr=1   paramiko.transport: MAC agreed: hmac-sha2-256
DEB [20230123-13:54:25.147] thr=1   paramiko.transport: Compression agreed: none
DEB [20230123-13:54:25.153] thr=1   paramiko.transport: kex engine KexCurve25519 specified hash_algo <built-in function openssl_sha256>
DEB [20230123-13:54:25.218] thr=1   paramiko.transport: Switch to new keys ...
DEB [20230123-13:54:25.226] thr=1   paramiko.transport: userauth is OK
INF [20230123-13:54:25.240] thr=1   paramiko.transport: Authentication (password) successful!
DEB [20230123-13:54:25.241] thr=2   paramiko.transport: [chan 0] Max packet in: 32768 bytes
DEB [20230123-13:54:25.242] thr=1   paramiko.transport: [chan 0] Max packet out: 32768 bytes
DEB [20230123-13:54:25.243] thr=1   paramiko.transport: Secsh channel 0 opened.
DEB [20230123-13:54:25.244] thr=1   paramiko.transport: [chan 0] Sesch channel 0 request ok
DEB [20230123-13:54:25.245] thr=1   paramiko.transport: [chan 0] Sesch channel 0 request ok
DEB [20230123-13:54:25.245] thr=2   paramiko.transport: [chan 0] EOF sent (0)
DEB [20230123-13:54:25.247] thr=1   paramiko.transport: EOF in transport thread
DEB [20230123-14:59:57.717] thr=1   paramiko.transport: starting thread (client mode): 0x23f8f940
DEB [20230123-14:59:57.718] thr=1   paramiko.transport: Local version/idstring: SSH-2.0-paramiko_2.8.1
DEB [20230123-14:59:57.739] thr=1   paramiko.transport: Remote version/idstring: SSH-2.0-paramiko_2.8.1
INF [20230123-14:59:57.739] thr=1   paramiko.transport: Connected (version 2.0, client paramiko_2.8.1)
DEB [20230123-14:59:57.741] thr=1   paramiko.transport: kex algos:['gss-gex-sha1-toWM5Slw5Ew8Mqkay+al2g==', 'gss-group14-sha1-toWM5Slw5Ew8Mqkay+al2g==', 'gss-group1-sha1-toWM5Slw5Ew8Mqkay+al2g==', 'curve25519-sha256@libssh.org', 'ecdh-sha2-nistp256', 'ecdh-sha2-nistp384', 'ecdh-sha2-nistp521', 'diffie-hellman-group16-sha512', 'diffie-hellman-group14-sha256', 'diffie-hellman-group14-sha1', 'diffie-hellman-group1-sha1'] server key:['ssh-rsa'] client encrypt:['aes128-ctr', 'aes192-ctr', 'aes256-ctr', 'aes128-cbc', 'aes192-cbc', 'aes256-cbc', 'blowfish-cbc', '3des-cbc'] server encrypt:['aes128-ctr', 'aes192-ctr', 'aes256-ctr', 'aes128-cbc', 'aes192-cbc', 'aes256-cbc', 'blowfish-cbc', '3des-cbc'] client mac:['hmac-sha2-256', 'hmac-sha2-512', 'hmac-sha2-256-etm@openssh.com', 'hmac-sha2-512-etm@openssh.com', 'hmac-sha1', 'hmac-md5', 'hmac-sha1-96', 'hmac-md5-96'] server mac:['hmac-sha2-256', 'hmac-sha2-512', 'hmac-sha2-256-etm@openssh.com', 'hmac-sha2-512-etm@openssh.com', 'hmac-sha1', 'hmac-md5', 'hmac-sha1-96', 'hmac-md5-96'] client compress:['none'] server compress:['none'] client lang:[''] server lang:[''] kex follows?False
DEB [20230123-14:59:57.741] thr=1   paramiko.transport: Kex agreed: curve25519-sha256@libssh.org
DEB [20230123-14:59:57.741] thr=1   paramiko.transport: HostKey agreed: ssh-rsa
DEB [20230123-14:59:57.742] thr=1   paramiko.transport: Cipher agreed: aes128-ctr
DEB [20230123-14:59:57.742] thr=1   paramiko.transport: MAC agreed: hmac-sha2-256
DEB [20230123-14:59:57.742] thr=1   paramiko.transport: Compression agreed: none
DEB [20230123-14:59:57.746] thr=1   paramiko.transport: kex engine KexCurve25519 specified hash_algo <built-in function openssl_sha256>
DEB [20230123-14:59:57.747] thr=1   paramiko.transport: Switch to new keys ...
DEB [20230123-14:59:57.748] thr=1   paramiko.transport: userauth is OK
INF [20230123-14:59:57.760] thr=1   paramiko.transport: Authentication (password) successful!
DEB [20230123-14:59:57.761] thr=2   paramiko.transport: [chan 0] Max packet in: 32768 bytes
DEB [20230123-14:59:57.762] thr=1   paramiko.transport: [chan 0] Max packet out: 32768 bytes
DEB [20230123-14:59:57.763] thr=1   paramiko.transport: Secsh channel 0 opened.
DEB [20230123-14:59:57.764] thr=1   paramiko.transport: [chan 0] Sesch channel 0 request ok
DEB [20230123-14:59:57.765] thr=1   paramiko.transport: [chan 0] Sesch channel 0 request ok
DEB [20230123-14:59:57.765] thr=2   paramiko.transport: [chan 0] EOF sent (0)
ERR [20230123-14:59:57.766] thr=1   paramiko.transport: Socket exception: An established connection was aborted by the software in your host machine (10053)
DEB [20230123-15:00:17.582] thr=1   paramiko.transport: starting thread (client mode): 0x3075f940
DEB [20230123-15:00:17.583] thr=1   paramiko.transport: Local version/idstring: SSH-2.0-paramiko_2.8.1
DEB [20230123-15:00:17.605] thr=1   paramiko.transport: Remote version/idstring: SSH-2.0-paramiko_2.8.1
INF [20230123-15:00:17.605] thr=1   paramiko.transport: Connected (version 2.0, client paramiko_2.8.1)
DEB [20230123-15:00:17.606] thr=1   paramiko.transport: kex algos:['gss-gex-sha1-toWM5Slw5Ew8Mqkay+al2g==', 'gss-group14-sha1-toWM5Slw5Ew8Mqkay+al2g==', 'gss-group1-sha1-toWM5Slw5Ew8Mqkay+al2g==', 'curve25519-sha256@libssh.org', 'ecdh-sha2-nistp256', 'ecdh-sha2-nistp384', 'ecdh-sha2-nistp521', 'diffie-hellman-group16-sha512', 'diffie-hellman-group14-sha256', 'diffie-hellman-group14-sha1', 'diffie-hellman-group1-sha1'] server key:['ssh-rsa'] client encrypt:['aes128-ctr', 'aes192-ctr', 'aes256-ctr', 'aes128-cbc', 'aes192-cbc', 'aes256-cbc', 'blowfish-cbc', '3des-cbc'] server encrypt:['aes128-ctr', 'aes192-ctr', 'aes256-ctr', 'aes128-cbc', 'aes192-cbc', 'aes256-cbc', 'blowfish-cbc', '3des-cbc'] client mac:['hmac-sha2-256', 'hmac-sha2-512', 'hmac-sha2-256-etm@openssh.com', 'hmac-sha2-512-etm@openssh.com', 'hmac-sha1', 'hmac-md5', 'hmac-sha1-96', 'hmac-md5-96'] server mac:['hmac-sha2-256', 'hmac-sha2-512', 'hmac-sha2-256-etm@openssh.com', 'hmac-sha2-512-etm@openssh.com', 'hmac-sha1', 'hmac-md5', 'hmac-sha1-96', 'hmac-md5-96'] client compress:['none'] server compress:['none'] client lang:[''] server lang:[''] kex follows?False
DEB [20230123-15:00:17.607] thr=1   paramiko.transport: Kex agreed: curve25519-sha256@libssh.org
DEB [20230123-15:00:17.607] thr=1   paramiko.transport: HostKey agreed: ssh-rsa
DEB [20230123-15:00:17.607] thr=1   paramiko.transport: Cipher agreed: aes128-ctr
DEB [20230123-15:00:17.607] thr=1   paramiko.transport: MAC agreed: hmac-sha2-256
DEB [20230123-15:00:17.607] thr=1   paramiko.transport: Compression agreed: none
DEB [20230123-15:00:17.612] thr=1   paramiko.transport: kex engine KexCurve25519 specified hash_algo <built-in function openssl_sha256>
DEB [20230123-15:00:17.613] thr=1   paramiko.transport: Switch to new keys ...
DEB [20230123-15:00:17.615] thr=1   paramiko.transport: userauth is OK
INF [20230123-15:00:17.628] thr=1   paramiko.transport: Authentication (password) successful!
DEB [20230123-15:00:17.628] thr=2   paramiko.transport: [chan 0] Max packet in: 32768 bytes
DEB [20230123-15:00:17.630] thr=1   paramiko.transport: [chan 0] Max packet out: 32768 bytes
DEB [20230123-15:00:17.630] thr=1   paramiko.transport: Secsh channel 0 opened.
DEB [20230123-15:00:17.631] thr=1   paramiko.transport: [chan 0] Sesch channel 0 request ok
DEB [20230123-15:00:17.632] thr=1   paramiko.transport: [chan 0] Sesch channel 0 request ok
DEB [20230123-15:00:17.633] thr=2   paramiko.transport: [chan 0] EOF sent (0)
DEB [20230123-15:00:17.634] thr=1   paramiko.transport: EOF in transport thread
DEB [20230123-15:22:12.139] thr=1   paramiko.transport: starting thread (client mode): 0xbfedf730
DEB [20230123-15:22:12.140] thr=1   paramiko.transport: Local version/idstring: SSH-2.0-paramiko_2.8.1
DEB [20230123-15:22:12.163] thr=1   paramiko.transport: Remote version/idstring: SSH-2.0-paramiko_2.8.1
INF [20230123-15:22:12.163] thr=1   paramiko.transport: Connected (version 2.0, client paramiko_2.8.1)
DEB [20230123-15:22:12.164] thr=1   paramiko.transport: kex algos:['gss-gex-sha1-toWM5Slw5Ew8Mqkay+al2g==', 'gss-group14-sha1-toWM5Slw5Ew8Mqkay+al2g==', 'gss-group1-sha1-toWM5Slw5Ew8Mqkay+al2g==', 'curve25519-sha256@libssh.org', 'ecdh-sha2-nistp256', 'ecdh-sha2-nistp384', 'ecdh-sha2-nistp521', 'diffie-hellman-group16-sha512', 'diffie-hellman-group14-sha256', 'diffie-hellman-group14-sha1', 'diffie-hellman-group1-sha1'] server key:['ssh-rsa'] client encrypt:['aes128-ctr', 'aes192-ctr', 'aes256-ctr', 'aes128-cbc', 'aes192-cbc', 'aes256-cbc', 'blowfish-cbc', '3des-cbc'] server encrypt:['aes128-ctr', 'aes192-ctr', 'aes256-ctr', 'aes128-cbc', 'aes192-cbc', 'aes256-cbc', 'blowfish-cbc', '3des-cbc'] client mac:['hmac-sha2-256', 'hmac-sha2-512', 'hmac-sha2-256-etm@openssh.com', 'hmac-sha2-512-etm@openssh.com', 'hmac-sha1', 'hmac-md5', 'hmac-sha1-96', 'hmac-md5-96'] server mac:['hmac-sha2-256', 'hmac-sha2-512', 'hmac-sha2-256-etm@openssh.com', 'hmac-sha2-512-etm@openssh.com', 'hmac-sha1', 'hmac-md5', 'hmac-sha1-96', 'hmac-md5-96'] client compress:['none'] server compress:['none'] client lang:[''] server lang:[''] kex follows?False
DEB [20230123-15:22:12.165] thr=1   paramiko.transport: Kex agreed: curve25519-sha256@libssh.org
DEB [20230123-15:22:12.165] thr=1   paramiko.transport: HostKey agreed: ssh-rsa
DEB [20230123-15:22:12.165] thr=1   paramiko.transport: Cipher agreed: aes128-ctr
DEB [20230123-15:22:12.165] thr=1   paramiko.transport: MAC agreed: hmac-sha2-256
DEB [20230123-15:22:12.165] thr=1   paramiko.transport: Compression agreed: none
DEB [20230123-15:22:12.169] thr=1   paramiko.transport: kex engine KexCurve25519 specified hash_algo <built-in function openssl_sha256>
DEB [20230123-15:22:12.170] thr=1   paramiko.transport: Switch to new keys ...
DEB [20230123-15:22:12.172] thr=1   paramiko.transport: userauth is OK
INF [20230123-15:22:12.190] thr=1   paramiko.transport: Authentication (password) successful!
DEB [20230123-15:22:12.190] thr=2   paramiko.transport: [chan 0] Max packet in: 32768 bytes
DEB [20230123-15:22:12.192] thr=1   paramiko.transport: [chan 0] Max packet out: 32768 bytes
DEB [20230123-15:22:12.192] thr=1   paramiko.transport: Secsh channel 0 opened.
DEB [20230123-15:22:12.193] thr=1   paramiko.transport: [chan 0] Sesch channel 0 request ok
DEB [20230123-15:22:12.194] thr=1   paramiko.transport: [chan 0] Sesch channel 0 request ok
DEB [20230123-15:22:12.198] thr=1   paramiko.transport: [chan 0] EOF received (0)
DEB [20230123-15:22:12.199] thr=1   paramiko.transport: [chan 0] EOF sent (0)
DEB [20230123-15:22:12.199] thr=1   paramiko.transport: EOF in transport thread
DEB [20230123-15:25:50.939] thr=1   paramiko.transport: starting thread (client mode): 0xc8752eb0
DEB [20230123-15:25:50.941] thr=1   paramiko.transport: Local version/idstring: SSH-2.0-paramiko_2.8.1
DEB [20230123-15:25:50.956] thr=1   paramiko.transport: Remote version/idstring: SSH-2.0-paramiko_2.8.1
INF [20230123-15:25:50.956] thr=1   paramiko.transport: Connected (version 2.0, client paramiko_2.8.1)
DEB [20230123-15:25:50.960] thr=1   paramiko.transport: kex algos:['gss-gex-sha1-toWM5Slw5Ew8Mqkay+al2g==', 'gss-group14-sha1-toWM5Slw5Ew8Mqkay+al2g==', 'gss-group1-sha1-toWM5Slw5Ew8Mqkay+al2g==', 'curve25519-sha256@libssh.org', 'ecdh-sha2-nistp256', 'ecdh-sha2-nistp384', 'ecdh-sha2-nistp521', 'diffie-hellman-group16-sha512', 'diffie-hellman-group14-sha256', 'diffie-hellman-group14-sha1', 'diffie-hellman-group1-sha1'] server key:['ssh-rsa'] client encrypt:['aes128-ctr', 'aes192-ctr', 'aes256-ctr', 'aes128-cbc', 'aes192-cbc', 'aes256-cbc', 'blowfish-cbc', '3des-cbc'] server encrypt:['aes128-ctr', 'aes192-ctr', 'aes256-ctr', 'aes128-cbc', 'aes192-cbc', 'aes256-cbc', 'blowfish-cbc', '3des-cbc'] client mac:['hmac-sha2-256', 'hmac-sha2-512', 'hmac-sha2-256-etm@openssh.com', 'hmac-sha2-512-etm@openssh.com', 'hmac-sha1', 'hmac-md5', 'hmac-sha1-96', 'hmac-md5-96'] server mac:['hmac-sha2-256', 'hmac-sha2-512', 'hmac-sha2-256-etm@openssh.com', 'hmac-sha2-512-etm@openssh.com', 'hmac-sha1', 'hmac-md5', 'hmac-sha1-96', 'hmac-md5-96'] client compress:['none'] server compress:['none'] client lang:[''] server lang:[''] kex follows?False
DEB [20230123-15:25:50.961] thr=1   paramiko.transport: Kex agreed: curve25519-sha256@libssh.org
DEB [20230123-15:25:50.962] thr=1   paramiko.transport: HostKey agreed: ssh-rsa
DEB [20230123-15:25:50.962] thr=1   paramiko.transport: Cipher agreed: aes128-ctr
DEB [20230123-15:25:50.963] thr=1   paramiko.transport: MAC agreed: hmac-sha2-256
DEB [20230123-15:25:50.964] thr=1   paramiko.transport: Compression agreed: none
DEB [20230123-15:25:50.975] thr=1   paramiko.transport: kex engine KexCurve25519 specified hash_algo <built-in function openssl_sha256>
DEB [20230123-15:25:50.976] thr=1   paramiko.transport: Switch to new keys ...
DEB [20230123-15:25:53.920] thr=1   paramiko.transport: userauth is OK
INF [20230123-15:25:53.935] thr=1   paramiko.transport: Authentication (password) successful!
DEB [20230123-15:25:53.935] thr=2   paramiko.transport: [chan 0] Max packet in: 32768 bytes
DEB [20230123-15:25:53.938] thr=1   paramiko.transport: [chan 0] Max packet out: 32768 bytes
DEB [20230123-15:25:53.938] thr=1   paramiko.transport: Secsh channel 0 opened.
DEB [20230123-15:25:53.940] thr=1   paramiko.transport: [chan 0] Sesch channel 0 request ok
DEB [20230123-15:25:53.942] thr=1   paramiko.transport: [chan 0] Sesch channel 0 request ok
DEB [20230123-15:25:53.951] thr=1   paramiko.transport: [chan 0] EOF received (0)
DEB [20230123-15:25:53.953] thr=1   paramiko.transport: [chan 0] EOF sent (0)
DEB [20230123-15:25:53.954] thr=1   paramiko.transport: EOF in transport thread
DEB [20230123-15:27:16.425] thr=1   paramiko.transport: starting thread (client mode): 0x9b238820
DEB [20230123-15:27:16.425] thr=1   paramiko.transport: Local version/idstring: SSH-2.0-paramiko_2.8.1
DEB [20230123-15:27:16.448] thr=1   paramiko.transport: Remote version/idstring: SSH-2.0-paramiko_2.8.1
INF [20230123-15:27:16.448] thr=1   paramiko.transport: Connected (version 2.0, client paramiko_2.8.1)
DEB [20230123-15:27:16.450] thr=1   paramiko.transport: kex algos:['gss-gex-sha1-toWM5Slw5Ew8Mqkay+al2g==', 'gss-group14-sha1-toWM5Slw5Ew8Mqkay+al2g==', 'gss-group1-sha1-toWM5Slw5Ew8Mqkay+al2g==', 'curve25519-sha256@libssh.org', 'ecdh-sha2-nistp256', 'ecdh-sha2-nistp384', 'ecdh-sha2-nistp521', 'diffie-hellman-group16-sha512', 'diffie-hellman-group14-sha256', 'diffie-hellman-group14-sha1', 'diffie-hellman-group1-sha1'] server key:['ssh-rsa'] client encrypt:['aes128-ctr', 'aes192-ctr', 'aes256-ctr', 'aes128-cbc', 'aes192-cbc', 'aes256-cbc', 'blowfish-cbc', '3des-cbc'] server encrypt:['aes128-ctr', 'aes192-ctr', 'aes256-ctr', 'aes128-cbc', 'aes192-cbc', 'aes256-cbc', 'blowfish-cbc', '3des-cbc'] client mac:['hmac-sha2-256', 'hmac-sha2-512', 'hmac-sha2-256-etm@openssh.com', 'hmac-sha2-512-etm@openssh.com', 'hmac-sha1', 'hmac-md5', 'hmac-sha1-96', 'hmac-md5-96'] server mac:['hmac-sha2-256', 'hmac-sha2-512', 'hmac-sha2-256-etm@openssh.com', 'hmac-sha2-512-etm@openssh.com', 'hmac-sha1', 'hmac-md5', 'hmac-sha1-96', 'hmac-md5-96'] client compress:['none'] server compress:['none'] client lang:[''] server lang:[''] kex follows?False
DEB [20230123-15:27:16.451] thr=1   paramiko.transport: Kex agreed: curve25519-sha256@libssh.org
DEB [20230123-15:27:16.451] thr=1   paramiko.transport: HostKey agreed: ssh-rsa
DEB [20230123-15:27:16.451] thr=1   paramiko.transport: Cipher agreed: aes128-ctr
DEB [20230123-15:27:16.451] thr=1   paramiko.transport: MAC agreed: hmac-sha2-256
DEB [20230123-15:27:16.452] thr=1   paramiko.transport: Compression agreed: none
DEB [20230123-15:27:16.457] thr=1   paramiko.transport: kex engine KexCurve25519 specified hash_algo <built-in function openssl_sha256>
DEB [20230123-15:27:16.458] thr=1   paramiko.transport: Switch to new keys ...
DEB [20230123-15:27:16.460] thr=1   paramiko.transport: userauth is OK
INF [20230123-15:27:16.474] thr=1   paramiko.transport: Authentication (password) successful!
DEB [20230123-15:27:16.474] thr=2   paramiko.transport: [chan 0] Max packet in: 32768 bytes
DEB [20230123-15:27:16.476] thr=1   paramiko.transport: [chan 0] Max packet out: 32768 bytes
DEB [20230123-15:27:16.476] thr=1   paramiko.transport: Secsh channel 0 opened.
DEB [20230123-15:27:16.477] thr=1   paramiko.transport: [chan 0] Sesch channel 0 request ok
DEB [20230123-15:27:16.478] thr=1   paramiko.transport: [chan 0] Sesch channel 0 request ok
DEB [20230123-15:27:16.480] thr=1   paramiko.transport: [chan 0] EOF received (0)
DEB [20230123-15:27:16.481] thr=1   paramiko.transport: [chan 0] EOF sent (0)
DEB [20230123-15:27:16.482] thr=1   paramiko.transport: EOF in transport thread
DEB [20230123-15:28:00.303] thr=1   paramiko.transport: starting thread (client mode): 0xbc48f9a0
DEB [20230123-15:28:00.304] thr=1   paramiko.transport: Local version/idstring: SSH-2.0-paramiko_2.8.1
DEB [20230123-15:28:00.329] thr=1   paramiko.transport: Remote version/idstring: SSH-2.0-paramiko_2.8.1
INF [20230123-15:28:00.330] thr=1   paramiko.transport: Connected (version 2.0, client paramiko_2.8.1)
DEB [20230123-15:28:00.332] thr=1   paramiko.transport: kex algos:['gss-gex-sha1-toWM5Slw5Ew8Mqkay+al2g==', 'gss-group14-sha1-toWM5Slw5Ew8Mqkay+al2g==', 'gss-group1-sha1-toWM5Slw5Ew8Mqkay+al2g==', 'curve25519-sha256@libssh.org', 'ecdh-sha2-nistp256', 'ecdh-sha2-nistp384', 'ecdh-sha2-nistp521', 'diffie-hellman-group16-sha512', 'diffie-hellman-group14-sha256', 'diffie-hellman-group14-sha1', 'diffie-hellman-group1-sha1'] server key:['ssh-rsa'] client encrypt:['aes128-ctr', 'aes192-ctr', 'aes256-ctr', 'aes128-cbc', 'aes192-cbc', 'aes256-cbc', 'blowfish-cbc', '3des-cbc'] server encrypt:['aes128-ctr', 'aes192-ctr', 'aes256-ctr', 'aes128-cbc', 'aes192-cbc', 'aes256-cbc', 'blowfish-cbc', '3des-cbc'] client mac:['hmac-sha2-256', 'hmac-sha2-512', 'hmac-sha2-256-etm@openssh.com', 'hmac-sha2-512-etm@openssh.com', 'hmac-sha1', 'hmac-md5', 'hmac-sha1-96', 'hmac-md5-96'] server mac:['hmac-sha2-256', 'hmac-sha2-512', 'hmac-sha2-256-etm@openssh.com', 'hmac-sha2-512-etm@openssh.com', 'hmac-sha1', 'hmac-md5', 'hmac-sha1-96', 'hmac-md5-96'] client compress:['none'] server compress:['none'] client lang:[''] server lang:[''] kex follows?False
DEB [20230123-15:28:00.332] thr=1   paramiko.transport: Kex agreed: curve25519-sha256@libssh.org
DEB [20230123-15:28:00.333] thr=1   paramiko.transport: HostKey agreed: ssh-rsa
DEB [20230123-15:28:00.333] thr=1   paramiko.transport: Cipher agreed: aes128-ctr
DEB [20230123-15:28:00.333] thr=1   paramiko.transport: MAC agreed: hmac-sha2-256
DEB [20230123-15:28:00.333] thr=1   paramiko.transport: Compression agreed: none
DEB [20230123-15:28:00.339] thr=1   paramiko.transport: kex engine KexCurve25519 specified hash_algo <built-in function openssl_sha256>
DEB [20230123-15:28:00.340] thr=1   paramiko.transport: Switch to new keys ...
DEB [20230123-15:28:00.343] thr=1   paramiko.transport: userauth is OK
INF [20230123-15:28:00.364] thr=1   paramiko.transport: Authentication (password) successful!
DEB [20230123-15:28:00.364] thr=2   paramiko.transport: [chan 0] Max packet in: 32768 bytes
DEB [20230123-15:28:00.366] thr=1   paramiko.transport: [chan 0] Max packet out: 32768 bytes
DEB [20230123-15:28:00.366] thr=1   paramiko.transport: Secsh channel 0 opened.
DEB [20230123-15:28:00.367] thr=1   paramiko.transport: [chan 0] Sesch channel 0 request ok
DEB [20230123-15:28:00.369] thr=1   paramiko.transport: [chan 0] Sesch channel 0 request ok
DEB [20230123-15:28:00.371] thr=1   paramiko.transport: [chan 0] EOF received (0)
DEB [20230123-15:28:00.372] thr=1   paramiko.transport: [chan 0] EOF sent (0)
DEB [20230123-15:28:00.373] thr=1   paramiko.transport: EOF in transport thread
DEB [20230123-15:28:52.901] thr=1   paramiko.transport: starting thread (client mode): 0xb23cf9a0
DEB [20230123-15:28:52.902] thr=1   paramiko.transport: Local version/idstring: SSH-2.0-paramiko_2.8.1
DEB [20230123-15:28:52.925] thr=1   paramiko.transport: Remote version/idstring: SSH-2.0-paramiko_2.8.1
INF [20230123-15:28:52.925] thr=1   paramiko.transport: Connected (version 2.0, client paramiko_2.8.1)
DEB [20230123-15:28:52.927] thr=1   paramiko.transport: kex algos:['gss-gex-sha1-toWM5Slw5Ew8Mqkay+al2g==', 'gss-group14-sha1-toWM5Slw5Ew8Mqkay+al2g==', 'gss-group1-sha1-toWM5Slw5Ew8Mqkay+al2g==', 'curve25519-sha256@libssh.org', 'ecdh-sha2-nistp256', 'ecdh-sha2-nistp384', 'ecdh-sha2-nistp521', 'diffie-hellman-group16-sha512', 'diffie-hellman-group14-sha256', 'diffie-hellman-group14-sha1', 'diffie-hellman-group1-sha1'] server key:['ssh-rsa'] client encrypt:['aes128-ctr', 'aes192-ctr', 'aes256-ctr', 'aes128-cbc', 'aes192-cbc', 'aes256-cbc', 'blowfish-cbc', '3des-cbc'] server encrypt:['aes128-ctr', 'aes192-ctr', 'aes256-ctr', 'aes128-cbc', 'aes192-cbc', 'aes256-cbc', 'blowfish-cbc', '3des-cbc'] client mac:['hmac-sha2-256', 'hmac-sha2-512', 'hmac-sha2-256-etm@openssh.com', 'hmac-sha2-512-etm@openssh.com', 'hmac-sha1', 'hmac-md5', 'hmac-sha1-96', 'hmac-md5-96'] server mac:['hmac-sha2-256', 'hmac-sha2-512', 'hmac-sha2-256-etm@openssh.com', 'hmac-sha2-512-etm@openssh.com', 'hmac-sha1', 'hmac-md5', 'hmac-sha1-96', 'hmac-md5-96'] client compress:['none'] server compress:['none'] client lang:[''] server lang:[''] kex follows?False
DEB [20230123-15:28:52.927] thr=1   paramiko.transport: Kex agreed: curve25519-sha256@libssh.org
DEB [20230123-15:28:52.927] thr=1   paramiko.transport: HostKey agreed: ssh-rsa
DEB [20230123-15:28:52.927] thr=1   paramiko.transport: Cipher agreed: aes128-ctr
DEB [20230123-15:28:52.927] thr=1   paramiko.transport: MAC agreed: hmac-sha2-256
DEB [20230123-15:28:52.927] thr=1   paramiko.transport: Compression agreed: none
DEB [20230123-15:28:52.933] thr=1   paramiko.transport: kex engine KexCurve25519 specified hash_algo <built-in function openssl_sha256>
DEB [20230123-15:28:52.934] thr=1   paramiko.transport: Switch to new keys ...
DEB [20230123-15:28:52.936] thr=1   paramiko.transport: userauth is OK
INF [20230123-15:28:52.953] thr=1   paramiko.transport: Authentication (password) successful!
DEB [20230123-15:28:52.954] thr=2   paramiko.transport: [chan 0] Max packet in: 32768 bytes
DEB [20230123-15:28:52.956] thr=1   paramiko.transport: [chan 0] Max packet out: 32768 bytes
DEB [20230123-15:28:52.956] thr=1   paramiko.transport: Secsh channel 0 opened.
DEB [20230123-15:28:52.957] thr=1   paramiko.transport: [chan 0] Sesch channel 0 request ok
DEB [20230123-15:28:52.958] thr=1   paramiko.transport: [chan 0] Sesch channel 0 request ok
DEB [20230123-15:28:59.423] thr=1   paramiko.transport: [chan 0] EOF received (0)
DEB [20230123-15:28:59.423] thr=1   paramiko.transport: [chan 0] EOF sent (0)
DEB [20230123-15:28:59.424] thr=1   paramiko.transport: EOF in transport thread
DEB [20230123-15:37:46.445] thr=1   paramiko.transport: starting thread (client mode): 0x63bcf9a0
DEB [20230123-15:37:46.447] thr=1   paramiko.transport: Local version/idstring: SSH-2.0-paramiko_2.8.1
ERR [20230123-15:37:46.515] thr=1   paramiko.transport: Exception: Error reading SSH protocol banner[WinError 10054] An existing connection was forcibly closed by the remote host
ERR [20230123-15:37:46.594] thr=1   paramiko.transport: Traceback (most recent call last):
ERR [20230123-15:37:46.594] thr=1   paramiko.transport:   File "C:\Users\Mahdi\anaconda3\lib\site-packages\paramiko\transport.py", line 2211, in _check_banner
ERR [20230123-15:37:46.595] thr=1   paramiko.transport:     buf = self.packetizer.readline(timeout)
ERR [20230123-15:37:46.595] thr=1   paramiko.transport:   File "C:\Users\Mahdi\anaconda3\lib\site-packages\paramiko\packet.py", line 380, in readline
ERR [20230123-15:37:46.595] thr=1   paramiko.transport:     buf += self._read_timeout(timeout)
ERR [20230123-15:37:46.595] thr=1   paramiko.transport:   File "C:\Users\Mahdi\anaconda3\lib\site-packages\paramiko\packet.py", line 607, in _read_timeout
ERR [20230123-15:37:46.595] thr=1   paramiko.transport:     x = self.__socket.recv(128)
ERR [20230123-15:37:46.595] thr=1   paramiko.transport: ConnectionResetError: [WinError 10054] An existing connection was forcibly closed by the remote host
ERR [20230123-15:37:46.596] thr=1   paramiko.transport: 
ERR [20230123-15:37:46.596] thr=1   paramiko.transport: During handling of the above exception, another exception occurred:
ERR [20230123-15:37:46.596] thr=1   paramiko.transport: 
ERR [20230123-15:37:46.596] thr=1   paramiko.transport: Traceback (most recent call last):
ERR [20230123-15:37:46.596] thr=1   paramiko.transport:   File "C:\Users\Mahdi\anaconda3\lib\site-packages\paramiko\transport.py", line 2039, in run
ERR [20230123-15:37:46.596] thr=1   paramiko.transport:     self._check_banner()
ERR [20230123-15:37:46.597] thr=1   paramiko.transport:   File "C:\Users\Mahdi\anaconda3\lib\site-packages\paramiko\transport.py", line 2215, in _check_banner
ERR [20230123-15:37:46.597] thr=1   paramiko.transport:     raise SSHException(
ERR [20230123-15:37:46.598] thr=1   paramiko.transport: paramiko.ssh_exception.SSHException: Error reading SSH protocol banner[WinError 10054] An existing connection was forcibly closed by the remote host
ERR [20230123-15:37:46.598] thr=1   paramiko.transport: 
DEB [20230123-15:38:14.319] thr=1   paramiko.transport: starting thread (client mode): 0xba7cf9a0
DEB [20230123-15:38:14.320] thr=1   paramiko.transport: Local version/idstring: SSH-2.0-paramiko_2.8.1
DEB [20230123-15:38:14.346] thr=1   paramiko.transport: Remote version/idstring: SSH-2.0-paramiko_2.8.1
INF [20230123-15:38:14.347] thr=1   paramiko.transport: Connected (version 2.0, client paramiko_2.8.1)
DEB [20230123-15:38:14.349] thr=1   paramiko.transport: kex algos:['gss-gex-sha1-toWM5Slw5Ew8Mqkay+al2g==', 'gss-group14-sha1-toWM5Slw5Ew8Mqkay+al2g==', 'gss-group1-sha1-toWM5Slw5Ew8Mqkay+al2g==', 'curve25519-sha256@libssh.org', 'ecdh-sha2-nistp256', 'ecdh-sha2-nistp384', 'ecdh-sha2-nistp521', 'diffie-hellman-group16-sha512', 'diffie-hellman-group14-sha256', 'diffie-hellman-group14-sha1', 'diffie-hellman-group1-sha1'] server key:['ssh-rsa'] client encrypt:['aes128-ctr', 'aes192-ctr', 'aes256-ctr', 'aes128-cbc', 'aes192-cbc', 'aes256-cbc', 'blowfish-cbc', '3des-cbc'] server encrypt:['aes128-ctr', 'aes192-ctr', 'aes256-ctr', 'aes128-cbc', 'aes192-cbc', 'aes256-cbc', 'blowfish-cbc', '3des-cbc'] client mac:['hmac-sha2-256', 'hmac-sha2-512', 'hmac-sha2-256-etm@openssh.com', 'hmac-sha2-512-etm@openssh.com', 'hmac-sha1', 'hmac-md5', 'hmac-sha1-96', 'hmac-md5-96'] server mac:['hmac-sha2-256', 'hmac-sha2-512', 'hmac-sha2-256-etm@openssh.com', 'hmac-sha2-512-etm@openssh.com', 'hmac-sha1', 'hmac-md5', 'hmac-sha1-96', 'hmac-md5-96'] client compress:['none'] server compress:['none'] client lang:[''] server lang:[''] kex follows?False
DEB [20230123-15:38:14.350] thr=1   paramiko.transport: Kex agreed: curve25519-sha256@libssh.org
DEB [20230123-15:38:14.350] thr=1   paramiko.transport: HostKey agreed: ssh-rsa
DEB [20230123-15:38:14.350] thr=1   paramiko.transport: Cipher agreed: aes128-ctr
DEB [20230123-15:38:14.350] thr=1   paramiko.transport: MAC agreed: hmac-sha2-256
DEB [20230123-15:38:14.350] thr=1   paramiko.transport: Compression agreed: none
DEB [20230123-15:38:14.355] thr=1   paramiko.transport: kex engine KexCurve25519 specified hash_algo <built-in function openssl_sha256>
DEB [20230123-15:38:14.356] thr=1   paramiko.transport: Switch to new keys ...
DEB [20230123-15:38:14.358] thr=1   paramiko.transport: userauth is OK
INF [20230123-15:38:14.373] thr=1   paramiko.transport: Authentication (password) successful!
DEB [20230123-15:38:14.374] thr=2   paramiko.transport: [chan 0] Max packet in: 32768 bytes
DEB [20230123-15:38:14.376] thr=1   paramiko.transport: [chan 0] Max packet out: 32768 bytes
DEB [20230123-15:38:14.377] thr=1   paramiko.transport: Secsh channel 0 opened.
DEB [20230123-15:38:14.378] thr=1   paramiko.transport: [chan 0] Sesch channel 0 request ok
DEB [20230123-15:38:14.379] thr=1   paramiko.transport: [chan 0] Sesch channel 0 request ok
DEB [20230123-15:38:19.613] thr=1   paramiko.transport: [chan 0] EOF received (0)
DEB [20230123-15:38:19.614] thr=1   paramiko.transport: [chan 0] EOF sent (0)
DEB [20230123-15:38:27.879] thr=1   paramiko.transport: EOF in transport thread
DEB [20230123-15:43:21.933] thr=1   paramiko.transport: starting thread (client mode): 0xc994f9a0
DEB [20230123-15:43:21.934] thr=1   paramiko.transport: Local version/idstring: SSH-2.0-paramiko_2.8.1
DEB [20230123-15:43:21.962] thr=1   paramiko.transport: Remote version/idstring: SSH-2.0-paramiko_2.8.1
INF [20230123-15:43:21.962] thr=1   paramiko.transport: Connected (version 2.0, client paramiko_2.8.1)
DEB [20230123-15:43:21.964] thr=1   paramiko.transport: kex algos:['gss-gex-sha1-toWM5Slw5Ew8Mqkay+al2g==', 'gss-group14-sha1-toWM5Slw5Ew8Mqkay+al2g==', 'gss-group1-sha1-toWM5Slw5Ew8Mqkay+al2g==', 'curve25519-sha256@libssh.org', 'ecdh-sha2-nistp256', 'ecdh-sha2-nistp384', 'ecdh-sha2-nistp521', 'diffie-hellman-group16-sha512', 'diffie-hellman-group14-sha256', 'diffie-hellman-group14-sha1', 'diffie-hellman-group1-sha1'] server key:['ssh-rsa'] client encrypt:['aes128-ctr', 'aes192-ctr', 'aes256-ctr', 'aes128-cbc', 'aes192-cbc', 'aes256-cbc', 'blowfish-cbc', '3des-cbc'] server encrypt:['aes128-ctr', 'aes192-ctr', 'aes256-ctr', 'aes128-cbc', 'aes192-cbc', 'aes256-cbc', 'blowfish-cbc', '3des-cbc'] client mac:['hmac-sha2-256', 'hmac-sha2-512', 'hmac-sha2-256-etm@openssh.com', 'hmac-sha2-512-etm@openssh.com', 'hmac-sha1', 'hmac-md5', 'hmac-sha1-96', 'hmac-md5-96'] server mac:['hmac-sha2-256', 'hmac-sha2-512', 'hmac-sha2-256-etm@openssh.com', 'hmac-sha2-512-etm@openssh.com', 'hmac-sha1', 'hmac-md5', 'hmac-sha1-96', 'hmac-md5-96'] client compress:['none'] server compress:['none'] client lang:[''] server lang:[''] kex follows?False
DEB [20230123-15:43:21.965] thr=1   paramiko.transport: Kex agreed: curve25519-sha256@libssh.org
DEB [20230123-15:43:21.965] thr=1   paramiko.transport: HostKey agreed: ssh-rsa
DEB [20230123-15:43:21.965] thr=1   paramiko.transport: Cipher agreed: aes128-ctr
DEB [20230123-15:43:21.965] thr=1   paramiko.transport: MAC agreed: hmac-sha2-256
DEB [20230123-15:43:21.966] thr=1   paramiko.transport: Compression agreed: none
DEB [20230123-15:43:21.970] thr=1   paramiko.transport: kex engine KexCurve25519 specified hash_algo <built-in function openssl_sha256>
DEB [20230123-15:43:21.971] thr=1   paramiko.transport: Switch to new keys ...
DEB [20230123-15:43:21.973] thr=1   paramiko.transport: userauth is OK
INF [20230123-15:43:21.990] thr=1   paramiko.transport: Authentication (password) successful!
DEB [20230123-15:43:21.990] thr=2   paramiko.transport: [chan 0] Max packet in: 32768 bytes
DEB [20230123-15:43:21.992] thr=1   paramiko.transport: [chan 0] Max packet out: 32768 bytes
DEB [20230123-15:43:21.992] thr=1   paramiko.transport: Secsh channel 0 opened.
DEB [20230123-15:43:21.993] thr=1   paramiko.transport: [chan 0] Sesch channel 0 request ok
DEB [20230123-15:43:21.994] thr=1   paramiko.transport: [chan 0] Sesch channel 0 request ok
DEB [20230123-15:43:25.267] thr=1   paramiko.transport: [chan 0] EOF received (0)
DEB [20230123-15:43:25.267] thr=1   paramiko.transport: [chan 0] EOF sent (0)
DEB [20230123-15:43:29.666] thr=1   paramiko.transport: EOF in transport thread
DEB [20230123-15:44:27.402] thr=1   paramiko.transport: starting thread (client mode): 0xa7f2f9a0
DEB [20230123-15:44:27.403] thr=1   paramiko.transport: Local version/idstring: SSH-2.0-paramiko_2.8.1
DEB [20230123-15:44:27.428] thr=1   paramiko.transport: Remote version/idstring: SSH-2.0-paramiko_2.8.1
INF [20230123-15:44:27.428] thr=1   paramiko.transport: Connected (version 2.0, client paramiko_2.8.1)
DEB [20230123-15:44:27.430] thr=1   paramiko.transport: kex algos:['gss-gex-sha1-toWM5Slw5Ew8Mqkay+al2g==', 'gss-group14-sha1-toWM5Slw5Ew8Mqkay+al2g==', 'gss-group1-sha1-toWM5Slw5Ew8Mqkay+al2g==', 'curve25519-sha256@libssh.org', 'ecdh-sha2-nistp256', 'ecdh-sha2-nistp384', 'ecdh-sha2-nistp521', 'diffie-hellman-group16-sha512', 'diffie-hellman-group14-sha256', 'diffie-hellman-group14-sha1', 'diffie-hellman-group1-sha1'] server key:['ssh-rsa'] client encrypt:['aes128-ctr', 'aes192-ctr', 'aes256-ctr', 'aes128-cbc', 'aes192-cbc', 'aes256-cbc', 'blowfish-cbc', '3des-cbc'] server encrypt:['aes128-ctr', 'aes192-ctr', 'aes256-ctr', 'aes128-cbc', 'aes192-cbc', 'aes256-cbc', 'blowfish-cbc', '3des-cbc'] client mac:['hmac-sha2-256', 'hmac-sha2-512', 'hmac-sha2-256-etm@openssh.com', 'hmac-sha2-512-etm@openssh.com', 'hmac-sha1', 'hmac-md5', 'hmac-sha1-96', 'hmac-md5-96'] server mac:['hmac-sha2-256', 'hmac-sha2-512', 'hmac-sha2-256-etm@openssh.com', 'hmac-sha2-512-etm@openssh.com', 'hmac-sha1', 'hmac-md5', 'hmac-sha1-96', 'hmac-md5-96'] client compress:['none'] server compress:['none'] client lang:[''] server lang:[''] kex follows?False
DEB [20230123-15:44:27.430] thr=1   paramiko.transport: Kex agreed: curve25519-sha256@libssh.org
DEB [20230123-15:44:27.430] thr=1   paramiko.transport: HostKey agreed: ssh-rsa
DEB [20230123-15:44:27.430] thr=1   paramiko.transport: Cipher agreed: aes128-ctr
DEB [20230123-15:44:27.431] thr=1   paramiko.transport: MAC agreed: hmac-sha2-256
DEB [20230123-15:44:27.431] thr=1   paramiko.transport: Compression agreed: none
DEB [20230123-15:44:27.436] thr=1   paramiko.transport: kex engine KexCurve25519 specified hash_algo <built-in function openssl_sha256>
DEB [20230123-15:44:27.437] thr=1   paramiko.transport: Switch to new keys ...
DEB [20230123-15:44:27.439] thr=1   paramiko.transport: userauth is OK
INF [20230123-15:44:27.455] thr=1   paramiko.transport: Authentication (password) successful!
DEB [20230123-15:44:27.455] thr=2   paramiko.transport: [chan 0] Max packet in: 32768 bytes
DEB [20230123-15:44:27.457] thr=1   paramiko.transport: [chan 0] Max packet out: 32768 bytes
DEB [20230123-15:44:27.457] thr=1   paramiko.transport: Secsh channel 0 opened.
DEB [20230123-15:44:27.458] thr=1   paramiko.transport: [chan 0] Sesch channel 0 request ok
DEB [20230123-15:44:27.459] thr=1   paramiko.transport: [chan 0] Sesch channel 0 request ok
DEB [20230123-15:45:55.095] thr=1   paramiko.transport: starting thread (client mode): 0xf439f9a0
DEB [20230123-15:45:55.096] thr=1   paramiko.transport: Local version/idstring: SSH-2.0-paramiko_2.8.1
DEB [20230123-15:45:55.122] thr=1   paramiko.transport: Remote version/idstring: SSH-2.0-paramiko_2.8.1
INF [20230123-15:45:55.123] thr=1   paramiko.transport: Connected (version 2.0, client paramiko_2.8.1)
DEB [20230123-15:45:55.124] thr=1   paramiko.transport: kex algos:['gss-gex-sha1-toWM5Slw5Ew8Mqkay+al2g==', 'gss-group14-sha1-toWM5Slw5Ew8Mqkay+al2g==', 'gss-group1-sha1-toWM5Slw5Ew8Mqkay+al2g==', 'curve25519-sha256@libssh.org', 'ecdh-sha2-nistp256', 'ecdh-sha2-nistp384', 'ecdh-sha2-nistp521', 'diffie-hellman-group16-sha512', 'diffie-hellman-group14-sha256', 'diffie-hellman-group14-sha1', 'diffie-hellman-group1-sha1'] server key:['ssh-rsa'] client encrypt:['aes128-ctr', 'aes192-ctr', 'aes256-ctr', 'aes128-cbc', 'aes192-cbc', 'aes256-cbc', 'blowfish-cbc', '3des-cbc'] server encrypt:['aes128-ctr', 'aes192-ctr', 'aes256-ctr', 'aes128-cbc', 'aes192-cbc', 'aes256-cbc', 'blowfish-cbc', '3des-cbc'] client mac:['hmac-sha2-256', 'hmac-sha2-512', 'hmac-sha2-256-etm@openssh.com', 'hmac-sha2-512-etm@openssh.com', 'hmac-sha1', 'hmac-md5', 'hmac-sha1-96', 'hmac-md5-96'] server mac:['hmac-sha2-256', 'hmac-sha2-512', 'hmac-sha2-256-etm@openssh.com', 'hmac-sha2-512-etm@openssh.com', 'hmac-sha1', 'hmac-md5', 'hmac-sha1-96', 'hmac-md5-96'] client compress:['none'] server compress:['none'] client lang:[''] server lang:[''] kex follows?False
DEB [20230123-15:45:55.125] thr=1   paramiko.transport: Kex agreed: curve25519-sha256@libssh.org
DEB [20230123-15:45:55.125] thr=1   paramiko.transport: HostKey agreed: ssh-rsa
DEB [20230123-15:45:55.125] thr=1   paramiko.transport: Cipher agreed: aes128-ctr
DEB [20230123-15:45:55.125] thr=1   paramiko.transport: MAC agreed: hmac-sha2-256
DEB [20230123-15:45:55.126] thr=1   paramiko.transport: Compression agreed: none
DEB [20230123-15:45:55.130] thr=1   paramiko.transport: kex engine KexCurve25519 specified hash_algo <built-in function openssl_sha256>
DEB [20230123-15:45:55.131] thr=1   paramiko.transport: Switch to new keys ...
DEB [20230123-15:45:55.133] thr=1   paramiko.transport: userauth is OK
INF [20230123-15:45:55.147] thr=1   paramiko.transport: Authentication (password) successful!
DEB [20230123-15:45:55.148] thr=2   paramiko.transport: [chan 0] Max packet in: 32768 bytes
DEB [20230123-15:45:55.149] thr=1   paramiko.transport: [chan 0] Max packet out: 32768 bytes
DEB [20230123-15:45:55.149] thr=1   paramiko.transport: Secsh channel 0 opened.
DEB [20230123-15:45:55.150] thr=1   paramiko.transport: [chan 0] Sesch channel 0 request ok
DEB [20230123-15:45:55.151] thr=1   paramiko.transport: [chan 0] Sesch channel 0 request ok
ERR [20230123-15:46:13.017] thr=1   paramiko.transport: Socket exception: An existing connection was forcibly closed by the remote host (10054)
